Unity Editor version:    2021.3.8f1 (b30333d56e81)
Branch:                  2021.3/staging
Build type:              Release
Batch mode:              YES
macOS version:           Version 12.3.1 (Build 21E258)
Darwin version:          21.4.0
Architecture:            x86_64
Running under Rosetta:   YES
Available memory:        16384 MB
Using pre-set license
Pro License: YES

COMMAND LINE ARGUMENTS:
/Applications/Unity/Hub/Editor/2021.3.8f1/Unity.app/Contents/MacOS/Unity
-adb2
-batchMode
-noUpm
-name
AssetImportWorker6
-projectPath
/Users/limchuljoon/Desktop/-/unity
-logFile
Logs/AssetImportWorker6.log
-srvPort
55365
Successfully changed project path to: /Users/limchuljoon/Desktop/-/unity
/Users/limchuljoon/Desktop/-/unity
[UnityMemory] Configuration Parameters - Can be set up in boot.config
    "memorysetup-bucket-allocator-granularity=16"
    "memorysetup-bucket-allocator-bucket-count=8"
    "memorysetup-bucket-allocator-block-size=33554432"
    "memorysetup-bucket-allocator-block-count=8"
    "memorysetup-main-allocator-block-size=16777216"
    "memorysetup-thread-allocator-block-size=16777216"
    "memorysetup-gfx-main-allocator-block-size=16777216"
    "memorysetup-gfx-thread-allocator-block-size=16777216"
    "memorysetup-cache-allocator-block-size=4194304"
    "memorysetup-typetree-allocator-block-size=2097152"
    "memorysetup-profiler-bucket-allocator-granularity=16"
    "memorysetup-profiler-bucket-allocator-bucket-count=8"
    "memorysetup-profiler-bucket-allocator-block-size=33554432"
    "memorysetup-profiler-bucket-allocator-block-count=8"
    "memorysetup-profiler-allocator-block-size=16777216"
    "memorysetup-profiler-editor-allocator-block-size=1048576"
    "memorysetup-temp-allocator-size-main=16777216"
    "memorysetup-job-temp-allocator-block-size=2097152"
    "memorysetup-job-temp-allocator-block-size-background=1048576"
    "memorysetup-job-temp-allocator-reduction-small-platforms=262144"
    "memorysetup-temp-allocator-size-background-worker=32768"
    "memorysetup-temp-allocator-size-job-worker=262144"
    "memorysetup-temp-allocator-size-preload-manager=33554432"
    "memorysetup-temp-allocator-size-nav-mesh-worker=65536"
    "memorysetup-temp-allocator-size-audio-worker=65536"
    "memorysetup-temp-allocator-size-cloud-worker=32768"
    "memorysetup-temp-allocator-size-gi-baking-worker=262144"
    "memorysetup-temp-allocator-size-gfx=262144"
Refreshing native plugins compatible for Editor in 41.58 ms, found 3 plugins.
Preloading 0 native plugins for Editor in 0.00 ms.
Initialize engine version: 2021.3.8f1 (b30333d56e81)
[Subsystems] Discovering subsystems at path /Applications/Unity/Hub/Editor/2021.3.8f1/Unity.app/Contents/Resources/UnitySubsystems
[Subsystems] Discovering subsystems at path /Users/limchuljoon/Desktop/-/unity/Assets
GfxDevice: creating device client; threaded=0; jobified=0
 preferred device: Apple M1 (high power)
Metal devices available: 1
0: Apple M1 (high power)
Using device Apple M1 (high power)
Initializing Metal device caps: Apple M1
Initialize mono
Mono path[0] = '/Applications/Unity/Hub/Editor/2021.3.8f1/Unity.app/Contents/Managed'
Mono path[1] = '/Applications/Unity/Hub/Editor/2021.3.8f1/Unity.app/Contents/MonoBleedingEdge/lib/mono/unityjit-macos'
Mono config path = '/Applications/Unity/Hub/Editor/2021.3.8f1/Unity.app/Contents/MonoBleedingEdge/etc'
Using monoOptions --debugger-agent=transport=dt_socket,embedding=1,server=y,suspend=n,address=127.0.0.1:56286
Begin MonoManager ReloadAssembly
Registering precompiled unity dll's ...
Register platform support module: /Applications/Unity/Hub/Editor/2021.3.8f1/Unity.app/Contents/PlaybackEngines/MacStandaloneSupport/UnityEditor.OSXStandalone.Extensions.dll
Register platform support module: /Applications/Unity/Hub/Editor/2021.3.8f1/PlaybackEngines/AndroidPlayer/UnityEditor.Android.Extensions.dll
Register platform support module: /Applications/Unity/Hub/Editor/2021.3.8f1/PlaybackEngines/iOSSupport/UnityEditor.iOS.Extensions.dll
Registered in 0.000739 seconds.
[usbmuxd] Start listen thread
[usbmuxd] Listen thread started
[usbmuxd] Send listen message
Native extension for iOS target not found
Native extension for Android target not found
Native extension for OSXStandalone target not found
Refreshing native plugins compatible for Editor in 43.64 ms, found 3 plugins.
Preloading 0 native plugins for Editor in 0.00 ms.
Mono: successfully reloaded assembly
- Completed reload, in  1.427 seconds
Domain Reload Profiling:
	ReloadAssembly (1428ms)
		BeginReloadAssembly (119ms)
			ExecutionOrderSort (0ms)
			DisableScriptedObjects (0ms)
			BackupInstance (0ms)
			ReleaseScriptingObjects (0ms)
			CreateAndSetChildDomain (2ms)
		EndReloadAssembly (1087ms)
			LoadAssemblies (117ms)
			RebuildTransferFunctionScriptingTraits (0ms)
			SetupTypeCache (157ms)
			ReleaseScriptCaches (0ms)
			RebuildScriptCaches (33ms)
			SetupLoadedEditorAssemblies (761ms)
				LogAssemblyErrors (0ms)
				InitializePlatformSupportModulesInManaged (203ms)
				SetLoadedEditorAssemblies (1ms)
				RefreshPlugins (44ms)
				BeforeProcessingInitializeOnLoad (3ms)
				ProcessInitializeOnLoadAttributes (346ms)
				ProcessInitializeOnLoadMethodAttributes (165ms)
				AfterProcessingInitializeOnLoad (0ms)
				EditorAssembliesLoaded (0ms)
			ExecutionOrderSort2 (0ms)
			AwakeInstancesAfterBackupRestoration (0ms)
Platform modules already initialized, skipping
Registering precompiled user dll's ...
Registered in 0.001497 seconds.
Begin MonoManager ReloadAssembly
Native extension for iOS target not found
Native extension for Android target not found
Native extension for OSXStandalone target not found
Refreshing native plugins compatible for Editor in 43.50 ms, found 3 plugins.
Preloading 0 native plugins for Editor in 0.00 ms.
Mono: successfully reloaded assembly
- Completed reload, in  2.221 seconds
Domain Reload Profiling:
	ReloadAssembly (2224ms)
		BeginReloadAssembly (224ms)
			ExecutionOrderSort (0ms)
			DisableScriptedObjects (35ms)
			BackupInstance (0ms)
			ReleaseScriptingObjects (0ms)
			CreateAndSetChildDomain (28ms)
		EndReloadAssembly (1724ms)
			LoadAssemblies (107ms)
			RebuildTransferFunctionScriptingTraits (0ms)
			SetupTypeCache (248ms)
			ReleaseScriptCaches (1ms)
			RebuildScriptCaches (55ms)
			SetupLoadedEditorAssemblies (1116ms)
				LogAssemblyErrors (0ms)
				InitializePlatformSupportModulesInManaged (62ms)
				SetLoadedEditorAssemblies (1ms)
				RefreshPlugins (44ms)
				BeforeProcessingInitializeOnLoad (111ms)
				ProcessInitializeOnLoadAttributes (765ms)
				ProcessInitializeOnLoadMethodAttributes (133ms)
				AfterProcessingInitializeOnLoad (1ms)
				EditorAssembliesLoaded (0ms)
			ExecutionOrderSort2 (0ms)
			AwakeInstancesAfterBackupRestoration (10ms)
Platform modules already initialized, skipping
========================================================================
Worker process is ready to serve import requests
Launching external process: /Applications/Unity/Hub/Editor/2021.3.8f1/Unity.app/Contents/Tools/UnityShaderCompiler
Launched and connected shader compiler UnityShaderCompiler after 0.06 seconds
Refreshing native plugins compatible for Editor in 0.48 ms, found 3 plugins.
Preloading 0 native plugins for Editor in 0.00 ms.
Unloading 2495 Unused Serialized files (Serialized files now loaded: 0)
Unloading 33 unused Assets / (43.6 KB). Loaded Objects now: 2979.
Memory consumption went from 229.1 MB to 229.1 MB.
Total: 2.856125 ms (FindLiveObjects: 0.125667 ms CreateObjectMapping: 0.054000 ms MarkObjects: 2.584833 ms  DeleteObjects: 0.090667 ms)

AssetImportParameters requested are different than current active one (requested -> active):
  custom:video-decoder-ogg-theora: a1e56fd34408186e4bbccfd4996cb3dc -> 
  custom:container-muxer-webm: aa71ff27fc2769a1b78a27578f13a17b -> 
  custom:container-demuxer-webm: 4f35f7cbe854078d1ac9338744f61a02 -> 
  custom:video-encoder-webm-vp8: eb34c28f22e8b96e1ab97ce403110664 -> 
  custom:framework-osx-AVFoundation: e770b220cccbd017edd2c1fefb359320 -> 
  custom:audio-encoder-webm-vorbis: bf7c407c2cedff20999df2af8eb42d56 -> 
  custom:container-demuxer-ogg: 62fdf1f143b41e24485cea50d1cbac27 -> 
  custom:video-decoder-webm-vp8: 9c59270c3fd7afecdb556c50c9e8de78 -> 
  custom:audio-decoder-ogg-vorbis: bf7c407c2cedff20999df2af8eb42d56 -> 
========================================================================
Received Import Request.
  Time since last request: 254835.009888 seconds.
  path: Assets/Character/run/run_15.png
  artifactKey: Guid(c5f84fd4d3abf4ef88750c82de54d8e9) Importer(815301076,1909f56bfc062723c751e8b465ee728b)
Start importing Assets/Character/run/run_15.png using Guid(c5f84fd4d3abf4ef88750c82de54d8e9) Importer(815301076,1909f56bfc062723c751e8b465ee728b)  -> (artifact id: '9fc6c9e13b25cd17448b44ba2753a719') in 0.263253 seconds 
========================================================================
Received Import Request.
  Time since last request: 4.378748 seconds.
  path: Assets/Character/run/run_06.png
  artifactKey: Guid(4025ab6d415634ad2bc54a0b91f301c8) Importer(815301076,1909f56bfc062723c751e8b465ee728b)
Start importing Assets/Character/run/run_06.png using Guid(4025ab6d415634ad2bc54a0b91f301c8) Importer(815301076,1909f56bfc062723c751e8b465ee728b)  -> (artifact id: 'b0c0e495edb005057eca2b32276210cc') in 0.026339 seconds 
========================================================================
Received Import Request.
  Time since last request: 0.001983 seconds.
  path: Assets/Character/run/run_03.png
  artifactKey: Guid(10960a783657f4c45bcc571822d7e390) Importer(815301076,1909f56bfc062723c751e8b465ee728b)
Start importing Assets/Character/run/run_03.png using Guid(10960a783657f4c45bcc571822d7e390) Importer(815301076,1909f56bfc062723c751e8b465ee728b)  -> (artifact id: 'f9b94df16e7b4d163368060ec85c018c') in 0.021717 seconds 
========================================================================
Received Import Request.
  Time since last request: 21.465385 seconds.
  path: Assets/Character/dead/dead_02.png
  artifactKey: Guid(4d59dbfac5f4e47cd9185c83ed19286d) Importer(815301076,1909f56bfc062723c751e8b465ee728b)
Start importing Assets/Character/dead/dead_02.png using Guid(4d59dbfac5f4e47cd9185c83ed19286d) Importer(815301076,1909f56bfc062723c751e8b465ee728b)  -> (artifact id: 'dd9784d6ebc3c468fb3746691533b5c5') in 0.021200 seconds 
========================================================================
Received Import Request.
  Time since last request: 0.000235 seconds.
  path: Assets/Character/dead/dead_09.png
  artifactKey: Guid(9ab55c05428ae43db8c3e0267973181f) Importer(815301076,1909f56bfc062723c751e8b465ee728b)
Start importing Assets/Character/dead/dead_09.png using Guid(9ab55c05428ae43db8c3e0267973181f) Importer(815301076,1909f56bfc062723c751e8b465ee728b)  -> (artifact id: 'f37b442765ad4483191253b26c3f8e28') in 0.011049 seconds 
========================================================================
Received Import Request.
  Time since last request: 23.412793 seconds.
  path: Assets/Character/walk/walk_15.png
  artifactKey: Guid(ff687199ab9b948388b820c2989c2c0c) Importer(815301076,1909f56bfc062723c751e8b465ee728b)
Start importing Assets/Character/walk/walk_15.png using Guid(ff687199ab9b948388b820c2989c2c0c) Importer(815301076,1909f56bfc062723c751e8b465ee728b)  -> (artifact id: '706ebb9b742c96bef2e8dd468f2d3460') in 0.026236 seconds 
========================================================================
Received Import Request.
  Time since last request: 0.000244 seconds.
  path: Assets/Character/walk/walk_17.png
  artifactKey: Guid(76109255e676c40ed9181a5e1c667a58) Importer(815301076,1909f56bfc062723c751e8b465ee728b)
Start importing Assets/Character/walk/walk_17.png using Guid(76109255e676c40ed9181a5e1c667a58) Importer(815301076,1909f56bfc062723c751e8b465ee728b)  -> (artifact id: 'c1ec6a46ad67724fd7e3a43b862e53b1') in 0.020435 seconds 
========================================================================
Received Import Request.
  Time since last request: 43.322279 seconds.
  path: Assets/Character/walk/walk_02.png
  artifactKey: Guid(5e08e7261e6754ba3bb7736557f4bff2) Importer(815301076,1909f56bfc062723c751e8b465ee728b)
Start importing Assets/Character/walk/walk_02.png using Guid(5e08e7261e6754ba3bb7736557f4bff2) Importer(815301076,1909f56bfc062723c751e8b465ee728b)  -> (artifact id: 'f676544d8142bb9ee62cdde3e252b14b') in 0.038603 seconds 
========================================================================
Received Import Request.
  Time since last request: 0.000080 seconds.
  path: Assets/Character/walk/walk_04.png
  artifactKey: Guid(d5aacb81b847345e69af2d3ac56c7b8f) Importer(815301076,1909f56bfc062723c751e8b465ee728b)
Start importing Assets/Character/walk/walk_04.png using Guid(d5aacb81b847345e69af2d3ac56c7b8f) Importer(815301076,1909f56bfc062723c751e8b465ee728b)  -> (artifact id: '1a3e4309dc95c727f46607d17dadad93') in 0.025936 seconds 
========================================================================
Received Import Request.
  Time since last request: 0.000141 seconds.
  path: Assets/Character/walk/walk_07.png
  artifactKey: Guid(ba74f481e465d458cab53487fd660da5) Importer(815301076,1909f56bfc062723c751e8b465ee728b)
Start importing Assets/Character/walk/walk_07.png using Guid(ba74f481e465d458cab53487fd660da5) Importer(815301076,1909f56bfc062723c751e8b465ee728b)  -> (artifact id: 'dff3ec40f5c184ac713df13faf0b2961') in 0.020004 seconds 
========================================================================
Received Import Request.
  Time since last request: 4.060794 seconds.
  path: Assets/Character/walk/walk_12.png
  artifactKey: Guid(d81bb1f1427fe45259849d524b123efb) Importer(815301076,1909f56bfc062723c751e8b465ee728b)
Start importing Assets/Character/walk/walk_12.png using Guid(d81bb1f1427fe45259849d524b123efb) Importer(815301076,1909f56bfc062723c751e8b465ee728b)  -> (artifact id: '14779dc0002e9cdc5c7be75680b64a8c') in 0.025443 seconds 
========================================================================
Received Import Request.
  Time since last request: 12.664067 seconds.
  path: Assets/Character/dead/dead_15.png
  artifactKey: Guid(75b12cb4b573b41f49b6b4e6442c67e7) Importer(815301076,1909f56bfc062723c751e8b465ee728b)
Start importing Assets/Character/dead/dead_15.png using Guid(75b12cb4b573b41f49b6b4e6442c67e7) Importer(815301076,1909f56bfc062723c751e8b465ee728b)  -> (artifact id: '6a733536643ec6e46382d6f3b38dfb0d') in 0.015845 seconds 
========================================================================
Received Import Request.
  Time since last request: 0.000101 seconds.
  path: Assets/Character/dead/dead_20.png
  artifactKey: Guid(b83970b36c7b84cf2a30bbb1afc94030) Importer(815301076,1909f56bfc062723c751e8b465ee728b)
Start importing Assets/Character/dead/dead_20.png using Guid(b83970b36c7b84cf2a30bbb1afc94030) Importer(815301076,1909f56bfc062723c751e8b465ee728b)  -> (artifact id: '3611e0d9f1837c9b7b82a452f14b99cd') in 0.011088 seconds 
========================================================================
Received Import Request.
  Time since last request: 0.000094 seconds.
  path: Assets/Character/dead/dead_21.png
  artifactKey: Guid(fd75d16243b6f47af9d2b8de8adbe8cb) Importer(815301076,1909f56bfc062723c751e8b465ee728b)
Start importing Assets/Character/dead/dead_21.png using Guid(fd75d16243b6f47af9d2b8de8adbe8cb) Importer(815301076,1909f56bfc062723c751e8b465ee728b)  -> (artifact id: '1d6eccd39d5458dbfe2cde443fec93f0') in 0.009232 seconds 
========================================================================
Received Import Request.
  Time since last request: 24.882972 seconds.
  path: Assets/Character/dead/dead_02.png
  artifactKey: Guid(4d59dbfac5f4e47cd9185c83ed19286d) Importer(815301076,1909f56bfc062723c751e8b465ee728b)
Start importing Assets/Character/dead/dead_02.png using Guid(4d59dbfac5f4e47cd9185c83ed19286d) Importer(815301076,1909f56bfc062723c751e8b465ee728b)  -> (artifact id: '544d3e014c24cd7c9f002049a281b455') in 0.037963 seconds 
========================================================================
Received Import Request.
  Time since last request: 0.000148 seconds.
  path: Assets/Character/dead/dead_09.png
  artifactKey: Guid(9ab55c05428ae43db8c3e0267973181f) Importer(815301076,1909f56bfc062723c751e8b465ee728b)
Start importing Assets/Character/dead/dead_09.png using Guid(9ab55c05428ae43db8c3e0267973181f) Importer(815301076,1909f56bfc062723c751e8b465ee728b)  -> (artifact id: 'b78f08b5f2c67226231083f26f02721c') in 0.031683 seconds 
========================================================================
Received Import Request.
  Time since last request: 2.341517 seconds.
  path: Assets/Character/dead/dead_14.png
  artifactKey: Guid(db370bd4cb6a94321a7ba9ff724dfb3b) Importer(815301076,1909f56bfc062723c751e8b465ee728b)
Start importing Assets/Character/dead/dead_14.png using Guid(db370bd4cb6a94321a7ba9ff724dfb3b) Importer(815301076,1909f56bfc062723c751e8b465ee728b)  -> (artifact id: '30bef1652856a4aec9ad35b9cbe5d368') in 0.029565 seconds 
========================================================================
Received Import Request.
  Time since last request: 17.344390 seconds.
  path: Assets/Character/damage_b/damage_b_13.png
  artifactKey: Guid(c0d5c531de00c496e8394bdc8e91fc17) Importer(815301076,1909f56bfc062723c751e8b465ee728b)
Start importing Assets/Character/damage_b/damage_b_13.png using Guid(c0d5c531de00c496e8394bdc8e91fc17) Importer(815301076,1909f56bfc062723c751e8b465ee728b)  -> (artifact id: 'e63da89ed64ef373d28cf3c3f6aa496d') in 0.016252 seconds 
========================================================================
Received Import Request.
  Time since last request: 0.000068 seconds.
  path: Assets/Character/damage_b/damage_b_18.png
  artifactKey: Guid(0bb81512d04404130af32ea20ad1a0cc) Importer(815301076,1909f56bfc062723c751e8b465ee728b)
Start importing Assets/Character/damage_b/damage_b_18.png using Guid(0bb81512d04404130af32ea20ad1a0cc) Importer(815301076,1909f56bfc062723c751e8b465ee728b)  -> (artifact id: '8243ff5ad21291965f3f236d12ae32c8') in 0.011751 seconds 
========================================================================
Received Import Request.
  Time since last request: 2.948550 seconds.
  path: Assets/Character/damage_b/damage_b_03.png
  artifactKey: Guid(17bf5611b6f0746fa8593f5ff6c7e10d) Importer(815301076,1909f56bfc062723c751e8b465ee728b)
Start importing Assets/Character/damage_b/damage_b_03.png using Guid(17bf5611b6f0746fa8593f5ff6c7e10d) Importer(815301076,1909f56bfc062723c751e8b465ee728b)  -> (artifact id: '700d98afbf85b08086585fd54fda3fdc') in 0.008690 seconds 
Editor requested this worker to shutdown with reason: Scaling down because of idle timeout
AssetImportWorker is now disconnected from the server
Process exiting
