Using pre-set license
Built from '2021.3/staging' branch; Version is '2021.3.8f1 (b30333d56e81) revision 11731763'; Using compiler version '192829333'; Build Type 'Release'
OS: 'Windows 10  (10.0.19043) 64bit Professional' Language: 'ko' Physical Memory: 32694 MB
BatchMode: 1, IsHumanControllingUs: 0, StartBugReporterOnCrash: 0, Is64bit: 1, IsPro: 1

COMMAND LINE ARGUMENTS:
E:\tool\unity\version\2021.3.8f1\Editor\Unity.exe
-adb2
-batchMode
-noUpm
-name
AssetImportWorker1
-projectPath
E:/옥탑방/-/unity
-logFile
Logs/AssetImportWorker1.log
-srvPort
53615
Successfully changed project path to: E:/옥탑방/-/unity
E:/옥탑방/-/unity
[UnityMemory] Configuration Parameters - Can be set up in boot.config
    "memorysetup-bucket-allocator-granularity=16"
    "memorysetup-bucket-allocator-bucket-count=8"
    "memorysetup-bucket-allocator-block-size=33554432"
    "memorysetup-bucket-allocator-block-count=8"
    "memorysetup-main-allocator-block-size=16777216"
    "memorysetup-thread-allocator-block-size=16777216"
    "memorysetup-gfx-main-allocator-block-size=16777216"
    "memorysetup-gfx-thread-allocator-block-size=16777216"
    "memorysetup-cache-allocator-block-size=4194304"
    "memorysetup-typetree-allocator-block-size=2097152"
    "memorysetup-profiler-bucket-allocator-granularity=16"
    "memorysetup-profiler-bucket-allocator-bucket-count=8"
    "memorysetup-profiler-bucket-allocator-block-size=33554432"
    "memorysetup-profiler-bucket-allocator-block-count=8"
    "memorysetup-profiler-allocator-block-size=16777216"
    "memorysetup-profiler-editor-allocator-block-size=1048576"
    "memorysetup-temp-allocator-size-main=16777216"
    "memorysetup-job-temp-allocator-block-size=2097152"
    "memorysetup-job-temp-allocator-block-size-background=1048576"
    "memorysetup-job-temp-allocator-reduction-small-platforms=262144"
    "memorysetup-temp-allocator-size-background-worker=32768"
    "memorysetup-temp-allocator-size-job-worker=262144"
    "memorysetup-temp-allocator-size-preload-manager=33554432"
    "memorysetup-temp-allocator-size-nav-mesh-worker=65536"
    "memorysetup-temp-allocator-size-audio-worker=65536"
    "memorysetup-temp-allocator-size-cloud-worker=32768"
    "memorysetup-temp-allocator-size-gi-baking-worker=262144"
    "memorysetup-temp-allocator-size-gfx=262144"
Refreshing native plugins compatible for Editor in 42.53 ms, found 3 plugins.
Preloading 0 native plugins for Editor in 0.00 ms.
Initialize engine version: 2021.3.8f1 (b30333d56e81)
[Subsystems] Discovering subsystems at path E:/tool/unity/version/2021.3.8f1/Editor/Data/Resources/UnitySubsystems
[Subsystems] Discovering subsystems at path E:/옥탑방/-/unity/Assets
GfxDevice: creating device client; threaded=0; jobified=0
Direct3D:
    Version:  Direct3D 11.0 [level 11.1]
    Renderer: NVIDIA GeForce RTX 3070 (ID=0x2488)
    Vendor:   NVIDIA
    VRAM:     8043 MB
    Driver:   31.0.15.1694
Initialize mono
Mono path[0] = 'E:/tool/unity/version/2021.3.8f1/Editor/Data/Managed'
Mono path[1] = 'E:/tool/unity/version/2021.3.8f1/Editor/Data/MonoBleedingEdge/lib/mono/unityjit-win32'
Mono config path = 'E:/tool/unity/version/2021.3.8f1/Editor/Data/MonoBleedingEdge/etc'
Using monoOptions --debugger-agent=transport=dt_socket,embedding=1,server=y,suspend=n,address=127.0.0.1:56644
Begin MonoManager ReloadAssembly
Registering precompiled unity dll's ...
Register platform support module: E:/tool/unity/version/2021.3.8f1/Editor/Data/PlaybackEngines/WindowsStandaloneSupport/UnityEditor.WindowsStandalone.Extensions.dll
Registered in 0.002327 seconds.
Native extension for WindowsStandalone target not found
Refreshing native plugins compatible for Editor in 39.38 ms, found 3 plugins.
Preloading 0 native plugins for Editor in 0.00 ms.
Mono: successfully reloaded assembly
- Completed reload, in  0.433 seconds
Domain Reload Profiling:
	ReloadAssembly (434ms)
		BeginReloadAssembly (66ms)
			ExecutionOrderSort (0ms)
			DisableScriptedObjects (0ms)
			BackupInstance (0ms)
			ReleaseScriptingObjects (0ms)
			CreateAndSetChildDomain (1ms)
		EndReloadAssembly (290ms)
			LoadAssemblies (66ms)
			RebuildTransferFunctionScriptingTraits (0ms)
			SetupTypeCache (67ms)
			ReleaseScriptCaches (0ms)
			RebuildScriptCaches (21ms)
			SetupLoadedEditorAssemblies (168ms)
				LogAssemblyErrors (0ms)
				InitializePlatformSupportModulesInManaged (5ms)
				SetLoadedEditorAssemblies (0ms)
				RefreshPlugins (39ms)
				BeforeProcessingInitializeOnLoad (1ms)
				ProcessInitializeOnLoadAttributes (90ms)
				ProcessInitializeOnLoadMethodAttributes (33ms)
				AfterProcessingInitializeOnLoad (0ms)
				EditorAssembliesLoaded (0ms)
			ExecutionOrderSort2 (0ms)
			AwakeInstancesAfterBackupRestoration (0ms)
Platform modules already initialized, skipping
Registering precompiled user dll's ...
Registered in 0.004297 seconds.
Begin MonoManager ReloadAssembly
Native extension for WindowsStandalone target not found
Refreshing native plugins compatible for Editor in 37.48 ms, found 3 plugins.
Preloading 0 native plugins for Editor in 0.00 ms.
Mono: successfully reloaded assembly
- Completed reload, in  0.732 seconds
Domain Reload Profiling:
	ReloadAssembly (733ms)
		BeginReloadAssembly (95ms)
			ExecutionOrderSort (0ms)
			DisableScriptedObjects (4ms)
			BackupInstance (0ms)
			ReleaseScriptingObjects (0ms)
			CreateAndSetChildDomain (16ms)
		EndReloadAssembly (560ms)
			LoadAssemblies (88ms)
			RebuildTransferFunctionScriptingTraits (0ms)
			SetupTypeCache (139ms)
			ReleaseScriptCaches (0ms)
			RebuildScriptCaches (37ms)
			SetupLoadedEditorAssemblies (280ms)
				LogAssemblyErrors (0ms)
				InitializePlatformSupportModulesInManaged (3ms)
				SetLoadedEditorAssemblies (0ms)
				RefreshPlugins (38ms)
				BeforeProcessingInitializeOnLoad (53ms)
				ProcessInitializeOnLoadAttributes (150ms)
				ProcessInitializeOnLoadMethodAttributes (32ms)
				AfterProcessingInitializeOnLoad (4ms)
				EditorAssembliesLoaded (0ms)
			ExecutionOrderSort2 (0ms)
			AwakeInstancesAfterBackupRestoration (4ms)
Platform modules already initialized, skipping
========================================================================
Worker process is ready to serve import requests
Failed to load shader (instanceID 408, GUID e4e5d566a8aa9914c906555a6857fcb9)
Launched and connected shader compiler UnityShaderCompiler.exe after 0.03 seconds
Refreshing native plugins compatible for Editor in 0.64 ms, found 3 plugins.
Preloading 0 native plugins for Editor in 0.00 ms.
Unloading 2779 Unused Serialized files (Serialized files now loaded: 0)
Unloading 48 unused Assets / (1.4 MB). Loaded Objects now: 3249.
Memory consumption went from 142.1 MB to 140.7 MB.
Total: 3.463700 ms (FindLiveObjects: 0.227900 ms CreateObjectMapping: 0.124100 ms MarkObjects: 2.433600 ms  DeleteObjects: 0.677500 ms)

AssetImportParameters requested are different than current active one (requested -> active):
  custom:video-decoder-ogg-theora: a1e56fd34408186e4bbccfd4996cb3dc -> 
  custom:container-muxer-webm: aa71ff27fc2769a1b78a27578f13a17b -> 
  custom:container-demuxer-webm: 4f35f7cbe854078d1ac9338744f61a02 -> 
  custom:video-encoder-webm-vp8: eb34c28f22e8b96e1ab97ce403110664 -> 
  custom:video-codec-MediaFoundation-h265: e54d7ab0439102e2317fc1e4b246158d -> 
  custom:audio-encoder-webm-vorbis: bf7c407c2cedff20999df2af8eb42d56 -> 
  custom:framework-win-MediaFoundation: 216162199b28c13a410421893ffa2e32 -> 
  custom:container-demuxer-ogg: 62fdf1f143b41e24485cea50d1cbac27 -> 
  custom:video-decoder-webm-vp8: 9c59270c3fd7afecdb556c50c9e8de78 -> 
  custom:audio-decoder-ogg-vorbis: bf7c407c2cedff20999df2af8eb42d56 -> 
========================================================================
Received Import Request.
  Time since last request: 1645986.370808 seconds.
  path: Assets/#/TerrainData_8d98c092-0863-4cbc-8479-1fb4bfcbaaaa.asset
  artifactKey: Guid(534af608b652efd43a5b36c542352565) Importer(815301076,1909f56bfc062723c751e8b465ee728b)
Start importing Assets/#/TerrainData_8d98c092-0863-4cbc-8479-1fb4bfcbaaaa.asset using Guid(534af608b652efd43a5b36c542352565) Importer(815301076,1909f56bfc062723c751e8b465ee728b)  -> (artifact id: '97c7b20dd0c5702886b2592fdddc6a95') in 0.047222 seconds 
========================================================================
Received Import Request.
  Time since last request: 0.000019 seconds.
  path: Assets/#/TerrainData_f18591b0-bd46-45c7-9847-f520e8248c6b.asset
  artifactKey: Guid(cfa798906fb7ed24e8b9233d745bc040) Importer(815301076,1909f56bfc062723c751e8b465ee728b)
Start importing Assets/#/TerrainData_f18591b0-bd46-45c7-9847-f520e8248c6b.asset using Guid(cfa798906fb7ed24e8b9233d745bc040) Importer(815301076,1909f56bfc062723c751e8b465ee728b)  -> (artifact id: '4a279926dd75672bdf8b061217d32091') in 0.011110 seconds 
========================================================================
Received Import Request.
  Time since last request: 0.000023 seconds.
  path: Assets/#/tset배경.png
  artifactKey: Guid(34e174fc9ba867449996da236aeb7fd1) Importer(815301076,1909f56bfc062723c751e8b465ee728b)
Start importing Assets/#/tset배경.png using Guid(34e174fc9ba867449996da236aeb7fd1) Importer(815301076,1909f56bfc062723c751e8b465ee728b)  -> (artifact id: 'bfc6aa0ff1760e5c9509311816575fcf') in 0.060599 seconds 
========================================================================
Received Import Request.
  Time since last request: 0.169172 seconds.
  path: Assets/New Material 1.mat
  artifactKey: Guid(5b00d6c1754f5e345a59735cff3c18c6) Importer(815301076,1909f56bfc062723c751e8b465ee728b)
Start importing Assets/New Material 1.mat using Guid(5b00d6c1754f5e345a59735cff3c18c6) Importer(815301076,1909f56bfc062723c751e8b465ee728b)  -> (artifact id: 'b8753140418c477eceb1a3d6ccf0e8fd') in 0.062181 seconds 
========================================================================
Received Import Request.
  Time since last request: 0.000023 seconds.
  path: Assets/New Material 3.mat
  artifactKey: Guid(991110b42d4d56f438801dc97153d3ac) Importer(815301076,1909f56bfc062723c751e8b465ee728b)
Start importing Assets/New Material 3.mat using Guid(991110b42d4d56f438801dc97153d3ac) Importer(815301076,1909f56bfc062723c751e8b465ee728b)  -> (artifact id: 'd8b0715c8c335811b8fcd96500d97a47') in 0.010895 seconds 
========================================================================
Received Import Request.
  Time since last request: 0.000023 seconds.
  path: Assets/Pillar.fbx
  artifactKey: Guid(379e7d2fb75c08348917aaa3ab37c754) Importer(815301076,1909f56bfc062723c751e8b465ee728b)
Start importing Assets/Pillar.fbx using Guid(379e7d2fb75c08348917aaa3ab37c754) Importer(815301076,1909f56bfc062723c751e8b465ee728b)  -> (artifact id: 'eff7b1a7aced1244dcbec7180a7e0590') in 0.046466 seconds 
========================================================================
Received Import Request.
  Time since last request: 0.000025 seconds.
  path: Assets/stage1-0.png
  artifactKey: Guid(c096eef8bc7ec5945a08ea6b015f534a) Importer(815301076,1909f56bfc062723c751e8b465ee728b)
Start importing Assets/stage1-0.png using Guid(c096eef8bc7ec5945a08ea6b015f534a) Importer(815301076,1909f56bfc062723c751e8b465ee728b)  -> (artifact id: '7d36cdf4cfc7fe76546255ba390a09c5') in 0.010545 seconds 
========================================================================
Received Import Request.
  Time since last request: 0.000018 seconds.
  path: Assets/Wall.fbx
  artifactKey: Guid(421e6d1e8a2eb1d46a1be564c32c6492) Importer(815301076,1909f56bfc062723c751e8b465ee728b)
Start importing Assets/Wall.fbx using Guid(421e6d1e8a2eb1d46a1be564c32c6492) Importer(815301076,1909f56bfc062723c751e8b465ee728b)  -> (artifact id: '4b9731ac26adb79916813d092fcf9b4d') in 0.046005 seconds 
========================================================================
Received Import Request.
  Time since last request: 28.203790 seconds.
  path: Assets/spine_ani/Hero/char_end1_Material.mat
  artifactKey: Guid(ee1ebf311e610fc428fdd121a606faa7) Importer(815301076,1909f56bfc062723c751e8b465ee728b)
Start importing Assets/spine_ani/Hero/char_end1_Material.mat using Guid(ee1ebf311e610fc428fdd121a606faa7) Importer(815301076,1909f56bfc062723c751e8b465ee728b)  -> (artifact id: 'd28f108219ce6e73eb59c575f1a11522') in 0.020357 seconds 
