Unity Editor version:    2021.3.8f1 (b30333d56e81)
Branch:                  2021.3/staging
Build type:              Release
Batch mode:              YES
macOS version:           Version 12.3.1 (Build 21E258)
Darwin version:          21.4.0
Architecture:            x86_64
Running under Rosetta:   YES
Available memory:        16384 MB
Using pre-set license
Pro License: YES

COMMAND LINE ARGUMENTS:
/Applications/Unity/Hub/Editor/2021.3.8f1/Unity.app/Contents/MacOS/Unity
-adb2
-batchMode
-noUpm
-name
AssetImportWorker9
-projectPath
/Users/limchuljoon/Desktop/-/unity
-logFile
Logs/AssetImportWorker9.log
-srvPort
55365
Successfully changed project path to: /Users/limchuljoon/Desktop/-/unity
/Users/limchuljoon/Desktop/-/unity
[UnityMemory] Configuration Parameters - Can be set up in boot.config
    "memorysetup-bucket-allocator-granularity=16"
    "memorysetup-bucket-allocator-bucket-count=8"
    "memorysetup-bucket-allocator-block-size=33554432"
    "memorysetup-bucket-allocator-block-count=8"
    "memorysetup-main-allocator-block-size=16777216"
    "memorysetup-thread-allocator-block-size=16777216"
    "memorysetup-gfx-main-allocator-block-size=16777216"
    "memorysetup-gfx-thread-allocator-block-size=16777216"
    "memorysetup-cache-allocator-block-size=4194304"
    "memorysetup-typetree-allocator-block-size=2097152"
    "memorysetup-profiler-bucket-allocator-granularity=16"
    "memorysetup-profiler-bucket-allocator-bucket-count=8"
    "memorysetup-profiler-bucket-allocator-block-size=33554432"
    "memorysetup-profiler-bucket-allocator-block-count=8"
    "memorysetup-profiler-allocator-block-size=16777216"
    "memorysetup-profiler-editor-allocator-block-size=1048576"
    "memorysetup-temp-allocator-size-main=16777216"
    "memorysetup-job-temp-allocator-block-size=2097152"
    "memorysetup-job-temp-allocator-block-size-background=1048576"
    "memorysetup-job-temp-allocator-reduction-small-platforms=262144"
    "memorysetup-temp-allocator-size-background-worker=32768"
    "memorysetup-temp-allocator-size-job-worker=262144"
    "memorysetup-temp-allocator-size-preload-manager=33554432"
    "memorysetup-temp-allocator-size-nav-mesh-worker=65536"
    "memorysetup-temp-allocator-size-audio-worker=65536"
    "memorysetup-temp-allocator-size-cloud-worker=32768"
    "memorysetup-temp-allocator-size-gi-baking-worker=262144"
    "memorysetup-temp-allocator-size-gfx=262144"
Refreshing native plugins compatible for Editor in 45.33 ms, found 3 plugins.
Preloading 0 native plugins for Editor in 0.00 ms.
Initialize engine version: 2021.3.8f1 (b30333d56e81)
[Subsystems] Discovering subsystems at path /Applications/Unity/Hub/Editor/2021.3.8f1/Unity.app/Contents/Resources/UnitySubsystems
[Subsystems] Discovering subsystems at path /Users/limchuljoon/Desktop/-/unity/Assets
GfxDevice: creating device client; threaded=0; jobified=0
 preferred device: Apple M1 (high power)
Metal devices available: 1
0: Apple M1 (high power)
Using device Apple M1 (high power)
Initializing Metal device caps: Apple M1
Initialize mono
Mono path[0] = '/Applications/Unity/Hub/Editor/2021.3.8f1/Unity.app/Contents/Managed'
Mono path[1] = '/Applications/Unity/Hub/Editor/2021.3.8f1/Unity.app/Contents/MonoBleedingEdge/lib/mono/unityjit-macos'
Mono config path = '/Applications/Unity/Hub/Editor/2021.3.8f1/Unity.app/Contents/MonoBleedingEdge/etc'
Using monoOptions --debugger-agent=transport=dt_socket,embedding=1,server=y,suspend=n,address=127.0.0.1:56311
Begin MonoManager ReloadAssembly
Registering precompiled unity dll's ...
Register platform support module: /Applications/Unity/Hub/Editor/2021.3.8f1/Unity.app/Contents/PlaybackEngines/MacStandaloneSupport/UnityEditor.OSXStandalone.Extensions.dll
Register platform support module: /Applications/Unity/Hub/Editor/2021.3.8f1/PlaybackEngines/AndroidPlayer/UnityEditor.Android.Extensions.dll
Register platform support module: /Applications/Unity/Hub/Editor/2021.3.8f1/PlaybackEngines/iOSSupport/UnityEditor.iOS.Extensions.dll
Registered in 0.002630 seconds.
[usbmuxd] Start listen thread
[usbmuxd] Listen thread started
[usbmuxd] Send listen message
Native extension for iOS target not found
Native extension for Android target not found
Native extension for OSXStandalone target not found
Refreshing native plugins compatible for Editor in 45.55 ms, found 3 plugins.
Preloading 0 native plugins for Editor in 0.00 ms.
Mono: successfully reloaded assembly
- Completed reload, in  1.394 seconds
Domain Reload Profiling:
	ReloadAssembly (1395ms)
		BeginReloadAssembly (133ms)
			ExecutionOrderSort (0ms)
			DisableScriptedObjects (0ms)
			BackupInstance (0ms)
			ReleaseScriptingObjects (0ms)
			CreateAndSetChildDomain (2ms)
		EndReloadAssembly (1047ms)
			LoadAssemblies (133ms)
			RebuildTransferFunctionScriptingTraits (0ms)
			SetupTypeCache (134ms)
			ReleaseScriptCaches (0ms)
			RebuildScriptCaches (33ms)
			SetupLoadedEditorAssemblies (749ms)
				LogAssemblyErrors (0ms)
				InitializePlatformSupportModulesInManaged (182ms)
				SetLoadedEditorAssemblies (0ms)
				RefreshPlugins (46ms)
				BeforeProcessingInitializeOnLoad (3ms)
				ProcessInitializeOnLoadAttributes (351ms)
				ProcessInitializeOnLoadMethodAttributes (165ms)
				AfterProcessingInitializeOnLoad (0ms)
				EditorAssembliesLoaded (0ms)
			ExecutionOrderSort2 (0ms)
			AwakeInstancesAfterBackupRestoration (0ms)
Platform modules already initialized, skipping
Registering precompiled user dll's ...
Registered in 0.001503 seconds.
Begin MonoManager ReloadAssembly
Native extension for iOS target not found
Native extension for Android target not found
Native extension for OSXStandalone target not found
Refreshing native plugins compatible for Editor in 44.82 ms, found 3 plugins.
Preloading 0 native plugins for Editor in 0.00 ms.
Mono: successfully reloaded assembly
- Completed reload, in  2.178 seconds
Domain Reload Profiling:
	ReloadAssembly (2181ms)
		BeginReloadAssembly (203ms)
			ExecutionOrderSort (0ms)
			DisableScriptedObjects (33ms)
			BackupInstance (0ms)
			ReleaseScriptingObjects (0ms)
			CreateAndSetChildDomain (28ms)
		EndReloadAssembly (1713ms)
			LoadAssemblies (109ms)
			RebuildTransferFunctionScriptingTraits (0ms)
			SetupTypeCache (251ms)
			ReleaseScriptCaches (1ms)
			RebuildScriptCaches (55ms)
			SetupLoadedEditorAssemblies (1097ms)
				LogAssemblyErrors (0ms)
				InitializePlatformSupportModulesInManaged (60ms)
				SetLoadedEditorAssemblies (0ms)
				RefreshPlugins (45ms)
				BeforeProcessingInitializeOnLoad (110ms)
				ProcessInitializeOnLoadAttributes (746ms)
				ProcessInitializeOnLoadMethodAttributes (134ms)
				AfterProcessingInitializeOnLoad (1ms)
				EditorAssembliesLoaded (0ms)
			ExecutionOrderSort2 (0ms)
			AwakeInstancesAfterBackupRestoration (10ms)
Platform modules already initialized, skipping
========================================================================
Worker process is ready to serve import requests
Launching external process: /Applications/Unity/Hub/Editor/2021.3.8f1/Unity.app/Contents/Tools/UnityShaderCompiler
Launched and connected shader compiler UnityShaderCompiler after 0.07 seconds
Refreshing native plugins compatible for Editor in 0.48 ms, found 3 plugins.
Preloading 0 native plugins for Editor in 0.00 ms.
Unloading 2495 Unused Serialized files (Serialized files now loaded: 0)
Unloading 33 unused Assets / (43.6 KB). Loaded Objects now: 2979.
Memory consumption went from 229.1 MB to 229.1 MB.
Total: 2.828375 ms (FindLiveObjects: 0.121292 ms CreateObjectMapping: 0.052500 ms MarkObjects: 2.556333 ms  DeleteObjects: 0.097500 ms)

AssetImportParameters requested are different than current active one (requested -> active):
  custom:video-decoder-ogg-theora: a1e56fd34408186e4bbccfd4996cb3dc -> 
  custom:container-muxer-webm: aa71ff27fc2769a1b78a27578f13a17b -> 
  custom:container-demuxer-webm: 4f35f7cbe854078d1ac9338744f61a02 -> 
  custom:video-encoder-webm-vp8: eb34c28f22e8b96e1ab97ce403110664 -> 
  custom:framework-osx-AVFoundation: e770b220cccbd017edd2c1fefb359320 -> 
  custom:audio-encoder-webm-vorbis: bf7c407c2cedff20999df2af8eb42d56 -> 
  custom:container-demuxer-ogg: 62fdf1f143b41e24485cea50d1cbac27 -> 
  custom:video-decoder-webm-vp8: 9c59270c3fd7afecdb556c50c9e8de78 -> 
  custom:audio-decoder-ogg-vorbis: bf7c407c2cedff20999df2af8eb42d56 -> 
========================================================================
Received Import Request.
  Time since last request: 255330.901910 seconds.
  path: Assets/Character/attack_c/attack_c_10.png
  artifactKey: Guid(0fd13b97536fb4085903e9dd3ad63436) Importer(815301076,1909f56bfc062723c751e8b465ee728b)
Start importing Assets/Character/attack_c/attack_c_10.png using Guid(0fd13b97536fb4085903e9dd3ad63436) Importer(815301076,1909f56bfc062723c751e8b465ee728b)  -> (artifact id: 'e7537b9c811cbafb0d3fd6bffad32b9c') in 0.285544 seconds 
========================================================================
Received Import Request.
  Time since last request: 3.005443 seconds.
  path: Assets/Character/attack_c/attack_c_05.png
  artifactKey: Guid(028d4e5aced0a4832a824e6f743d7067) Importer(815301076,1909f56bfc062723c751e8b465ee728b)
Start importing Assets/Character/attack_c/attack_c_05.png using Guid(028d4e5aced0a4832a824e6f743d7067) Importer(815301076,1909f56bfc062723c751e8b465ee728b)  -> (artifact id: '9c265640835fc45c22832690e8fab35e') in 0.043186 seconds 
========================================================================
Received Import Request.
  Time since last request: 0.006126 seconds.
  path: Assets/Character/attack_c/attack_c_04.png
  artifactKey: Guid(2aab34e0bd6ec4cb2a36b4235fd060db) Importer(815301076,1909f56bfc062723c751e8b465ee728b)
Start importing Assets/Character/attack_c/attack_c_04.png using Guid(2aab34e0bd6ec4cb2a36b4235fd060db) Importer(815301076,1909f56bfc062723c751e8b465ee728b)  -> (artifact id: 'e6a678b86a22b702ceee44bff637f272') in 0.029648 seconds 
========================================================================
Received Import Request.
  Time since last request: 16.542207 seconds.
  path: Assets/Character/attack_b/attack_b_02.png
  artifactKey: Guid(ff4e31aa00c334c7f9c52cace0c6fe4e) Importer(815301076,1909f56bfc062723c751e8b465ee728b)
Start importing Assets/Character/attack_b/attack_b_02.png using Guid(ff4e31aa00c334c7f9c52cace0c6fe4e) Importer(815301076,1909f56bfc062723c751e8b465ee728b)  -> (artifact id: '2fcda238e369b384f7c9c50a212e133a') in 0.020379 seconds 
========================================================================
Received Import Request.
  Time since last request: 0.000151 seconds.
  path: Assets/Character/attack_b/attack_b_03.png
  artifactKey: Guid(cf4beb4762f9f4cd2b2eeb9ee28b324d) Importer(815301076,1909f56bfc062723c751e8b465ee728b)
Start importing Assets/Character/attack_b/attack_b_03.png using Guid(cf4beb4762f9f4cd2b2eeb9ee28b324d) Importer(815301076,1909f56bfc062723c751e8b465ee728b)  -> (artifact id: 'b61048ef3e84804266e79434de004afb') in 0.012224 seconds 
========================================================================
Received Import Request.
  Time since last request: 8.167764 seconds.
  path: Assets/Character/attack_b/attack_b_21.png
  artifactKey: Guid(1595beb8ccd5c414cb27206decc0fda4) Importer(815301076,1909f56bfc062723c751e8b465ee728b)
Start importing Assets/Character/attack_b/attack_b_21.png using Guid(1595beb8ccd5c414cb27206decc0fda4) Importer(815301076,1909f56bfc062723c751e8b465ee728b)  -> (artifact id: 'e9a5d2673b4a15825443d18b20c74c12') in 0.034720 seconds 
========================================================================
Received Import Request.
  Time since last request: 0.000093 seconds.
  path: Assets/Character/attack_b/attack_b_22.png
  artifactKey: Guid(8810754de126d4ea1b8999c8ea391c4a) Importer(815301076,1909f56bfc062723c751e8b465ee728b)
Start importing Assets/Character/attack_b/attack_b_22.png using Guid(8810754de126d4ea1b8999c8ea391c4a) Importer(815301076,1909f56bfc062723c751e8b465ee728b)  -> (artifact id: '7a2178670b0ec114185e9572b3568645') in 0.030048 seconds 
========================================================================
Received Import Request.
  Time since last request: 2.707378 seconds.
  path: Assets/Character/attack_b/attack_b_10.png
  artifactKey: Guid(c6c195be0117443fab10842d4856f385) Importer(815301076,1909f56bfc062723c751e8b465ee728b)
Start importing Assets/Character/attack_b/attack_b_10.png using Guid(c6c195be0117443fab10842d4856f385) Importer(815301076,1909f56bfc062723c751e8b465ee728b)  -> (artifact id: 'da0b36c2b47503749304a1d6d3602986') in 0.029822 seconds 
========================================================================
Received Import Request.
  Time since last request: 12.890876 seconds.
  path: Assets/Character/attack_a/attack_a_03.png
  artifactKey: Guid(8ffd5fb91d50440dea4693407fc18375) Importer(815301076,1909f56bfc062723c751e8b465ee728b)
Start importing Assets/Character/attack_a/attack_a_03.png using Guid(8ffd5fb91d50440dea4693407fc18375) Importer(815301076,1909f56bfc062723c751e8b465ee728b)  -> (artifact id: '2a59aeee9d7552ac6f1110dca5b1c182') in 0.048558 seconds 
========================================================================
Received Import Request.
  Time since last request: 0.000073 seconds.
  path: Assets/Character/attack_a/attack_a_07.png
  artifactKey: Guid(b8a1faaf0d7204779bac094cc41787c5) Importer(815301076,1909f56bfc062723c751e8b465ee728b)
Start importing Assets/Character/attack_a/attack_a_07.png using Guid(b8a1faaf0d7204779bac094cc41787c5) Importer(815301076,1909f56bfc062723c751e8b465ee728b)  -> (artifact id: '55ea55ea45dd30a899c9529af279c036') in 0.031317 seconds 
Editor requested this worker to shutdown with reason: Scaling down because of idle timeout
AssetImportWorkerClient::OnTransportError - code=2 error=End of file
AssetImportWorker is now disconnected from the server
Process exiting
