Using pre-set license
Built from '2021.3/staging' branch; Version is '2021.3.8f1 (b30333d56e81) revision 11731763'; Using compiler version '192829333'; Build Type 'Release'
OS: 'Windows 10  (10.0.19044) 64bit Professional' Language: 'ko' Physical Memory: 32714 MB
BatchMode: 1, IsHumanControllingUs: 0, StartBugReporterOnCrash: 0, Is64bit: 1, IsPro: 1

COMMAND LINE ARGUMENTS:
E:\2021.3.8f1\Editor\Unity.exe
-adb2
-batchMode
-noUpm
-name
AssetImportWorker4
-projectPath
C:/Users/hope/Desktop/uu/-/unity
-logFile
Logs/AssetImportWorker4.log
-srvPort
9731
Successfully changed project path to: C:/Users/hope/Desktop/uu/-/unity
C:/Users/hope/Desktop/uu/-/unity
[UnityMemory] Configuration Parameters - Can be set up in boot.config
    "memorysetup-bucket-allocator-granularity=16"
    "memorysetup-bucket-allocator-bucket-count=8"
    "memorysetup-bucket-allocator-block-size=33554432"
    "memorysetup-bucket-allocator-block-count=8"
    "memorysetup-main-allocator-block-size=16777216"
    "memorysetup-thread-allocator-block-size=16777216"
    "memorysetup-gfx-main-allocator-block-size=16777216"
    "memorysetup-gfx-thread-allocator-block-size=16777216"
    "memorysetup-cache-allocator-block-size=4194304"
    "memorysetup-typetree-allocator-block-size=2097152"
    "memorysetup-profiler-bucket-allocator-granularity=16"
    "memorysetup-profiler-bucket-allocator-bucket-count=8"
    "memorysetup-profiler-bucket-allocator-block-size=33554432"
    "memorysetup-profiler-bucket-allocator-block-count=8"
    "memorysetup-profiler-allocator-block-size=16777216"
    "memorysetup-profiler-editor-allocator-block-size=1048576"
    "memorysetup-temp-allocator-size-main=16777216"
    "memorysetup-job-temp-allocator-block-size=2097152"
    "memorysetup-job-temp-allocator-block-size-background=1048576"
    "memorysetup-job-temp-allocator-reduction-small-platforms=262144"
    "memorysetup-temp-allocator-size-background-worker=32768"
    "memorysetup-temp-allocator-size-job-worker=262144"
    "memorysetup-temp-allocator-size-preload-manager=33554432"
    "memorysetup-temp-allocator-size-nav-mesh-worker=65536"
    "memorysetup-temp-allocator-size-audio-worker=65536"
    "memorysetup-temp-allocator-size-cloud-worker=32768"
    "memorysetup-temp-allocator-size-gi-baking-worker=262144"
    "memorysetup-temp-allocator-size-gfx=262144"
Refreshing native plugins compatible for Editor in 42.82 ms, found 3 plugins.
Preloading 0 native plugins for Editor in 0.00 ms.
Initialize engine version: 2021.3.8f1 (b30333d56e81)
[Subsystems] Discovering subsystems at path E:/2021.3.8f1/Editor/Data/Resources/UnitySubsystems
[Subsystems] Discovering subsystems at path C:/Users/hope/Desktop/uu/-/unity/Assets
GfxDevice: creating device client; threaded=0; jobified=0
Direct3D:
    Version:  Direct3D 11.0 [level 11.1]
    Renderer: NVIDIA GeForce RTX 3070 (ID=0x2484)
    Vendor:   NVIDIA
    VRAM:     8043 MB
    Driver:   31.0.15.1694
Initialize mono
Mono path[0] = 'E:/2021.3.8f1/Editor/Data/Managed'
Mono path[1] = 'E:/2021.3.8f1/Editor/Data/MonoBleedingEdge/lib/mono/unityjit-win32'
Mono config path = 'E:/2021.3.8f1/Editor/Data/MonoBleedingEdge/etc'
Using monoOptions --debugger-agent=transport=dt_socket,embedding=1,server=y,suspend=n,address=127.0.0.1:56148
Begin MonoManager ReloadAssembly
Registering precompiled unity dll's ...
Register platform support module: E:/2021.3.8f1/Editor/Data/PlaybackEngines/AndroidPlayer/UnityEditor.Android.Extensions.dll
Register platform support module: E:/2021.3.8f1/Editor/Data/PlaybackEngines/iOSSupport/UnityEditor.iOS.Extensions.dll
Register platform support module: E:/2021.3.8f1/Editor/Data/PlaybackEngines/WindowsStandaloneSupport/UnityEditor.WindowsStandalone.Extensions.dll
Registered in 0.002515 seconds.
Native extension for WindowsStandalone target not found
[usbmuxd] Start listen thread
[usbmuxd] Listen thread started
[usbmuxd] Send listen message
Native extension for iOS target not found
Native extension for Android target not found
Refreshing native plugins compatible for Editor in 38.83 ms, found 3 plugins.
Preloading 0 native plugins for Editor in 0.00 ms.
Mono: successfully reloaded assembly
- Completed reload, in  0.464 seconds
Domain Reload Profiling:
	ReloadAssembly (464ms)
		BeginReloadAssembly (59ms)
			ExecutionOrderSort (0ms)
			DisableScriptedObjects (0ms)
			BackupInstance (0ms)
			ReleaseScriptingObjects (0ms)
			CreateAndSetChildDomain (1ms)
		EndReloadAssembly (331ms)
			LoadAssemblies (59ms)
			RebuildTransferFunctionScriptingTraits (0ms)
			SetupTypeCache (77ms)
			ReleaseScriptCaches (0ms)
			RebuildScriptCaches (22ms)
			SetupLoadedEditorAssemblies (196ms)
				LogAssemblyErrors (0ms)
				InitializePlatformSupportModulesInManaged (44ms)
				SetLoadedEditorAssemblies (0ms)
				RefreshPlugins (39ms)
				BeforeProcessingInitializeOnLoad (1ms)
				ProcessInitializeOnLoadAttributes (74ms)
				ProcessInitializeOnLoadMethodAttributes (38ms)
				AfterProcessingInitializeOnLoad (0ms)
				EditorAssembliesLoaded (0ms)
			ExecutionOrderSort2 (0ms)
			AwakeInstancesAfterBackupRestoration (0ms)
Platform modules already initialized, skipping
Registering precompiled user dll's ...
Registered in 0.007037 seconds.
Begin MonoManager ReloadAssembly
Native extension for WindowsStandalone target not found
Native extension for iOS target not found
Native extension for Android target not found
Refreshing native plugins compatible for Editor in 37.98 ms, found 3 plugins.
Preloading 0 native plugins for Editor in 0.00 ms.
Mono: successfully reloaded assembly
- Completed reload, in  0.898 seconds
Domain Reload Profiling:
	ReloadAssembly (898ms)
		BeginReloadAssembly (199ms)
			ExecutionOrderSort (0ms)
			DisableScriptedObjects (5ms)
			BackupInstance (0ms)
			ReleaseScriptingObjects (0ms)
			CreateAndSetChildDomain (128ms)
		EndReloadAssembly (620ms)
			LoadAssemblies (73ms)
			RebuildTransferFunctionScriptingTraits (0ms)
			SetupTypeCache (147ms)
			ReleaseScriptCaches (0ms)
			RebuildScriptCaches (46ms)
			SetupLoadedEditorAssemblies (317ms)
				LogAssemblyErrors (0ms)
				InitializePlatformSupportModulesInManaged (15ms)
				SetLoadedEditorAssemblies (0ms)
				RefreshPlugins (38ms)
				BeforeProcessingInitializeOnLoad (68ms)
				ProcessInitializeOnLoadAttributes (163ms)
				ProcessInitializeOnLoadMethodAttributes (32ms)
				AfterProcessingInitializeOnLoad (2ms)
				EditorAssembliesLoaded (0ms)
			ExecutionOrderSort2 (0ms)
			AwakeInstancesAfterBackupRestoration (8ms)
Platform modules already initialized, skipping
========================================================================
Worker process is ready to serve import requests
Failed to load shader (instanceID 408, GUID e4e5d566a8aa9914c906555a6857fcb9)
Launched and connected shader compiler UnityShaderCompiler.exe after 0.04 seconds
Refreshing native plugins compatible for Editor in 0.63 ms, found 3 plugins.
Preloading 0 native plugins for Editor in 0.00 ms.
Unloading 2788 Unused Serialized files (Serialized files now loaded: 0)
Unloading 48 unused Assets / (1.4 MB). Loaded Objects now: 3261.
Memory consumption went from 142.8 MB to 141.4 MB.
Total: 3.347200 ms (FindLiveObjects: 0.215800 ms CreateObjectMapping: 0.117700 ms MarkObjects: 2.443400 ms  DeleteObjects: 0.569600 ms)

AssetImportParameters requested are different than current active one (requested -> active):
  custom:video-decoder-ogg-theora: a1e56fd34408186e4bbccfd4996cb3dc -> 
  custom:container-muxer-webm: aa71ff27fc2769a1b78a27578f13a17b -> 
  custom:container-demuxer-webm: 4f35f7cbe854078d1ac9338744f61a02 -> 
  custom:video-encoder-webm-vp8: eb34c28f22e8b96e1ab97ce403110664 -> 
  custom:audio-encoder-webm-vorbis: bf7c407c2cedff20999df2af8eb42d56 -> 
  custom:framework-win-MediaFoundation: 216162199b28c13a410421893ffa2e32 -> 
  custom:container-demuxer-ogg: 62fdf1f143b41e24485cea50d1cbac27 -> 
  custom:video-decoder-webm-vp8: 9c59270c3fd7afecdb556c50c9e8de78 -> 
  custom:audio-decoder-ogg-vorbis: bf7c407c2cedff20999df2af8eb42d56 -> 
========================================================================
Received Import Request.
  Time since last request: 10768.857596 seconds.
  path: Assets/Materials/AttackRange.mat
  artifactKey: Guid(c4039f37ddfd1b04283b506d3da962a5) Importer(815301076,1909f56bfc062723c751e8b465ee728b)
Start importing Assets/Materials/AttackRange.mat using Guid(c4039f37ddfd1b04283b506d3da962a5) Importer(815301076,1909f56bfc062723c751e8b465ee728b)  -> (artifact id: '35708b86afb0952151eac25dae5b1a04') in 0.086613 seconds 
========================================================================
Received Import Request.
  Time since last request: 12.160774 seconds.
  path: Assets/Shader/AttackRange.shader
  artifactKey: Guid(056cc329e61be4c419c2ef06357c8132) Importer(815301076,1909f56bfc062723c751e8b465ee728b)
Start importing Assets/Shader/AttackRange.shader using Guid(056cc329e61be4c419c2ef06357c8132) Importer(815301076,1909f56bfc062723c751e8b465ee728b)  -> (artifact id: 'a16163c9dc71a3090fa378ab4ac4d8a9') in 0.004427 seconds 
========================================================================
Received Import Request.
  Time since last request: 218.008523 seconds.
  path: Assets/Spine/Editor/spine-unity/Editor/GUI/AtlasAsset Icon.png
  artifactKey: Guid(3fc714a0dc1cf6b4b959e073fff2844e) Importer(815301076,1909f56bfc062723c751e8b465ee728b)
Start importing Assets/Spine/Editor/spine-unity/Editor/GUI/AtlasAsset Icon.png using Guid(3fc714a0dc1cf6b4b959e073fff2844e) Importer(815301076,1909f56bfc062723c751e8b465ee728b)  -> (artifact id: 'd02b1ae741648b40da94c4fafc6adcb0') in 0.022196 seconds 
========================================================================
Received Import Request.
  Time since last request: 0.000016 seconds.
  path: Assets/Character/damage_a/damage_a_15.png
  artifactKey: Guid(4d8f4a8cc97034e5ea6e71dadde2400f) Importer(815301076,1909f56bfc062723c751e8b465ee728b)
Start importing Assets/Character/damage_a/damage_a_15.png using Guid(4d8f4a8cc97034e5ea6e71dadde2400f) Importer(815301076,1909f56bfc062723c751e8b465ee728b)  -> (artifact id: '3dee01d78e02dc8d550b975976af0064') in 0.029897 seconds 
========================================================================
Received Import Request.
  Time since last request: 0.000020 seconds.
  path: Assets/Spine/Editor/spine-unity/Editor/GUI/icon-weights.png
  artifactKey: Guid(0b1bcb09fa228d049ba3c9ea6a57e1ee) Importer(815301076,1909f56bfc062723c751e8b465ee728b)
Start importing Assets/Spine/Editor/spine-unity/Editor/GUI/icon-weights.png using Guid(0b1bcb09fa228d049ba3c9ea6a57e1ee) Importer(815301076,1909f56bfc062723c751e8b465ee728b)  -> (artifact id: 'd9df990330f854b41c24d9432475fbfa') in 0.006864 seconds 
========================================================================
Received Import Request.
  Time since last request: 0.000017 seconds.
  path: Assets/Character/dead/dead_37.png
  artifactKey: Guid(46281e76f56a64216ad29f62cad7e26d) Importer(815301076,1909f56bfc062723c751e8b465ee728b)
Start importing Assets/Character/dead/dead_37.png using Guid(46281e76f56a64216ad29f62cad7e26d) Importer(815301076,1909f56bfc062723c751e8b465ee728b)  -> (artifact id: '8975fa214c66c5687fd33487ba9a509b') in 0.028082 seconds 
========================================================================
Received Import Request.
  Time since last request: 0.000013 seconds.
  path: Assets/Character/damage_a/damage_a_16.png
  artifactKey: Guid(bf1ea2b0c5c8c4ea986621a081f031b3) Importer(815301076,1909f56bfc062723c751e8b465ee728b)
Start importing Assets/Character/damage_a/damage_a_16.png using Guid(bf1ea2b0c5c8c4ea986621a081f031b3) Importer(815301076,1909f56bfc062723c751e8b465ee728b)  -> (artifact id: '0d087f4f7f7074712a1e7de102caddf0') in 0.019527 seconds 
========================================================================
Received Import Request.
  Time since last request: 0.000017 seconds.
  path: Assets/Character/idle/idle_18.png
  artifactKey: Guid(222c553c0ac7843629eb5bb56a3c5858) Importer(815301076,1909f56bfc062723c751e8b465ee728b)
Start importing Assets/Character/idle/idle_18.png using Guid(222c553c0ac7843629eb5bb56a3c5858) Importer(815301076,1909f56bfc062723c751e8b465ee728b)  -> (artifact id: '98eb6e708b22ed4b6b1487bf9a2e1c61') in 0.016121 seconds 
========================================================================
Received Import Request.
  Time since last request: 0.000019 seconds.
  path: Assets/Character/dead/dead_41.png
  artifactKey: Guid(0c1add5be3d5a43e1a204bde55a7d4a8) Importer(815301076,1909f56bfc062723c751e8b465ee728b)
Start importing Assets/Character/dead/dead_41.png using Guid(0c1add5be3d5a43e1a204bde55a7d4a8) Importer(815301076,1909f56bfc062723c751e8b465ee728b)  -> (artifact id: 'd7be36ca7c4b3013243b6bf8cb6f53e7') in 0.023088 seconds 
========================================================================
Received Import Request.
  Time since last request: 0.000018 seconds.
  path: Assets/Character/damage_b/damage_b_11.png
  artifactKey: Guid(6a8c689bf556a4274a0ea73c77322d29) Importer(815301076,1909f56bfc062723c751e8b465ee728b)
Start importing Assets/Character/damage_b/damage_b_11.png using Guid(6a8c689bf556a4274a0ea73c77322d29) Importer(815301076,1909f56bfc062723c751e8b465ee728b)  -> (artifact id: '69fbf68c5266cad56c923ba922465e7e') in 0.020401 seconds 
========================================================================
Received Import Request.
  Time since last request: 0.000027 seconds.
  path: Assets/Character/damage_b/damage_b_12.png
  artifactKey: Guid(1f7ed78f85161437abe108c9b7e09e1f) Importer(815301076,1909f56bfc062723c751e8b465ee728b)
Start importing Assets/Character/damage_b/damage_b_12.png using Guid(1f7ed78f85161437abe108c9b7e09e1f) Importer(815301076,1909f56bfc062723c751e8b465ee728b)  -> (artifact id: '50e02d84da24b41d1b974d9524b18c38') in 0.018625 seconds 
========================================================================
Received Import Request.
  Time since last request: 0.000014 seconds.
  path: Assets/Character/dead/dead_49.png
  artifactKey: Guid(06e084dd3d357439480b1798063b4d94) Importer(815301076,1909f56bfc062723c751e8b465ee728b)
Start importing Assets/Character/dead/dead_49.png using Guid(06e084dd3d357439480b1798063b4d94) Importer(815301076,1909f56bfc062723c751e8b465ee728b)  -> (artifact id: '221c87e9b21bfd993df164c7980380c9') in 0.021939 seconds 
========================================================================
Received Import Request.
  Time since last request: 0.000023 seconds.
  path: Assets/Character/run/run_05.png
  artifactKey: Guid(8f0471348b35f4a9383ab65e6b0a5d27) Importer(815301076,1909f56bfc062723c751e8b465ee728b)
Start importing Assets/Character/run/run_05.png using Guid(8f0471348b35f4a9383ab65e6b0a5d27) Importer(815301076,1909f56bfc062723c751e8b465ee728b)  -> (artifact id: '864f0132d4d4e69ef4a40994516e381b') in 0.020886 seconds 
========================================================================
Received Import Request.
  Time since last request: 0.000016 seconds.
  path: Assets/Character/dead/dead_03.png
  artifactKey: Guid(28f1f09762ec94212962c6abbc8fd714) Importer(815301076,1909f56bfc062723c751e8b465ee728b)
Start importing Assets/Character/dead/dead_03.png using Guid(28f1f09762ec94212962c6abbc8fd714) Importer(815301076,1909f56bfc062723c751e8b465ee728b)  -> (artifact id: '5c1eca07928d76ed3741df49e9dcaeb9') in 0.021798 seconds 
========================================================================
Received Import Request.
  Time since last request: 0.000018 seconds.
  path: Assets/Character/damage/damage_03.png
  artifactKey: Guid(48d98ddbd93f945bdb15add868c0e126) Importer(815301076,1909f56bfc062723c751e8b465ee728b)
Start importing Assets/Character/damage/damage_03.png using Guid(48d98ddbd93f945bdb15add868c0e126) Importer(815301076,1909f56bfc062723c751e8b465ee728b)  -> (artifact id: '852d0de99b4f6352bf555ea3ad0e5f5e') in 0.017733 seconds 
========================================================================
Received Import Request.
  Time since last request: 0.000017 seconds.
  path: Assets/Character/idle/idle_29.png
  artifactKey: Guid(923b1006420e94ebd9545bc5605bf26f) Importer(815301076,1909f56bfc062723c751e8b465ee728b)
Start importing Assets/Character/idle/idle_29.png using Guid(923b1006420e94ebd9545bc5605bf26f) Importer(815301076,1909f56bfc062723c751e8b465ee728b)  -> (artifact id: '51b799a86717223fe445c130876eb511') in 0.013838 seconds 
========================================================================
Received Import Request.
  Time since last request: 0.000013 seconds.
  path: Assets/Character/damage/damage_18.png
  artifactKey: Guid(0458ce2934b7545eda6bbfcd74111258) Importer(815301076,1909f56bfc062723c751e8b465ee728b)
Start importing Assets/Character/damage/damage_18.png using Guid(0458ce2934b7545eda6bbfcd74111258) Importer(815301076,1909f56bfc062723c751e8b465ee728b)  -> (artifact id: '6e03ccc4cd4de697c77a1ae94fe808fa') in 0.016428 seconds 
========================================================================
Received Import Request.
  Time since last request: 0.000017 seconds.
  path: Assets/Character/attack_c/attack_c_12.png
  artifactKey: Guid(c16d6e325f2de48a3a5b7538ef1f6288) Importer(815301076,1909f56bfc062723c751e8b465ee728b)
Start importing Assets/Character/attack_c/attack_c_12.png using Guid(c16d6e325f2de48a3a5b7538ef1f6288) Importer(815301076,1909f56bfc062723c751e8b465ee728b)  -> (artifact id: '0f829a2014632bf22ad5e62faeed7f7c') in 0.029584 seconds 
========================================================================
Received Import Request.
  Time since last request: 0.000018 seconds.
  path: Assets/Character/dead/dead_40.png
  artifactKey: Guid(d1c9e7473b6c742c2921dc60b66ac73b) Importer(815301076,1909f56bfc062723c751e8b465ee728b)
Start importing Assets/Character/dead/dead_40.png using Guid(d1c9e7473b6c742c2921dc60b66ac73b) Importer(815301076,1909f56bfc062723c751e8b465ee728b)  -> (artifact id: '1ee928ddd9ff4b20377737e2ebdbbe4a') in 0.025018 seconds 
========================================================================
Received Import Request.
  Time since last request: 0.000020 seconds.
  path: Assets/Character/idle/idle_09.png
  artifactKey: Guid(39cc26b2e8c5f47e3a98550ca489d871) Importer(815301076,1909f56bfc062723c751e8b465ee728b)
Start importing Assets/Character/idle/idle_09.png using Guid(39cc26b2e8c5f47e3a98550ca489d871) Importer(815301076,1909f56bfc062723c751e8b465ee728b)  -> (artifact id: 'd335f81980ab80d4a1bcced8031399ca') in 0.016738 seconds 
========================================================================
Received Import Request.
  Time since last request: 0.000024 seconds.
  path: Assets/Character/damage/damage_08.png
  artifactKey: Guid(4510655c0380849f089cd5903c0f24bf) Importer(815301076,1909f56bfc062723c751e8b465ee728b)
Start importing Assets/Character/damage/damage_08.png using Guid(4510655c0380849f089cd5903c0f24bf) Importer(815301076,1909f56bfc062723c751e8b465ee728b)  -> (artifact id: 'a4acd3af1fb8d02b68076cf76bfffea0') in 0.019785 seconds 
========================================================================
Received Import Request.
  Time since last request: 0.000017 seconds.
  path: Assets/Spine Examples/Spine Skeletons/Dragon/dragon4.png
  artifactKey: Guid(390eb45b86ad95d40855f1cedc5ebe86) Importer(815301076,1909f56bfc062723c751e8b465ee728b)
Start importing Assets/Spine Examples/Spine Skeletons/Dragon/dragon4.png using Guid(390eb45b86ad95d40855f1cedc5ebe86) Importer(815301076,1909f56bfc062723c751e8b465ee728b)  -> (artifact id: '2a42c70a5f38d255a0e4350f01974045') in 0.013950 seconds 
========================================================================
Received Import Request.
  Time since last request: 0.000017 seconds.
  path: Assets/Character/dead/dead_33.png
  artifactKey: Guid(3527f000c923c415eaccf162da990c96) Importer(815301076,1909f56bfc062723c751e8b465ee728b)
Start importing Assets/Character/dead/dead_33.png using Guid(3527f000c923c415eaccf162da990c96) Importer(815301076,1909f56bfc062723c751e8b465ee728b)  -> (artifact id: '81e5b0a83e6e04ad05936d25fb6146b8') in 0.024462 seconds 
========================================================================
Received Import Request.
  Time since last request: 0.000016 seconds.
  path: Assets/Character/damage_a/damage_a_09.png
  artifactKey: Guid(27576ed5b62b44f8e9d5ce5e3586c344) Importer(815301076,1909f56bfc062723c751e8b465ee728b)
Start importing Assets/Character/damage_a/damage_a_09.png using Guid(27576ed5b62b44f8e9d5ce5e3586c344) Importer(815301076,1909f56bfc062723c751e8b465ee728b)  -> (artifact id: '12136b7cc99aaa79ac47dbbd3b33ceeb') in 0.020197 seconds 
========================================================================
Received Import Request.
  Time since last request: 0.000019 seconds.
  path: Assets/Spine/Editor/spine-unity/Editor/GUI/icon-point.png
  artifactKey: Guid(d7a76922e4dd9fa429da15c018ff127f) Importer(815301076,1909f56bfc062723c751e8b465ee728b)
Start importing Assets/Spine/Editor/spine-unity/Editor/GUI/icon-point.png using Guid(d7a76922e4dd9fa429da15c018ff127f) Importer(815301076,1909f56bfc062723c751e8b465ee728b)  -> (artifact id: '26c6a970a643ff6ed3533b2f642c0247') in 0.007309 seconds 
========================================================================
Received Import Request.
  Time since last request: 0.000019 seconds.
  path: Assets/Character/idle/idle_12.png
  artifactKey: Guid(176595ab9bb3447bf9704977845718cc) Importer(815301076,1909f56bfc062723c751e8b465ee728b)
Start importing Assets/Character/idle/idle_12.png using Guid(176595ab9bb3447bf9704977845718cc) Importer(815301076,1909f56bfc062723c751e8b465ee728b)  -> (artifact id: 'd0eb87cdc04d2bf2764260976b812142') in 0.015801 seconds 
========================================================================
Received Import Request.
  Time since last request: 0.000018 seconds.
  path: Assets/Character/damage_a/damage_a_19.png
  artifactKey: Guid(06fcf6d15047e4e62a6d88ea7edebb40) Importer(815301076,1909f56bfc062723c751e8b465ee728b)
Start importing Assets/Character/damage_a/damage_a_19.png using Guid(06fcf6d15047e4e62a6d88ea7edebb40) Importer(815301076,1909f56bfc062723c751e8b465ee728b)  -> (artifact id: 'ec30adb14ed0759b91fc97236974eb18') in 0.021528 seconds 
========================================================================
Received Import Request.
  Time since last request: 0.000014 seconds.
  path: Assets/Character/dead/dead_34.png
  artifactKey: Guid(2b8a8cacb321a49bf916930ff3b5a565) Importer(815301076,1909f56bfc062723c751e8b465ee728b)
Start importing Assets/Character/dead/dead_34.png using Guid(2b8a8cacb321a49bf916930ff3b5a565) Importer(815301076,1909f56bfc062723c751e8b465ee728b)  -> (artifact id: 'edfba0a969c78fd0816362ff04cf9e28') in 0.024965 seconds 
========================================================================
Received Import Request.
  Time since last request: 0.000015 seconds.
  path: Assets/Character/damage_a/damage_a_21.png
  artifactKey: Guid(52faec335edd842899b73e46739ab9c0) Importer(815301076,1909f56bfc062723c751e8b465ee728b)
Start importing Assets/Character/damage_a/damage_a_21.png using Guid(52faec335edd842899b73e46739ab9c0) Importer(815301076,1909f56bfc062723c751e8b465ee728b)  -> (artifact id: 'aad40a09e1cda2bf57edda85996d8ccc') in 0.019846 seconds 
========================================================================
Received Import Request.
  Time since last request: 0.000022 seconds.
  path: Assets/Character/dead/dead_46.png
  artifactKey: Guid(cb66988b8bda742249d13159e0efd5fc) Importer(815301076,1909f56bfc062723c751e8b465ee728b)
Start importing Assets/Character/dead/dead_46.png using Guid(cb66988b8bda742249d13159e0efd5fc) Importer(815301076,1909f56bfc062723c751e8b465ee728b)  -> (artifact id: 'a7cc870a4b41e4700135358c2f850f09') in 0.026485 seconds 
========================================================================
Received Import Request.
  Time since last request: 0.000027 seconds.
  path: Assets/Character/dead/dead_35.png
  artifactKey: Guid(fad775cf5a5a44bb7a33e8442f8303db) Importer(815301076,1909f56bfc062723c751e8b465ee728b)
Start importing Assets/Character/dead/dead_35.png using Guid(fad775cf5a5a44bb7a33e8442f8303db) Importer(815301076,1909f56bfc062723c751e8b465ee728b)  -> (artifact id: '34aea92b5695da4b7c4e416465ebb796') in 0.024386 seconds 
========================================================================
Received Import Request.
  Time since last request: 0.000017 seconds.
  path: Assets/Spine/Editor/spine-unity/Editor/GUI/icon-clipping.png
  artifactKey: Guid(f5fff1b5caee03642ab77c9984b4bb6a) Importer(815301076,1909f56bfc062723c751e8b465ee728b)
Start importing Assets/Spine/Editor/spine-unity/Editor/GUI/icon-clipping.png using Guid(f5fff1b5caee03642ab77c9984b4bb6a) Importer(815301076,1909f56bfc062723c751e8b465ee728b)  -> (artifact id: 'b8a46ab27664d361cdc4b49790936c08') in 0.008051 seconds 
========================================================================
Received Import Request.
  Time since last request: 0.000015 seconds.
  path: Assets/Spine/Editor/spine-unity/Editor/GUI/icon-attachment.png
  artifactKey: Guid(04ae56b3698d3e844844cfcef2f009e7) Importer(815301076,1909f56bfc062723c751e8b465ee728b)
Start importing Assets/Spine/Editor/spine-unity/Editor/GUI/icon-attachment.png using Guid(04ae56b3698d3e844844cfcef2f009e7) Importer(815301076,1909f56bfc062723c751e8b465ee728b)  -> (artifact id: 'faa25b622a0f445b11c4e57b8fda6418') in 0.006575 seconds 
========================================================================
Received Import Request.
  Time since last request: 0.000016 seconds.
  path: Assets/Character/idle/idle_08.png
  artifactKey: Guid(28fa2506a5ced48f6aa1f281c31596d8) Importer(815301076,1909f56bfc062723c751e8b465ee728b)
Start importing Assets/Character/idle/idle_08.png using Guid(28fa2506a5ced48f6aa1f281c31596d8) Importer(815301076,1909f56bfc062723c751e8b465ee728b)  -> (artifact id: '82a4e3a64f0e138a67740b2b7f3e93b7') in 0.017069 seconds 
========================================================================
Received Import Request.
  Time since last request: 0.000017 seconds.
  path: Assets/Spine/Editor/spine-unity/Editor/GUI/icon-hingeChain.png
  artifactKey: Guid(2c2c6d283dcf3654baf40001c982891c) Importer(815301076,1909f56bfc062723c751e8b465ee728b)
Start importing Assets/Spine/Editor/spine-unity/Editor/GUI/icon-hingeChain.png using Guid(2c2c6d283dcf3654baf40001c982891c) Importer(815301076,1909f56bfc062723c751e8b465ee728b)  -> (artifact id: '20a2ae82f273b44c32a6107cbb44d8b8') in 0.006132 seconds 
========================================================================
Received Import Request.
  Time since last request: 0.000014 seconds.
  path: Assets/Spine/Editor/spine-unity/Editor/GUI/icon-subMeshRenderer.png
  artifactKey: Guid(f31c0c0d608e8ba4f9a1afb032092287) Importer(815301076,1909f56bfc062723c751e8b465ee728b)
Start importing Assets/Spine/Editor/spine-unity/Editor/GUI/icon-subMeshRenderer.png using Guid(f31c0c0d608e8ba4f9a1afb032092287) Importer(815301076,1909f56bfc062723c751e8b465ee728b)  -> (artifact id: '14e893e4bce053d11e65c4d4ebde4d5f') in 0.006489 seconds 
========================================================================
Received Import Request.
  Time since last request: 0.000019 seconds.
  path: Assets/Character/damage_b/damage_b_08.png
  artifactKey: Guid(75c9d16d20d4946169740a730b67fbf1) Importer(815301076,1909f56bfc062723c751e8b465ee728b)
Start importing Assets/Character/damage_b/damage_b_08.png using Guid(75c9d16d20d4946169740a730b67fbf1) Importer(815301076,1909f56bfc062723c751e8b465ee728b)  -> (artifact id: 'd01c672a4a0616e022c30c6e41b9008f') in 0.020080 seconds 
========================================================================
Received Import Request.
  Time since last request: 0.000016 seconds.
  path: Assets/Character/dead/dead_19.png
  artifactKey: Guid(f65248331ae154c349528a9261c069ee) Importer(815301076,1909f56bfc062723c751e8b465ee728b)
Start importing Assets/Character/dead/dead_19.png using Guid(f65248331ae154c349528a9261c069ee) Importer(815301076,1909f56bfc062723c751e8b465ee728b)  -> (artifact id: '8c3e557a08b0c5dcce63ba7cd25556ec') in 0.023249 seconds 
========================================================================
Received Import Request.
  Time since last request: 0.000017 seconds.
  path: Assets/Character/attack_c/attack_c_10.png
  artifactKey: Guid(0fd13b97536fb4085903e9dd3ad63436) Importer(815301076,1909f56bfc062723c751e8b465ee728b)
Start importing Assets/Character/attack_c/attack_c_10.png using Guid(0fd13b97536fb4085903e9dd3ad63436) Importer(815301076,1909f56bfc062723c751e8b465ee728b)  -> (artifact id: '18ab44e2abb3df0371534c63734205f3') in 0.021679 seconds 
========================================================================
Received Import Request.
  Time since last request: 0.000018 seconds.
  path: Assets/Character/damage_b/damage_b_15.png
  artifactKey: Guid(23c97dcc858e34eb094a920c72c6af17) Importer(815301076,1909f56bfc062723c751e8b465ee728b)
Start importing Assets/Character/damage_b/damage_b_15.png using Guid(23c97dcc858e34eb094a920c72c6af17) Importer(815301076,1909f56bfc062723c751e8b465ee728b)  -> (artifact id: '656b9ff9868ba2d9564c557d61929a83') in 0.019099 seconds 
========================================================================
Received Import Request.
  Time since last request: 0.000019 seconds.
  path: Assets/Character/damage_b/damage_b_14.png
  artifactKey: Guid(dfb6dd2e800b740f7a914edd13e60993) Importer(815301076,1909f56bfc062723c751e8b465ee728b)
Start importing Assets/Character/damage_b/damage_b_14.png using Guid(dfb6dd2e800b740f7a914edd13e60993) Importer(815301076,1909f56bfc062723c751e8b465ee728b)  -> (artifact id: '03d8e302c405d28b26b3aa830a0ed524') in 0.018236 seconds 
========================================================================
Received Import Request.
  Time since last request: 0.000016 seconds.
  path: Assets/Character/attack_b/attack_b_19.png
  artifactKey: Guid(4b3cc2631dacf4716a49c5d08ef7dc27) Importer(815301076,1909f56bfc062723c751e8b465ee728b)
Start importing Assets/Character/attack_b/attack_b_19.png using Guid(4b3cc2631dacf4716a49c5d08ef7dc27) Importer(815301076,1909f56bfc062723c751e8b465ee728b)  -> (artifact id: 'e337e024eea699b386eebff12d242aa8') in 0.026699 seconds 
========================================================================
Received Import Request.
  Time since last request: 0.000028 seconds.
  path: Assets/Character/dead/dead_02.png
  artifactKey: Guid(4d59dbfac5f4e47cd9185c83ed19286d) Importer(815301076,1909f56bfc062723c751e8b465ee728b)
Start importing Assets/Character/dead/dead_02.png using Guid(4d59dbfac5f4e47cd9185c83ed19286d) Importer(815301076,1909f56bfc062723c751e8b465ee728b)  -> (artifact id: '76d39b97fa43eaf7a3ed69a873ed5b27') in 0.020628 seconds 
========================================================================
Received Import Request.
  Time since last request: 0.000016 seconds.
  path: Assets/Spine/Editor/spine-unity/Editor/GUI/icon-path.png
  artifactKey: Guid(dbc817a6c9e9c5747b7f6261bf5d1d09) Importer(815301076,1909f56bfc062723c751e8b465ee728b)
Start importing Assets/Spine/Editor/spine-unity/Editor/GUI/icon-path.png using Guid(dbc817a6c9e9c5747b7f6261bf5d1d09) Importer(815301076,1909f56bfc062723c751e8b465ee728b)  -> (artifact id: '124d239aab7281186fefac5413d687b5') in 0.006596 seconds 
========================================================================
Received Import Request.
  Time since last request: 0.000015 seconds.
  path: Assets/Spine Examples/Spine Skeletons/raptor-pro-and-mask/raptor-pma.png
  artifactKey: Guid(c1a5fbc2700be764fa3c6c44b2ed67a0) Importer(815301076,1909f56bfc062723c751e8b465ee728b)
Start importing Assets/Spine Examples/Spine Skeletons/raptor-pro-and-mask/raptor-pma.png using Guid(c1a5fbc2700be764fa3c6c44b2ed67a0) Importer(815301076,1909f56bfc062723c751e8b465ee728b)  -> (artifact id: 'ef01ba9eeb83b1452fbdfcacf532b366') in 0.008259 seconds 
========================================================================
Received Import Request.
  Time since last request: 0.000013 seconds.
  path: Assets/Character/damage/damage_04.png
  artifactKey: Guid(65f431e611f0e4d4fa847133e293248b) Importer(815301076,1909f56bfc062723c751e8b465ee728b)
Start importing Assets/Character/damage/damage_04.png using Guid(65f431e611f0e4d4fa847133e293248b) Importer(815301076,1909f56bfc062723c751e8b465ee728b)  -> (artifact id: 'f86febd6426b2d3c4fc0b5ebba54c3c3') in 0.017693 seconds 
========================================================================
Received Import Request.
  Time since last request: 0.000016 seconds.
  path: Assets/Character/run/run_09.png
  artifactKey: Guid(e18f448d0b89a4a49a7dc6459a781e20) Importer(815301076,1909f56bfc062723c751e8b465ee728b)
Start importing Assets/Character/run/run_09.png using Guid(e18f448d0b89a4a49a7dc6459a781e20) Importer(815301076,1909f56bfc062723c751e8b465ee728b)  -> (artifact id: 'b986b608915691c541ee55d0940a1803') in 0.016263 seconds 
========================================================================
Received Import Request.
  Time since last request: 0.000016 seconds.
  path: Assets/Character/walk/walk_06.png
  artifactKey: Guid(5e7bd53829da3418eb75b77f0c8ea3ab) Importer(815301076,1909f56bfc062723c751e8b465ee728b)
Start importing Assets/Character/walk/walk_06.png using Guid(5e7bd53829da3418eb75b77f0c8ea3ab) Importer(815301076,1909f56bfc062723c751e8b465ee728b)  -> (artifact id: '1e9ce06ea3952683cfa40f05f5e66aec') in 0.020959 seconds 
========================================================================
Received Import Request.
  Time since last request: 0.000014 seconds.
  path: Assets/Character/run/run_13.png
  artifactKey: Guid(c08f072ff158649f8a2ae5bcb1ddac47) Importer(815301076,1909f56bfc062723c751e8b465ee728b)
Start importing Assets/Character/run/run_13.png using Guid(c08f072ff158649f8a2ae5bcb1ddac47) Importer(815301076,1909f56bfc062723c751e8b465ee728b)  -> (artifact id: 'eeb74980dcb170ec85668594a50d3499') in 0.016118 seconds 
========================================================================
Received Import Request.
  Time since last request: 0.000015 seconds.
  path: Assets/Spine Examples/Spine Skeletons/spineboy-pro/spineboy-pro.png
  artifactKey: Guid(4ea2c33e839afb34c98f66e892b3b2d2) Importer(815301076,1909f56bfc062723c751e8b465ee728b)
Start importing Assets/Spine Examples/Spine Skeletons/spineboy-pro/spineboy-pro.png using Guid(4ea2c33e839afb34c98f66e892b3b2d2) Importer(815301076,1909f56bfc062723c751e8b465ee728b)  -> (artifact id: 'efb6620928f892a4bcec5c205a8dab0a') in 0.013721 seconds 
========================================================================
Received Import Request.
  Time since last request: 0.000014 seconds.
  path: Assets/Character/walk/walk_15.png
  artifactKey: Guid(ff687199ab9b948388b820c2989c2c0c) Importer(815301076,1909f56bfc062723c751e8b465ee728b)
Start importing Assets/Character/walk/walk_15.png using Guid(ff687199ab9b948388b820c2989c2c0c) Importer(815301076,1909f56bfc062723c751e8b465ee728b)  -> (artifact id: 'd09dd1794798672f0ed88074fffe3a39') in 0.015483 seconds 
========================================================================
Received Import Request.
  Time since last request: 0.000021 seconds.
  path: Assets/Spine Examples/Spine Skeletons/whirlyblendmodes/whirlyblendmodes.png
  artifactKey: Guid(dc1b9f9665c8aa74799404a1d2038e3d) Importer(815301076,1909f56bfc062723c751e8b465ee728b)
Start importing Assets/Spine Examples/Spine Skeletons/whirlyblendmodes/whirlyblendmodes.png using Guid(dc1b9f9665c8aa74799404a1d2038e3d) Importer(815301076,1909f56bfc062723c751e8b465ee728b)  -> (artifact id: '111109d1bbd9cafd26cd44e017f3ead6') in 0.007018 seconds 
========================================================================
Received Import Request.
  Time since last request: 0.000015 seconds.
  path: Assets/Spine Examples/Spine Skeletons/Stretchyman/stretchyman-emission.png
  artifactKey: Guid(4cad8f072f658544a80ba2b271aec125) Importer(815301076,1909f56bfc062723c751e8b465ee728b)
Start importing Assets/Spine Examples/Spine Skeletons/Stretchyman/stretchyman-emission.png using Guid(4cad8f072f658544a80ba2b271aec125) Importer(815301076,1909f56bfc062723c751e8b465ee728b)  -> (artifact id: 'f37c658c2bb57fcf96d6bb8abfef020d') in 0.010304 seconds 
========================================================================
Received Import Request.
  Time since last request: 0.000014 seconds.
  path: Assets/Character/run/run_06.png
  artifactKey: Guid(4025ab6d415634ad2bc54a0b91f301c8) Importer(815301076,1909f56bfc062723c751e8b465ee728b)
Start importing Assets/Character/run/run_06.png using Guid(4025ab6d415634ad2bc54a0b91f301c8) Importer(815301076,1909f56bfc062723c751e8b465ee728b)  -> (artifact id: 'c76f1e3e0ed552a2bf5da4193fd86e76') in 0.018727 seconds 
========================================================================
Received Import Request.
  Time since last request: 0.000019 seconds.
  path: Assets/Character/run/run_18.png
  artifactKey: Guid(16443ca0e4b514b18be2448486456c62) Importer(815301076,1909f56bfc062723c751e8b465ee728b)
Start importing Assets/Character/run/run_18.png using Guid(16443ca0e4b514b18be2448486456c62) Importer(815301076,1909f56bfc062723c751e8b465ee728b)  -> (artifact id: '6746fed3e7cf25050d0ff1c6e6a76055') in 0.019322 seconds 
========================================================================
Received Import Request.
  Time since last request: 0.000026 seconds.
  path: Assets/Character/run/run_07.png
  artifactKey: Guid(69f0b361265df467c8f42128a1da3915) Importer(815301076,1909f56bfc062723c751e8b465ee728b)
Start importing Assets/Character/run/run_07.png using Guid(69f0b361265df467c8f42128a1da3915) Importer(815301076,1909f56bfc062723c751e8b465ee728b)  -> (artifact id: 'f85eb76ce01c716f372be89270f8b23e') in 0.016524 seconds 
========================================================================
Received Import Request.
  Time since last request: 0.000018 seconds.
  path: Assets/Character/idle/idle_14.png
  artifactKey: Guid(3246d4cf764404321904b6adb2da2439) Importer(815301076,1909f56bfc062723c751e8b465ee728b)
Start importing Assets/Character/idle/idle_14.png using Guid(3246d4cf764404321904b6adb2da2439) Importer(815301076,1909f56bfc062723c751e8b465ee728b)  -> (artifact id: 'c4f8ea1ed502351418a159e7242cc994') in 0.015501 seconds 
========================================================================
Received Import Request.
  Time since last request: 0.000020 seconds.
  path: Assets/Spine Examples/Spine Skeletons/Raggedy Spineboy/Raggedy Spineboy.png
  artifactKey: Guid(b29bbacbc2368c94a9c942d176ac6f59) Importer(815301076,1909f56bfc062723c751e8b465ee728b)
Start importing Assets/Spine Examples/Spine Skeletons/Raggedy Spineboy/Raggedy Spineboy.png using Guid(b29bbacbc2368c94a9c942d176ac6f59) Importer(815301076,1909f56bfc062723c751e8b465ee728b)  -> (artifact id: 'ae4e1aab09ea2eaecd5c4e4c8fc85480') in 0.006882 seconds 
========================================================================
Received Import Request.
  Time since last request: 0.000015 seconds.
  path: Assets/Character/damage/damage_06.png
  artifactKey: Guid(b06019d9a54ce4b798a14cb2d330944f) Importer(815301076,1909f56bfc062723c751e8b465ee728b)
Start importing Assets/Character/damage/damage_06.png using Guid(b06019d9a54ce4b798a14cb2d330944f) Importer(815301076,1909f56bfc062723c751e8b465ee728b)  -> (artifact id: 'aeb695bef51edba363ac03b61ee94e23') in 0.020300 seconds 
========================================================================
Received Import Request.
  Time since last request: 0.000027 seconds.
  path: Assets/Character/damage/damage_09.png
  artifactKey: Guid(f7b7be583221643bbbfc28119ca73d2b) Importer(815301076,1909f56bfc062723c751e8b465ee728b)
Start importing Assets/Character/damage/damage_09.png using Guid(f7b7be583221643bbbfc28119ca73d2b) Importer(815301076,1909f56bfc062723c751e8b465ee728b)  -> (artifact id: 'f9d58de83e944bd3164f103a7102ce26') in 0.018894 seconds 
========================================================================
Received Import Request.
  Time since last request: 0.000016 seconds.
  path: Assets/Character/dead/dead_47.png
  artifactKey: Guid(4ba0d580af3814b4fb417e01e166cf49) Importer(815301076,1909f56bfc062723c751e8b465ee728b)
Start importing Assets/Character/dead/dead_47.png using Guid(4ba0d580af3814b4fb417e01e166cf49) Importer(815301076,1909f56bfc062723c751e8b465ee728b)  -> (artifact id: '2e848c372c4472e0b9b74863cc8850eb') in 0.023221 seconds 
========================================================================
Received Import Request.
  Time since last request: 0.000016 seconds.
  path: Assets/Character/attack_b/attack_b_17.png
  artifactKey: Guid(aa4ca7c2379e14db98625dcb50b96a95) Importer(815301076,1909f56bfc062723c751e8b465ee728b)
Start importing Assets/Character/attack_b/attack_b_17.png using Guid(aa4ca7c2379e14db98625dcb50b96a95) Importer(815301076,1909f56bfc062723c751e8b465ee728b)  -> (artifact id: '962df55c14fcbe9f1a94dab942b93de6') in 0.022660 seconds 
========================================================================
Received Import Request.
  Time since last request: 0.000018 seconds.
  path: Assets/Character/dead/dead_28.png
  artifactKey: Guid(9ff5480d25ba84831aafc52ea2965a48) Importer(815301076,1909f56bfc062723c751e8b465ee728b)
Start importing Assets/Character/dead/dead_28.png using Guid(9ff5480d25ba84831aafc52ea2965a48) Importer(815301076,1909f56bfc062723c751e8b465ee728b)  -> (artifact id: '817854279536493b0a89d0ec4d052423') in 0.023700 seconds 
========================================================================
Received Import Request.
  Time since last request: 0.000014 seconds.
  path: Assets/Character/walk/walk_09.png
  artifactKey: Guid(47e22b39c5dbb43d88c3ca3ca4fb917a) Importer(815301076,1909f56bfc062723c751e8b465ee728b)
Start importing Assets/Character/walk/walk_09.png using Guid(47e22b39c5dbb43d88c3ca3ca4fb917a) Importer(815301076,1909f56bfc062723c751e8b465ee728b)  -> (artifact id: 'bcbf89c7a6dfd4e69404587aedb103a2') in 0.017208 seconds 
========================================================================
Received Import Request.
  Time since last request: 0.000018 seconds.
  path: Assets/Spine/Editor/spine-unity/Editor/GUI/icon-skeletonUtility.png
  artifactKey: Guid(5bb0631368b462047869d8788673cb48) Importer(815301076,1909f56bfc062723c751e8b465ee728b)
Start importing Assets/Spine/Editor/spine-unity/Editor/GUI/icon-skeletonUtility.png using Guid(5bb0631368b462047869d8788673cb48) Importer(815301076,1909f56bfc062723c751e8b465ee728b)  -> (artifact id: 'df2eb0f6c861524e3dddd644a97d17a9') in 0.006331 seconds 
========================================================================
Received Import Request.
  Time since last request: 0.000022 seconds.
  path: Assets/Character/idle/idle_27.png
  artifactKey: Guid(a68012c545434412b9a697adb4d020a5) Importer(815301076,1909f56bfc062723c751e8b465ee728b)
Start importing Assets/Character/idle/idle_27.png using Guid(a68012c545434412b9a697adb4d020a5) Importer(815301076,1909f56bfc062723c751e8b465ee728b)  -> (artifact id: '8c9f937e5712b6cdc6c0786a19a6d7e8') in 0.015453 seconds 
========================================================================
Received Import Request.
  Time since last request: 0.000014 seconds.
  path: Assets/Character/damage_b/damage_b_03.png
  artifactKey: Guid(17bf5611b6f0746fa8593f5ff6c7e10d) Importer(815301076,1909f56bfc062723c751e8b465ee728b)
Start importing Assets/Character/damage_b/damage_b_03.png using Guid(17bf5611b6f0746fa8593f5ff6c7e10d) Importer(815301076,1909f56bfc062723c751e8b465ee728b)  -> (artifact id: '23e9168d85cb9f92dafe4741a246d50c') in 0.018283 seconds 
========================================================================
Received Import Request.
  Time since last request: 0.000017 seconds.
  path: Assets/Spine/Editor/spine-unity/Editor/GUI/icon-slot.png
  artifactKey: Guid(0338faf3e7d93e2478fcbc022d13e081) Importer(815301076,1909f56bfc062723c751e8b465ee728b)
Start importing Assets/Spine/Editor/spine-unity/Editor/GUI/icon-slot.png using Guid(0338faf3e7d93e2478fcbc022d13e081) Importer(815301076,1909f56bfc062723c751e8b465ee728b)  -> (artifact id: 'c464ba5b9f69fe6d5f35d10adfde59f2') in 0.005898 seconds 
========================================================================
Received Import Request.
  Time since last request: 0.000022 seconds.
  path: Assets/Character/run/run_02.png
  artifactKey: Guid(931366fae30654c08b47a090981e17e8) Importer(815301076,1909f56bfc062723c751e8b465ee728b)
Start importing Assets/Character/run/run_02.png using Guid(931366fae30654c08b47a090981e17e8) Importer(815301076,1909f56bfc062723c751e8b465ee728b)  -> (artifact id: '7de2d42254659d05d728174d816a607d') in 0.017335 seconds 
========================================================================
Received Import Request.
  Time since last request: 0.000016 seconds.
  path: Assets/Spine Examples/Spine Skeletons/Dragon/dragon5.png
  artifactKey: Guid(d3a3452c852fdd84ea122c9533745866) Importer(815301076,1909f56bfc062723c751e8b465ee728b)
Start importing Assets/Spine Examples/Spine Skeletons/Dragon/dragon5.png using Guid(d3a3452c852fdd84ea122c9533745866) Importer(815301076,1909f56bfc062723c751e8b465ee728b)  -> (artifact id: 'c7714d10175484a43129e9b9782c28c5') in 0.008517 seconds 
========================================================================
Received Import Request.
  Time since last request: 0.000015 seconds.
  path: Assets/Spine Examples/Spine Skeletons/Dragon/dragon6.png
  artifactKey: Guid(a87fe78b999f42f459397732f7c75303) Importer(815301076,1909f56bfc062723c751e8b465ee728b)
Start importing Assets/Spine Examples/Spine Skeletons/Dragon/dragon6.png using Guid(a87fe78b999f42f459397732f7c75303) Importer(815301076,1909f56bfc062723c751e8b465ee728b)  -> (artifact id: '194c927f4b7b69c221edfb82b7fd244d') in 0.008589 seconds 
========================================================================
Received Import Request.
  Time since last request: 0.000017 seconds.
  path: Assets/Character/damage_a/damage_a_14.png
  artifactKey: Guid(f1d8479b41abb45738c3b0feeadcb73b) Importer(815301076,1909f56bfc062723c751e8b465ee728b)
Start importing Assets/Character/damage_a/damage_a_14.png using Guid(f1d8479b41abb45738c3b0feeadcb73b) Importer(815301076,1909f56bfc062723c751e8b465ee728b)  -> (artifact id: '78b7f0477afb0a40d0e6a8ac12a51055') in 0.018587 seconds 
========================================================================
Received Import Request.
  Time since last request: 0.000016 seconds.
  path: Assets/Character/damage/damage_07.png
  artifactKey: Guid(d55d203b32cb343fdb6d398c1d1735fe) Importer(815301076,1909f56bfc062723c751e8b465ee728b)
Start importing Assets/Character/damage/damage_07.png using Guid(d55d203b32cb343fdb6d398c1d1735fe) Importer(815301076,1909f56bfc062723c751e8b465ee728b)  -> (artifact id: 'f2e8a110029e4d4e95b54a5a3ef52073') in 0.019504 seconds 
========================================================================
Received Import Request.
  Time since last request: 0.000020 seconds.
  path: Assets/Character/dead/dead_25.png
  artifactKey: Guid(ba8ceecf8b4034c2b8313dac1a2e16be) Importer(815301076,1909f56bfc062723c751e8b465ee728b)
Start importing Assets/Character/dead/dead_25.png using Guid(ba8ceecf8b4034c2b8313dac1a2e16be) Importer(815301076,1909f56bfc062723c751e8b465ee728b)  -> (artifact id: '204478669df1f40ab41600d313fe8853') in 0.026731 seconds 
========================================================================
Received Import Request.
  Time since last request: 0.000018 seconds.
  path: Assets/Character/run/run_14.png
  artifactKey: Guid(7dcda069ea937463bac12e7fb84bb907) Importer(815301076,1909f56bfc062723c751e8b465ee728b)
Start importing Assets/Character/run/run_14.png using Guid(7dcda069ea937463bac12e7fb84bb907) Importer(815301076,1909f56bfc062723c751e8b465ee728b)  -> (artifact id: 'bd9a12e1280bc48ddaec3afc94931077') in 0.021295 seconds 
========================================================================
Received Import Request.
  Time since last request: 0.000017 seconds.
  path: Assets/Character/dead/dead_18.png
  artifactKey: Guid(a5841bf6775be44739b0743a8ac22cf2) Importer(815301076,1909f56bfc062723c751e8b465ee728b)
Start importing Assets/Character/dead/dead_18.png using Guid(a5841bf6775be44739b0743a8ac22cf2) Importer(815301076,1909f56bfc062723c751e8b465ee728b)  -> (artifact id: '14945b77d3eaa5ada663c80bbb2b23f7') in 0.027966 seconds 
========================================================================
Received Import Request.
  Time since last request: 0.000030 seconds.
  path: Assets/Spine Examples/Spine Skeletons/spineboy-unity/Equips/goggles-tactical.png
  artifactKey: Guid(4f554405f8f06164db0773d689da243c) Importer(815301076,1909f56bfc062723c751e8b465ee728b)
Start importing Assets/Spine Examples/Spine Skeletons/spineboy-unity/Equips/goggles-tactical.png using Guid(4f554405f8f06164db0773d689da243c) Importer(815301076,1909f56bfc062723c751e8b465ee728b)  -> (artifact id: 'e44c05ab67ce7646e8cd72e575a79929') in 0.016416 seconds 
========================================================================
Received Import Request.
  Time since last request: 0.000016 seconds.
  path: Assets/Spine Examples/Spine Skeletons/Eyes/eyes.png
  artifactKey: Guid(49441e5a1682e564694545bd9b509785) Importer(815301076,1909f56bfc062723c751e8b465ee728b)
Start importing Assets/Spine Examples/Spine Skeletons/Eyes/eyes.png using Guid(49441e5a1682e564694545bd9b509785) Importer(815301076,1909f56bfc062723c751e8b465ee728b)  -> (artifact id: '184bbb0148d060a94b2b200e17ae5a3e') in 0.008536 seconds 
========================================================================
Received Import Request.
  Time since last request: 0.000019 seconds.
  path: Assets/Character/dead/dead_42.png
  artifactKey: Guid(2260443afd4874450b2d97710e1db12d) Importer(815301076,1909f56bfc062723c751e8b465ee728b)
Start importing Assets/Character/dead/dead_42.png using Guid(2260443afd4874450b2d97710e1db12d) Importer(815301076,1909f56bfc062723c751e8b465ee728b)  -> (artifact id: '25e7017b779e5ee067577151ec808e15') in 0.027902 seconds 
========================================================================
Received Import Request.
  Time since last request: 0.000020 seconds.
  path: Assets/Character/damage_a/damage_a_01.png
  artifactKey: Guid(06be47cf79be442128bcbf0080533fb9) Importer(815301076,1909f56bfc062723c751e8b465ee728b)
Start importing Assets/Character/damage_a/damage_a_01.png using Guid(06be47cf79be442128bcbf0080533fb9) Importer(815301076,1909f56bfc062723c751e8b465ee728b)  -> (artifact id: 'f3995c094099c1be216ed80a1596077e') in 0.022768 seconds 
========================================================================
Received Import Request.
  Time since last request: 0.000015 seconds.
  path: Assets/Character/damage/damage_02.png
  artifactKey: Guid(fef6c43b944da4eb19a050aef4386983) Importer(815301076,1909f56bfc062723c751e8b465ee728b)
Start importing Assets/Character/damage/damage_02.png using Guid(fef6c43b944da4eb19a050aef4386983) Importer(815301076,1909f56bfc062723c751e8b465ee728b)  -> (artifact id: '4aae8a8420a83d8268ea6bc9b9ea0609') in 0.021750 seconds 
========================================================================
Received Import Request.
  Time since last request: 0.000020 seconds.
  path: Assets/Character/damage_b/damage_b_02.png
  artifactKey: Guid(d22c442b089eb40b2b4dc3c0bd5763c7) Importer(815301076,1909f56bfc062723c751e8b465ee728b)
Start importing Assets/Character/damage_b/damage_b_02.png using Guid(d22c442b089eb40b2b4dc3c0bd5763c7) Importer(815301076,1909f56bfc062723c751e8b465ee728b)  -> (artifact id: 'ab461a4ec78fb922f35e2f31ed5537fd') in 0.020511 seconds 
========================================================================
Received Import Request.
  Time since last request: 0.000016 seconds.
  path: Assets/Character/walk/walk_18.png
  artifactKey: Guid(3612d3778b258471abf250eea0929b5d) Importer(815301076,1909f56bfc062723c751e8b465ee728b)
Start importing Assets/Character/walk/walk_18.png using Guid(3612d3778b258471abf250eea0929b5d) Importer(815301076,1909f56bfc062723c751e8b465ee728b)  -> (artifact id: 'a6b537c70a88c6f85303416809138fc8') in 0.018320 seconds 
========================================================================
Received Import Request.
  Time since last request: 0.000017 seconds.
  path: Assets/Character/attack_c/attack_c_13.png
  artifactKey: Guid(64436891ca90d420d8b716794c8678e3) Importer(815301076,1909f56bfc062723c751e8b465ee728b)
Start importing Assets/Character/attack_c/attack_c_13.png using Guid(64436891ca90d420d8b716794c8678e3) Importer(815301076,1909f56bfc062723c751e8b465ee728b)  -> (artifact id: '67999dc6f0d80a6994db872ce43dc29f') in 0.022614 seconds 
========================================================================
Received Import Request.
  Time since last request: 0.000014 seconds.
  path: Assets/Spine Examples/Spine Skeletons/Gauge/Gauge.png
  artifactKey: Guid(a11301aad15ed6b4995485a02a81b132) Importer(815301076,1909f56bfc062723c751e8b465ee728b)
Start importing Assets/Spine Examples/Spine Skeletons/Gauge/Gauge.png using Guid(a11301aad15ed6b4995485a02a81b132) Importer(815301076,1909f56bfc062723c751e8b465ee728b)  -> (artifact id: '47c55f633c54157a9ba8a3b9b3511076') in 0.006523 seconds 
========================================================================
Received Import Request.
  Time since last request: 0.000016 seconds.
  path: Assets/Character/damage_a/damage_a_04.png
  artifactKey: Guid(7c0fd00ac507144809e12b4f6e4ae5bf) Importer(815301076,1909f56bfc062723c751e8b465ee728b)
Start importing Assets/Character/damage_a/damage_a_04.png using Guid(7c0fd00ac507144809e12b4f6e4ae5bf) Importer(815301076,1909f56bfc062723c751e8b465ee728b)  -> (artifact id: '48e67845a26443be9346be8ec739402d') in 0.018336 seconds 
========================================================================
Received Import Request.
  Time since last request: 0.000021 seconds.
  path: Assets/Character/idle/idle_26.png
  artifactKey: Guid(4957cbbbb1eae4f679fd71ca1abf954c) Importer(815301076,1909f56bfc062723c751e8b465ee728b)
Start importing Assets/Character/idle/idle_26.png using Guid(4957cbbbb1eae4f679fd71ca1abf954c) Importer(815301076,1909f56bfc062723c751e8b465ee728b)  -> (artifact id: '6f22eb56fac60bc5c27039c76602797c') in 0.015964 seconds 
========================================================================
Received Import Request.
  Time since last request: 0.000021 seconds.
  path: Assets/Character/damage_b/damage_b_04.png
  artifactKey: Guid(fb81983d861ce463fbefc12b9dce5d7c) Importer(815301076,1909f56bfc062723c751e8b465ee728b)
Start importing Assets/Character/damage_b/damage_b_04.png using Guid(fb81983d861ce463fbefc12b9dce5d7c) Importer(815301076,1909f56bfc062723c751e8b465ee728b)  -> (artifact id: '875d37058fc777c3ba220fd762892340') in 0.018493 seconds 
========================================================================
Received Import Request.
  Time since last request: 0.000016 seconds.
  path: Assets/Character/run/run_11.png
  artifactKey: Guid(1ee033cc38a314e8781caa2b0c558870) Importer(815301076,1909f56bfc062723c751e8b465ee728b)
Start importing Assets/Character/run/run_11.png using Guid(1ee033cc38a314e8781caa2b0c558870) Importer(815301076,1909f56bfc062723c751e8b465ee728b)  -> (artifact id: '737c4fbea5d0e0fcc8d474c2e3c74dbd') in 0.017115 seconds 
========================================================================
Received Import Request.
  Time since last request: 0.000020 seconds.
  path: Assets/Spine/Editor/spine-unity/Editor/GUI/SkeletonDataAsset Icon.png
  artifactKey: Guid(68defdbc95b30a74a9ad396bfc9a2277) Importer(815301076,1909f56bfc062723c751e8b465ee728b)
Start importing Assets/Spine/Editor/spine-unity/Editor/GUI/SkeletonDataAsset Icon.png using Guid(68defdbc95b30a74a9ad396bfc9a2277) Importer(815301076,1909f56bfc062723c751e8b465ee728b)  -> (artifact id: 'e9c3b19bab9d8812b2b9803be6c3110e') in 0.006242 seconds 
========================================================================
Received Import Request.
  Time since last request: 0.000015 seconds.
  path: Assets/Character/damage_a/damage_a_20.png
  artifactKey: Guid(bd93e925c7fc949e184855328153bdc8) Importer(815301076,1909f56bfc062723c751e8b465ee728b)
Start importing Assets/Character/damage_a/damage_a_20.png using Guid(bd93e925c7fc949e184855328153bdc8) Importer(815301076,1909f56bfc062723c751e8b465ee728b)  -> (artifact id: '3817f31735f8b04eaef751b807717ba9') in 0.016947 seconds 
========================================================================
Received Import Request.
  Time since last request: 0.000014 seconds.
  path: Assets/Character/run/run_04.png
  artifactKey: Guid(15c4d7479567b47dfb83cfc968429efa) Importer(815301076,1909f56bfc062723c751e8b465ee728b)
Start importing Assets/Character/run/run_04.png using Guid(15c4d7479567b47dfb83cfc968429efa) Importer(815301076,1909f56bfc062723c751e8b465ee728b)  -> (artifact id: '47fc77a0b96ff7156ae0c7ca25e922c4') in 0.016789 seconds 
========================================================================
Received Import Request.
  Time since last request: 0.000013 seconds.
  path: Assets/Spine/Editor/spine-unity/Editor/GUI/icon-boundingBox.png
  artifactKey: Guid(955aed20030d0504b8a9c6934a5cb47a) Importer(815301076,1909f56bfc062723c751e8b465ee728b)
Start importing Assets/Spine/Editor/spine-unity/Editor/GUI/icon-boundingBox.png using Guid(955aed20030d0504b8a9c6934a5cb47a) Importer(815301076,1909f56bfc062723c751e8b465ee728b)  -> (artifact id: '1141934355cf5fb8001048cf0b4dd74f') in 0.007777 seconds 
========================================================================
Received Import Request.
  Time since last request: 0.000019 seconds.
  path: Assets/Character/attack_c/attack_c_11.png
  artifactKey: Guid(7a6c1e910c7a24fc2a3b867a9fad5561) Importer(815301076,1909f56bfc062723c751e8b465ee728b)
Start importing Assets/Character/attack_c/attack_c_11.png using Guid(7a6c1e910c7a24fc2a3b867a9fad5561) Importer(815301076,1909f56bfc062723c751e8b465ee728b)  -> (artifact id: '25e8be65eff18dfd9acde7b5de431d4b') in 0.026060 seconds 
========================================================================
Received Import Request.
  Time since last request: 0.000017 seconds.
  path: Assets/Character/damage_a/damage_a_13.png
  artifactKey: Guid(3fc1d32c0d1bd48629f083ea5ebc8c2c) Importer(815301076,1909f56bfc062723c751e8b465ee728b)
Start importing Assets/Character/damage_a/damage_a_13.png using Guid(3fc1d32c0d1bd48629f083ea5ebc8c2c) Importer(815301076,1909f56bfc062723c751e8b465ee728b)  -> (artifact id: '481269a054f0cacb052db5d775229d79') in 0.023197 seconds 
========================================================================
Received Import Request.
  Time since last request: 0.000023 seconds.
  path: Assets/Character/attack_c/attack_c_01.png
  artifactKey: Guid(966ef86b63bbe41dba2c4968383ed01c) Importer(815301076,1909f56bfc062723c751e8b465ee728b)
Start importing Assets/Character/attack_c/attack_c_01.png using Guid(966ef86b63bbe41dba2c4968383ed01c) Importer(815301076,1909f56bfc062723c751e8b465ee728b)  -> (artifact id: 'e9b823f31ffcd8e1b9d81a48d711459f') in 0.024579 seconds 
========================================================================
Received Import Request.
  Time since last request: 0.000018 seconds.
  path: Assets/Character/damage_a/damage_a_02.png
  artifactKey: Guid(8ce3459fc1dc3482c9f4ff72faa3dd20) Importer(815301076,1909f56bfc062723c751e8b465ee728b)
Start importing Assets/Character/damage_a/damage_a_02.png using Guid(8ce3459fc1dc3482c9f4ff72faa3dd20) Importer(815301076,1909f56bfc062723c751e8b465ee728b)  -> (artifact id: 'ead5fa0ef1f451b60ec688d2f578a2ca') in 0.025784 seconds 
========================================================================
Received Import Request.
  Time since last request: 0.000022 seconds.
  path: Assets/Character/run/run_20.png
  artifactKey: Guid(123898a47eebf4217b2d687d58216a39) Importer(815301076,1909f56bfc062723c751e8b465ee728b)
Start importing Assets/Character/run/run_20.png using Guid(123898a47eebf4217b2d687d58216a39) Importer(815301076,1909f56bfc062723c751e8b465ee728b)  -> (artifact id: 'e28cd125cba2fea5b68d5f3cbf6c4dc1') in 0.020029 seconds 
========================================================================
Received Import Request.
  Time since last request: 0.000028 seconds.
  path: Assets/Character/damage_a/damage_a_05.png
  artifactKey: Guid(2a7e75a4bf62e440faae2c948c242052) Importer(815301076,1909f56bfc062723c751e8b465ee728b)
Start importing Assets/Character/damage_a/damage_a_05.png using Guid(2a7e75a4bf62e440faae2c948c242052) Importer(815301076,1909f56bfc062723c751e8b465ee728b)  -> (artifact id: '223336e7e988eb3d7a8126e92656480d') in 0.021854 seconds 
========================================================================
Received Import Request.
  Time since last request: 0.000016 seconds.
  path: Assets/Character/idle/idle_25.png
  artifactKey: Guid(8432c1cd8dd04455e98c26fd65a8739a) Importer(815301076,1909f56bfc062723c751e8b465ee728b)
Start importing Assets/Character/idle/idle_25.png using Guid(8432c1cd8dd04455e98c26fd65a8739a) Importer(815301076,1909f56bfc062723c751e8b465ee728b)  -> (artifact id: '012bebf56c47f445cb5392adbeb20d9a') in 0.017226 seconds 
========================================================================
Received Import Request.
  Time since last request: 0.000014 seconds.
  path: Assets/Character/run/run_01.png
  artifactKey: Guid(10deabd0d661d4d5f90122a7785af37e) Importer(815301076,1909f56bfc062723c751e8b465ee728b)
Start importing Assets/Character/run/run_01.png using Guid(10deabd0d661d4d5f90122a7785af37e) Importer(815301076,1909f56bfc062723c751e8b465ee728b)  -> (artifact id: 'be925bdff18253112717740c03665ba6') in 0.022311 seconds 
========================================================================
Received Import Request.
  Time since last request: 0.000024 seconds.
  path: Assets/Character/attack_b/attack_b_23.png
  artifactKey: Guid(ce680f3af6eda4a198adac3d8a68645f) Importer(815301076,1909f56bfc062723c751e8b465ee728b)
Start importing Assets/Character/attack_b/attack_b_23.png using Guid(ce680f3af6eda4a198adac3d8a68645f) Importer(815301076,1909f56bfc062723c751e8b465ee728b)  -> (artifact id: '034560f360ce18f15602663aefcc1648') in 0.024256 seconds 
========================================================================
Received Import Request.
  Time since last request: 0.000022 seconds.
  path: Assets/Character/damage/damage_11.png
  artifactKey: Guid(eec1e90ca614c4ed99edf3faf3dcce8f) Importer(815301076,1909f56bfc062723c751e8b465ee728b)
Start importing Assets/Character/damage/damage_11.png using Guid(eec1e90ca614c4ed99edf3faf3dcce8f) Importer(815301076,1909f56bfc062723c751e8b465ee728b)  -> (artifact id: '9afc448de720bdf276bf6e87248ceade') in 0.021059 seconds 
========================================================================
Received Import Request.
  Time since last request: 0.000020 seconds.
  path: Assets/Character/run/run_15.png
  artifactKey: Guid(c5f84fd4d3abf4ef88750c82de54d8e9) Importer(815301076,1909f56bfc062723c751e8b465ee728b)
Start importing Assets/Character/run/run_15.png using Guid(c5f84fd4d3abf4ef88750c82de54d8e9) Importer(815301076,1909f56bfc062723c751e8b465ee728b)  -> (artifact id: '6739f7901e1366f91dd9c0b0e6b9369a') in 0.020206 seconds 
========================================================================
Received Import Request.
  Time since last request: 0.000019 seconds.
  path: Assets/Character/idle/idle_02.png
  artifactKey: Guid(f8e2fbc978ca44e9eb95599036015ba8) Importer(815301076,1909f56bfc062723c751e8b465ee728b)
Start importing Assets/Character/idle/idle_02.png using Guid(f8e2fbc978ca44e9eb95599036015ba8) Importer(815301076,1909f56bfc062723c751e8b465ee728b)  -> (artifact id: '046285af5546a1f9ffe3577cd329f95d') in 0.017371 seconds 
========================================================================
Received Import Request.
  Time since last request: 0.000016 seconds.
  path: Assets/Character/dead/dead_14.png
  artifactKey: Guid(db370bd4cb6a94321a7ba9ff724dfb3b) Importer(815301076,1909f56bfc062723c751e8b465ee728b)
Start importing Assets/Character/dead/dead_14.png using Guid(db370bd4cb6a94321a7ba9ff724dfb3b) Importer(815301076,1909f56bfc062723c751e8b465ee728b)  -> (artifact id: '4cfac9a8b16835fd6a4dbf45e01279dc') in 0.024823 seconds 
========================================================================
Received Import Request.
  Time since last request: 0.000024 seconds.
  path: Assets/Spine/Editor/spine-unity/Editor/GUI/icon-constraints.png
  artifactKey: Guid(ed0736a1eb519ef42b4892d1db2426b3) Importer(815301076,1909f56bfc062723c751e8b465ee728b)
Start importing Assets/Spine/Editor/spine-unity/Editor/GUI/icon-constraints.png using Guid(ed0736a1eb519ef42b4892d1db2426b3) Importer(815301076,1909f56bfc062723c751e8b465ee728b)  -> (artifact id: '9e3051791c2aa797e6aad815d532809a') in 0.007112 seconds 
========================================================================
Received Import Request.
  Time since last request: 0.000024 seconds.
  path: Assets/Spine/Editor/spine-unity/Editor/GUI/icon-animation.png
  artifactKey: Guid(52b12ec801461494185a4d3dc66f3d1d) Importer(815301076,1909f56bfc062723c751e8b465ee728b)
Start importing Assets/Spine/Editor/spine-unity/Editor/GUI/icon-animation.png using Guid(52b12ec801461494185a4d3dc66f3d1d) Importer(815301076,1909f56bfc062723c751e8b465ee728b)  -> (artifact id: '5d058c97edc282086bea8a1ed1248446') in 0.007776 seconds 
========================================================================
Received Import Request.
  Time since last request: 0.000016 seconds.
  path: Assets/Character/damage_b/damage_b_16.png
  artifactKey: Guid(810afd7ae1fcf421aaec01b72146966b) Importer(815301076,1909f56bfc062723c751e8b465ee728b)
Start importing Assets/Character/damage_b/damage_b_16.png using Guid(810afd7ae1fcf421aaec01b72146966b) Importer(815301076,1909f56bfc062723c751e8b465ee728b)  -> (artifact id: '070912ed14cf192f9f9189ab6a049bce') in 0.019330 seconds 
========================================================================
Received Import Request.
  Time since last request: 0.000023 seconds.
  path: Assets/Character/damage_a/damage_a_22.png
  artifactKey: Guid(328a45b38e8ba4fa8a651d7d81697cb9) Importer(815301076,1909f56bfc062723c751e8b465ee728b)
Start importing Assets/Character/damage_a/damage_a_22.png using Guid(328a45b38e8ba4fa8a651d7d81697cb9) Importer(815301076,1909f56bfc062723c751e8b465ee728b)  -> (artifact id: '3bfffe986794b1e240fdf3c762113b0b') in 0.020972 seconds 
========================================================================
Received Import Request.
  Time since last request: 0.000015 seconds.
  path: Assets/Character/attack_c/attack_c_00.png
  artifactKey: Guid(b065ffa865e3745829702bcd396bcdcf) Importer(815301076,1909f56bfc062723c751e8b465ee728b)
Start importing Assets/Character/attack_c/attack_c_00.png using Guid(b065ffa865e3745829702bcd396bcdcf) Importer(815301076,1909f56bfc062723c751e8b465ee728b)  -> (artifact id: '8e825696a789019f475d7a0690c60b97') in 0.025922 seconds 
========================================================================
Received Import Request.
  Time since last request: 0.000016 seconds.
  path: Assets/Spine/Editor/spine-unity/Editor/GUI/icon-boneNib.png
  artifactKey: Guid(97a43f11e00735147a9dc3dff6d68191) Importer(815301076,1909f56bfc062723c751e8b465ee728b)
Start importing Assets/Spine/Editor/spine-unity/Editor/GUI/icon-boneNib.png using Guid(97a43f11e00735147a9dc3dff6d68191) Importer(815301076,1909f56bfc062723c751e8b465ee728b)  -> (artifact id: 'b9d563ac063938563d43e1c99ab4e0d3') in 0.007294 seconds 
========================================================================
Received Import Request.
  Time since last request: 0.000014 seconds.
  path: Assets/Character/damage_a/damage_a_08.png
  artifactKey: Guid(ad2a8b85af0b94f01980b43aef28371c) Importer(815301076,1909f56bfc062723c751e8b465ee728b)
Start importing Assets/Character/damage_a/damage_a_08.png using Guid(ad2a8b85af0b94f01980b43aef28371c) Importer(815301076,1909f56bfc062723c751e8b465ee728b)  -> (artifact id: 'b740204c10572d203c84eb536e61fba3') in 0.018881 seconds 
========================================================================
Received Import Request.
  Time since last request: 0.000020 seconds.
  path: Assets/Character/attack_c/attack_c_02.png
  artifactKey: Guid(b70b361723fe142668b2bec9fc325a8e) Importer(815301076,1909f56bfc062723c751e8b465ee728b)
Start importing Assets/Character/attack_c/attack_c_02.png using Guid(b70b361723fe142668b2bec9fc325a8e) Importer(815301076,1909f56bfc062723c751e8b465ee728b)  -> (artifact id: 'cd521b1081c0326a8af63585e8f98ebb') in 0.025299 seconds 
========================================================================
Received Import Request.
  Time since last request: 0.000016 seconds.
  path: Assets/Character/attack_c/attack_c_05.png
  artifactKey: Guid(028d4e5aced0a4832a824e6f743d7067) Importer(815301076,1909f56bfc062723c751e8b465ee728b)
Start importing Assets/Character/attack_c/attack_c_05.png using Guid(028d4e5aced0a4832a824e6f743d7067) Importer(815301076,1909f56bfc062723c751e8b465ee728b)  -> (artifact id: 'afccad5fdf90c95e917fba667edd0ebd') in 0.024350 seconds 
========================================================================
Received Import Request.
  Time since last request: 0.000015 seconds.
  path: Assets/Spine/Editor/spine-unity/Editor/GUI/icon-event.png
  artifactKey: Guid(d226a80acc775714aa78b85e16a00e9b) Importer(815301076,1909f56bfc062723c751e8b465ee728b)
Start importing Assets/Spine/Editor/spine-unity/Editor/GUI/icon-event.png using Guid(d226a80acc775714aa78b85e16a00e9b) Importer(815301076,1909f56bfc062723c751e8b465ee728b)  -> (artifact id: '746c565d859df1f982b37d9f249b51c2') in 0.005879 seconds 
========================================================================
Received Import Request.
  Time since last request: 0.000015 seconds.
  path: Assets/Character/dead/dead_16.png
  artifactKey: Guid(f3a61619e0e3541b9ac1f63b41608dbb) Importer(815301076,1909f56bfc062723c751e8b465ee728b)
Start importing Assets/Character/dead/dead_16.png using Guid(f3a61619e0e3541b9ac1f63b41608dbb) Importer(815301076,1909f56bfc062723c751e8b465ee728b)  -> (artifact id: '5767fa4d46cfa5403d9340cddf9c2bef') in 0.024210 seconds 
========================================================================
Received Import Request.
  Time since last request: 0.000017 seconds.
  path: Assets/Spine/Editor/spine-unity/Editor/GUI/icon-spine.png
  artifactKey: Guid(4e7c964fa5e07024c8bf1debecc3b7c8) Importer(815301076,1909f56bfc062723c751e8b465ee728b)
Start importing Assets/Spine/Editor/spine-unity/Editor/GUI/icon-spine.png using Guid(4e7c964fa5e07024c8bf1debecc3b7c8) Importer(815301076,1909f56bfc062723c751e8b465ee728b)  -> (artifact id: '3417643f848fdd471422ee3eba663ebd') in 0.006855 seconds 
========================================================================
Received Import Request.
  Time since last request: 0.000022 seconds.
  path: Assets/Character/dead/dead_11.png
  artifactKey: Guid(fa781f19c3d8041bb96c0464e6ad901c) Importer(815301076,1909f56bfc062723c751e8b465ee728b)
Start importing Assets/Character/dead/dead_11.png using Guid(fa781f19c3d8041bb96c0464e6ad901c) Importer(815301076,1909f56bfc062723c751e8b465ee728b)  -> (artifact id: 'd8505cbb6c1689146d4b0b1fd12a69f6') in 0.026388 seconds 
========================================================================
Received Import Request.
  Time since last request: 0.000020 seconds.
  path: Assets/Character/walk/walk_17.png
  artifactKey: Guid(76109255e676c40ed9181a5e1c667a58) Importer(815301076,1909f56bfc062723c751e8b465ee728b)
Start importing Assets/Character/walk/walk_17.png using Guid(76109255e676c40ed9181a5e1c667a58) Importer(815301076,1909f56bfc062723c751e8b465ee728b)  -> (artifact id: 'b00803a4da737edd1a6c961041d0e4d4') in 0.020826 seconds 
========================================================================
Received Import Request.
  Time since last request: 0.000015 seconds.
  path: Assets/Character/damage/damage_12.png
  artifactKey: Guid(15bb4241f33494cb1be3b0b968abe316) Importer(815301076,1909f56bfc062723c751e8b465ee728b)
Start importing Assets/Character/damage/damage_12.png using Guid(15bb4241f33494cb1be3b0b968abe316) Importer(815301076,1909f56bfc062723c751e8b465ee728b)  -> (artifact id: 'a326ac26105b5d372eaec7f87e7c2f95') in 0.021951 seconds 
========================================================================
Received Import Request.
  Time since last request: 0.000017 seconds.
  path: Assets/Character/dead/dead_01.png
  artifactKey: Guid(375464b4afcc247d5a9eb1653fd37dd4) Importer(815301076,1909f56bfc062723c751e8b465ee728b)
Start importing Assets/Character/dead/dead_01.png using Guid(375464b4afcc247d5a9eb1653fd37dd4) Importer(815301076,1909f56bfc062723c751e8b465ee728b)  -> (artifact id: 'f95a2f05560b8e01fcaf40a2a8a649d6') in 0.027548 seconds 
========================================================================
Received Import Request.
  Time since last request: 0.000013 seconds.
  path: Assets/Spine Examples/Spine Skeletons/Spineunitygirl/Doi.png
  artifactKey: Guid(33e128e17951b4a42b17608ff79ba5c5) Importer(815301076,1909f56bfc062723c751e8b465ee728b)
Start importing Assets/Spine Examples/Spine Skeletons/Spineunitygirl/Doi.png using Guid(33e128e17951b4a42b17608ff79ba5c5) Importer(815301076,1909f56bfc062723c751e8b465ee728b)  -> (artifact id: '6f1f09d419c6ab16f81f3dc54247e52f') in 0.007955 seconds 
========================================================================
Received Import Request.
  Time since last request: 0.000044 seconds.
  path: Assets/Spine/Editor/spine-unity/Editor/GUI/icon-skinsRoot.png
  artifactKey: Guid(8bd14c7643597a74ba2edc10a5e4c4ed) Importer(815301076,1909f56bfc062723c751e8b465ee728b)
Start importing Assets/Spine/Editor/spine-unity/Editor/GUI/icon-skinsRoot.png using Guid(8bd14c7643597a74ba2edc10a5e4c4ed) Importer(815301076,1909f56bfc062723c751e8b465ee728b)  -> (artifact id: 'b18a21d8d79946600061aae04a0fa2d4') in 0.008227 seconds 
========================================================================
Received Import Request.
  Time since last request: 0.000020 seconds.
  path: Assets/Character/dead/dead_10.png
  artifactKey: Guid(39b8b60aa8fb34e15bdabe282e026d07) Importer(815301076,1909f56bfc062723c751e8b465ee728b)
Start importing Assets/Character/dead/dead_10.png using Guid(39b8b60aa8fb34e15bdabe282e026d07) Importer(815301076,1909f56bfc062723c751e8b465ee728b)  -> (artifact id: 'c11808590c45fee0fa9c375091a3fc01') in 0.025436 seconds 
========================================================================
Received Import Request.
  Time since last request: 0.000023 seconds.
  path: Assets/Character/damage/damage_00.png
  artifactKey: Guid(60beb6d6e13dd43f2814579629583215) Importer(815301076,1909f56bfc062723c751e8b465ee728b)
Start importing Assets/Character/damage/damage_00.png using Guid(60beb6d6e13dd43f2814579629583215) Importer(815301076,1909f56bfc062723c751e8b465ee728b)  -> (artifact id: 'e0b2ef8fe48302d7cb9a5ceb4aa23a87') in 0.020899 seconds 
========================================================================
Received Import Request.
  Time since last request: 0.000018 seconds.
  path: Assets/Character/run/run_12.png
  artifactKey: Guid(636a22d25e27841d581dd405e95974c4) Importer(815301076,1909f56bfc062723c751e8b465ee728b)
Start importing Assets/Character/run/run_12.png using Guid(636a22d25e27841d581dd405e95974c4) Importer(815301076,1909f56bfc062723c751e8b465ee728b)  -> (artifact id: '5cf481090bdf0bdfd8f9214114d487d8') in 0.020905 seconds 
========================================================================
Received Import Request.
  Time since last request: 0.000021 seconds.
  path: Assets/Character/damage_a/damage_a_17.png
  artifactKey: Guid(5c0febf014f0f427ea85f8a45af1f26a) Importer(815301076,1909f56bfc062723c751e8b465ee728b)
Start importing Assets/Character/damage_a/damage_a_17.png using Guid(5c0febf014f0f427ea85f8a45af1f26a) Importer(815301076,1909f56bfc062723c751e8b465ee728b)  -> (artifact id: '30f190dad2782dd8fd8a7f698ac1bd97') in 0.022640 seconds 
========================================================================
Received Import Request.
  Time since last request: 0.000028 seconds.
  path: Assets/Character/dead/dead_23.png
  artifactKey: Guid(50c242a2d4a6845c795ef17b1bfd7e32) Importer(815301076,1909f56bfc062723c751e8b465ee728b)
Start importing Assets/Character/dead/dead_23.png using Guid(50c242a2d4a6845c795ef17b1bfd7e32) Importer(815301076,1909f56bfc062723c751e8b465ee728b)  -> (artifact id: '339dba57456946a4ac3fc5624a79b547') in 0.030138 seconds 
========================================================================
Received Import Request.
  Time since last request: 0.000020 seconds.
  path: Assets/Character/attack_c/attack_c_06.png
  artifactKey: Guid(b4e0aacec2e584147994cffd4d491f71) Importer(815301076,1909f56bfc062723c751e8b465ee728b)
Start importing Assets/Character/attack_c/attack_c_06.png using Guid(b4e0aacec2e584147994cffd4d491f71) Importer(815301076,1909f56bfc062723c751e8b465ee728b)  -> (artifact id: 'a849d3013a5fd7b26e2e0e4e9c3e116c') in 0.028249 seconds 
========================================================================
Received Import Request.
  Time since last request: 0.000019 seconds.
  path: Assets/Character/idle/idle_30.png
  artifactKey: Guid(ced3f5ade136a446d8cbf5bce46098e4) Importer(815301076,1909f56bfc062723c751e8b465ee728b)
Start importing Assets/Character/idle/idle_30.png using Guid(ced3f5ade136a446d8cbf5bce46098e4) Importer(815301076,1909f56bfc062723c751e8b465ee728b)  -> (artifact id: '0a3a427e05d4fef94d2fd3e63bb0c024') in 0.017384 seconds 
========================================================================
Received Import Request.
  Time since last request: 0.000016 seconds.
  path: Assets/Character/walk/walk_02.png
  artifactKey: Guid(5e08e7261e6754ba3bb7736557f4bff2) Importer(815301076,1909f56bfc062723c751e8b465ee728b)
Start importing Assets/Character/walk/walk_02.png using Guid(5e08e7261e6754ba3bb7736557f4bff2) Importer(815301076,1909f56bfc062723c751e8b465ee728b)  -> (artifact id: '1a2806f859c3e0e76d5bd09c2966770d') in 0.015940 seconds 
========================================================================
Received Import Request.
  Time since last request: 0.000014 seconds.
  path: Assets/Spine Examples/Spine Skeletons/Goblins/goblins.png
  artifactKey: Guid(5fb7efec30c79cb46a705e0d04debb04) Importer(815301076,1909f56bfc062723c751e8b465ee728b)
Start importing Assets/Spine Examples/Spine Skeletons/Goblins/goblins.png using Guid(5fb7efec30c79cb46a705e0d04debb04) Importer(815301076,1909f56bfc062723c751e8b465ee728b)  -> (artifact id: 'a6f928377b6d1c8d37fc26f5a2476799') in 0.007656 seconds 
========================================================================
Received Import Request.
  Time since last request: 0.000016 seconds.
  path: Assets/Character/dead/dead_36.png
  artifactKey: Guid(9a72eebde1c6c4457b015ebeabcb7a6a) Importer(815301076,1909f56bfc062723c751e8b465ee728b)
Start importing Assets/Character/dead/dead_36.png using Guid(9a72eebde1c6c4457b015ebeabcb7a6a) Importer(815301076,1909f56bfc062723c751e8b465ee728b)  -> (artifact id: 'c083d4fca9eb17936a156f396505adae') in 0.022552 seconds 
========================================================================
Received Import Request.
  Time since last request: 0.000016 seconds.
  path: Assets/Character/attack_b/attack_b_18.png
  artifactKey: Guid(1d8dbdad77bef42c699310923a55415e) Importer(815301076,1909f56bfc062723c751e8b465ee728b)
Start importing Assets/Character/attack_b/attack_b_18.png using Guid(1d8dbdad77bef42c699310923a55415e) Importer(815301076,1909f56bfc062723c751e8b465ee728b)  -> (artifact id: '1991ff9da91e6bb9df18318cc42c1fae') in 0.025744 seconds 
========================================================================
Received Import Request.
  Time since last request: 0.000015 seconds.
  path: Assets/Spine Examples/Spine Skeletons/Hero/hero-pro.png
  artifactKey: Guid(25b07e861d1a62f4db687c871e4a3828) Importer(815301076,1909f56bfc062723c751e8b465ee728b)
Start importing Assets/Spine Examples/Spine Skeletons/Hero/hero-pro.png using Guid(25b07e861d1a62f4db687c871e4a3828) Importer(815301076,1909f56bfc062723c751e8b465ee728b)  -> (artifact id: '797d76fc6c275d97726b3a3a1ad8b4ee') in 0.006741 seconds 
========================================================================
Received Import Request.
  Time since last request: 0.000015 seconds.
  path: Assets/Spine/Editor/spine-unity/Editor/GUI/icon-constraintNib.png
  artifactKey: Guid(de1a4f5ad4bdf1a4ea072c4d59ba87d8) Importer(815301076,1909f56bfc062723c751e8b465ee728b)
Start importing Assets/Spine/Editor/spine-unity/Editor/GUI/icon-constraintNib.png using Guid(de1a4f5ad4bdf1a4ea072c4d59ba87d8) Importer(815301076,1909f56bfc062723c751e8b465ee728b)  -> (artifact id: '29baf029752b6a7de229011444844c2e') in 0.005683 seconds 
========================================================================
Received Import Request.
  Time since last request: 0.000016 seconds.
  path: Assets/Character/idle/idle_16.png
  artifactKey: Guid(cbba46d314cc54122a7ecbb3c578cf91) Importer(815301076,1909f56bfc062723c751e8b465ee728b)
Start importing Assets/Character/idle/idle_16.png using Guid(cbba46d314cc54122a7ecbb3c578cf91) Importer(815301076,1909f56bfc062723c751e8b465ee728b)  -> (artifact id: 'c394ba96a01d026d50da22941fc76c5b') in 0.015247 seconds 
========================================================================
Received Import Request.
  Time since last request: 0.000020 seconds.
  path: Assets/Character/walk/walk_07.png
  artifactKey: Guid(ba74f481e465d458cab53487fd660da5) Importer(815301076,1909f56bfc062723c751e8b465ee728b)
Start importing Assets/Character/walk/walk_07.png using Guid(ba74f481e465d458cab53487fd660da5) Importer(815301076,1909f56bfc062723c751e8b465ee728b)  -> (artifact id: 'f81f3cbec56560377b8ce7429d213879') in 0.014053 seconds 
Editor requested this worker to shutdown with reason: Scaling down because of idle timeout
AssetImportWorker is now disconnected from the server
Process exiting
Exiting without the bug reporter. Application will terminate with return code 0