Unity Editor version:    2021.3.8f1 (b30333d56e81)
Branch:                  2021.3/staging
Build type:              Release
Batch mode:              YES
macOS version:           Version 12.3.1 (Build 21E258)
Darwin version:          21.4.0
Architecture:            x86_64
Running under Rosetta:   YES
Available memory:        16384 MB
Using pre-set license
Pro License: YES

COMMAND LINE ARGUMENTS:
/Applications/Unity/Hub/Editor/2021.3.8f1/Unity.app/Contents/MacOS/Unity
-adb2
-batchMode
-noUpm
-name
AssetImportWorker8
-projectPath
/Users/limchuljoon/Desktop/-/unity
-logFile
Logs/AssetImportWorker8.log
-srvPort
55365
Successfully changed project path to: /Users/limchuljoon/Desktop/-/unity
/Users/limchuljoon/Desktop/-/unity
[UnityMemory] Configuration Parameters - Can be set up in boot.config
    "memorysetup-bucket-allocator-granularity=16"
    "memorysetup-bucket-allocator-bucket-count=8"
    "memorysetup-bucket-allocator-block-size=33554432"
    "memorysetup-bucket-allocator-block-count=8"
    "memorysetup-main-allocator-block-size=16777216"
    "memorysetup-thread-allocator-block-size=16777216"
    "memorysetup-gfx-main-allocator-block-size=16777216"
    "memorysetup-gfx-thread-allocator-block-size=16777216"
    "memorysetup-cache-allocator-block-size=4194304"
    "memorysetup-typetree-allocator-block-size=2097152"
    "memorysetup-profiler-bucket-allocator-granularity=16"
    "memorysetup-profiler-bucket-allocator-bucket-count=8"
    "memorysetup-profiler-bucket-allocator-block-size=33554432"
    "memorysetup-profiler-bucket-allocator-block-count=8"
    "memorysetup-profiler-allocator-block-size=16777216"
    "memorysetup-profiler-editor-allocator-block-size=1048576"
    "memorysetup-temp-allocator-size-main=16777216"
    "memorysetup-job-temp-allocator-block-size=2097152"
    "memorysetup-job-temp-allocator-block-size-background=1048576"
    "memorysetup-job-temp-allocator-reduction-small-platforms=262144"
    "memorysetup-temp-allocator-size-background-worker=32768"
    "memorysetup-temp-allocator-size-job-worker=262144"
    "memorysetup-temp-allocator-size-preload-manager=33554432"
    "memorysetup-temp-allocator-size-nav-mesh-worker=65536"
    "memorysetup-temp-allocator-size-audio-worker=65536"
    "memorysetup-temp-allocator-size-cloud-worker=32768"
    "memorysetup-temp-allocator-size-gi-baking-worker=262144"
    "memorysetup-temp-allocator-size-gfx=262144"
Refreshing native plugins compatible for Editor in 46.07 ms, found 3 plugins.
Preloading 0 native plugins for Editor in 0.00 ms.
Initialize engine version: 2021.3.8f1 (b30333d56e81)
[Subsystems] Discovering subsystems at path /Applications/Unity/Hub/Editor/2021.3.8f1/Unity.app/Contents/Resources/UnitySubsystems
[Subsystems] Discovering subsystems at path /Users/limchuljoon/Desktop/-/unity/Assets
GfxDevice: creating device client; threaded=0; jobified=0
 preferred device: Apple M1 (high power)
Metal devices available: 1
0: Apple M1 (high power)
Using device Apple M1 (high power)
Initializing Metal device caps: Apple M1
Initialize mono
Mono path[0] = '/Applications/Unity/Hub/Editor/2021.3.8f1/Unity.app/Contents/Managed'
Mono path[1] = '/Applications/Unity/Hub/Editor/2021.3.8f1/Unity.app/Contents/MonoBleedingEdge/lib/mono/unityjit-macos'
Mono config path = '/Applications/Unity/Hub/Editor/2021.3.8f1/Unity.app/Contents/MonoBleedingEdge/etc'
Using monoOptions --debugger-agent=transport=dt_socket,embedding=1,server=y,suspend=n,address=127.0.0.1:56306
Begin MonoManager ReloadAssembly
Registering precompiled unity dll's ...
Register platform support module: /Applications/Unity/Hub/Editor/2021.3.8f1/Unity.app/Contents/PlaybackEngines/MacStandaloneSupport/UnityEditor.OSXStandalone.Extensions.dll
Register platform support module: /Applications/Unity/Hub/Editor/2021.3.8f1/PlaybackEngines/AndroidPlayer/UnityEditor.Android.Extensions.dll
Register platform support module: /Applications/Unity/Hub/Editor/2021.3.8f1/PlaybackEngines/iOSSupport/UnityEditor.iOS.Extensions.dll
Registered in 0.000682 seconds.
[usbmuxd] Start listen thread
[usbmuxd] Listen thread started
[usbmuxd] Send listen message
Native extension for iOS target not found
Native extension for Android target not found
Native extension for OSXStandalone target not found
Refreshing native plugins compatible for Editor in 44.37 ms, found 3 plugins.
Preloading 0 native plugins for Editor in 0.00 ms.
Mono: successfully reloaded assembly
- Completed reload, in  1.474 seconds
Domain Reload Profiling:
	ReloadAssembly (1475ms)
		BeginReloadAssembly (155ms)
			ExecutionOrderSort (0ms)
			DisableScriptedObjects (0ms)
			BackupInstance (0ms)
			ReleaseScriptingObjects (0ms)
			CreateAndSetChildDomain (2ms)
		EndReloadAssembly (1085ms)
			LoadAssemblies (153ms)
			RebuildTransferFunctionScriptingTraits (0ms)
			SetupTypeCache (139ms)
			ReleaseScriptCaches (0ms)
			RebuildScriptCaches (35ms)
			SetupLoadedEditorAssemblies (771ms)
				LogAssemblyErrors (0ms)
				InitializePlatformSupportModulesInManaged (204ms)
				SetLoadedEditorAssemblies (0ms)
				RefreshPlugins (44ms)
				BeforeProcessingInitializeOnLoad (4ms)
				ProcessInitializeOnLoadAttributes (350ms)
				ProcessInitializeOnLoadMethodAttributes (168ms)
				AfterProcessingInitializeOnLoad (0ms)
				EditorAssembliesLoaded (0ms)
			ExecutionOrderSort2 (0ms)
			AwakeInstancesAfterBackupRestoration (0ms)
Platform modules already initialized, skipping
Registering precompiled user dll's ...
Registered in 0.001457 seconds.
Begin MonoManager ReloadAssembly
Native extension for iOS target not found
Native extension for Android target not found
Native extension for OSXStandalone target not found
Refreshing native plugins compatible for Editor in 44.50 ms, found 3 plugins.
Preloading 0 native plugins for Editor in 0.00 ms.
Mono: successfully reloaded assembly
- Completed reload, in  2.382 seconds
Domain Reload Profiling:
	ReloadAssembly (2385ms)
		BeginReloadAssembly (266ms)
			ExecutionOrderSort (0ms)
			DisableScriptedObjects (46ms)
			BackupInstance (0ms)
			ReleaseScriptingObjects (0ms)
			CreateAndSetChildDomain (31ms)
		EndReloadAssembly (1824ms)
			LoadAssemblies (131ms)
			RebuildTransferFunctionScriptingTraits (0ms)
			SetupTypeCache (258ms)
			ReleaseScriptCaches (1ms)
			RebuildScriptCaches (58ms)
			SetupLoadedEditorAssemblies (1175ms)
				LogAssemblyErrors (0ms)
				InitializePlatformSupportModulesInManaged (64ms)
				SetLoadedEditorAssemblies (0ms)
				RefreshPlugins (45ms)
				BeforeProcessingInitializeOnLoad (117ms)
				ProcessInitializeOnLoadAttributes (800ms)
				ProcessInitializeOnLoadMethodAttributes (148ms)
				AfterProcessingInitializeOnLoad (1ms)
				EditorAssembliesLoaded (0ms)
			ExecutionOrderSort2 (0ms)
			AwakeInstancesAfterBackupRestoration (10ms)
Platform modules already initialized, skipping
========================================================================
Worker process is ready to serve import requests
Launching external process: /Applications/Unity/Hub/Editor/2021.3.8f1/Unity.app/Contents/Tools/UnityShaderCompiler
Launched and connected shader compiler UnityShaderCompiler after 0.07 seconds
Refreshing native plugins compatible for Editor in 0.52 ms, found 3 plugins.
Preloading 0 native plugins for Editor in 0.00 ms.
Unloading 2495 Unused Serialized files (Serialized files now loaded: 0)
Unloading 33 unused Assets / (43.6 KB). Loaded Objects now: 2979.
Memory consumption went from 229.1 MB to 229.1 MB.
Total: 3.080208 ms (FindLiveObjects: 0.147084 ms CreateObjectMapping: 0.053791 ms MarkObjects: 2.790334 ms  DeleteObjects: 0.087833 ms)

AssetImportParameters requested are different than current active one (requested -> active):
  custom:video-decoder-ogg-theora: a1e56fd34408186e4bbccfd4996cb3dc -> 
  custom:container-muxer-webm: aa71ff27fc2769a1b78a27578f13a17b -> 
  custom:container-demuxer-webm: 4f35f7cbe854078d1ac9338744f61a02 -> 
  custom:video-encoder-webm-vp8: eb34c28f22e8b96e1ab97ce403110664 -> 
  custom:framework-osx-AVFoundation: e770b220cccbd017edd2c1fefb359320 -> 
  custom:audio-encoder-webm-vorbis: bf7c407c2cedff20999df2af8eb42d56 -> 
  custom:container-demuxer-ogg: 62fdf1f143b41e24485cea50d1cbac27 -> 
  custom:video-decoder-webm-vp8: 9c59270c3fd7afecdb556c50c9e8de78 -> 
  custom:audio-decoder-ogg-vorbis: bf7c407c2cedff20999df2af8eb42d56 -> 
========================================================================
Received Import Request.
  Time since last request: 255119.770015 seconds.
  path: Assets/Character/damage_a/damage_a_13.png
  artifactKey: Guid(3fc1d32c0d1bd48629f083ea5ebc8c2c) Importer(815301076,1909f56bfc062723c751e8b465ee728b)
Start importing Assets/Character/damage_a/damage_a_13.png using Guid(3fc1d32c0d1bd48629f083ea5ebc8c2c) Importer(815301076,1909f56bfc062723c751e8b465ee728b)  -> (artifact id: '01b70ce4903351f1f5f9dab41c029474') in 0.253254 seconds 
========================================================================
Received Import Request.
  Time since last request: 3.295771 seconds.
  path: Assets/Character/damage_a/damage_a_00.png
  artifactKey: Guid(935776bcfd8d349659b4c455cf5014f0) Importer(815301076,1909f56bfc062723c751e8b465ee728b)
Start importing Assets/Character/damage_a/damage_a_00.png using Guid(935776bcfd8d349659b4c455cf5014f0) Importer(815301076,1909f56bfc062723c751e8b465ee728b)  -> (artifact id: '9c8d9311628d4ff365f3d3a2c6923836') in 0.012499 seconds 
========================================================================
Received Import Request.
  Time since last request: 7.061829 seconds.
  path: Assets/Character/damage_a/damage_a_02.png
  artifactKey: Guid(8ce3459fc1dc3482c9f4ff72faa3dd20) Importer(815301076,1909f56bfc062723c751e8b465ee728b)
Start importing Assets/Character/damage_a/damage_a_02.png using Guid(8ce3459fc1dc3482c9f4ff72faa3dd20) Importer(815301076,1909f56bfc062723c751e8b465ee728b)  -> (artifact id: 'a29f1ae3ce2bf1125cc5c03fa592522e') in 0.108659 seconds 
========================================================================
Received Import Request.
  Time since last request: 2.295754 seconds.
  path: Assets/Character/damage_a/damage_a_13.png
  artifactKey: Guid(3fc1d32c0d1bd48629f083ea5ebc8c2c) Importer(815301076,1909f56bfc062723c751e8b465ee728b)
Start importing Assets/Character/damage_a/damage_a_13.png using Guid(3fc1d32c0d1bd48629f083ea5ebc8c2c) Importer(815301076,1909f56bfc062723c751e8b465ee728b)  -> (artifact id: '69355de853aba79c7d5a9dd4f6a374c7') in 0.029435 seconds 
========================================================================
Received Import Request.
  Time since last request: 0.000941 seconds.
  path: Assets/Character/damage_a/damage_a_16.png
  artifactKey: Guid(bf1ea2b0c5c8c4ea986621a081f031b3) Importer(815301076,1909f56bfc062723c751e8b465ee728b)
Start importing Assets/Character/damage_a/damage_a_16.png using Guid(bf1ea2b0c5c8c4ea986621a081f031b3) Importer(815301076,1909f56bfc062723c751e8b465ee728b)  -> (artifact id: '3327231eedd13e8af2a9ba6016061fb0') in 0.023002 seconds 
========================================================================
Received Import Request.
  Time since last request: 0.024381 seconds.
  path: Assets/Character/damage_a/damage_a_20.png
  artifactKey: Guid(bd93e925c7fc949e184855328153bdc8) Importer(815301076,1909f56bfc062723c751e8b465ee728b)
Start importing Assets/Character/damage_a/damage_a_20.png using Guid(bd93e925c7fc949e184855328153bdc8) Importer(815301076,1909f56bfc062723c751e8b465ee728b)  -> (artifact id: 'c27934745d54556f29f0cc02fc37e2dc') in 0.023365 seconds 
========================================================================
Received Import Request.
  Time since last request: 16.362797 seconds.
  path: Assets/Character/damage/damage_13.png
  artifactKey: Guid(171d95741dac446fca9b200eb9e3698a) Importer(815301076,1909f56bfc062723c751e8b465ee728b)
Start importing Assets/Character/damage/damage_13.png using Guid(171d95741dac446fca9b200eb9e3698a) Importer(815301076,1909f56bfc062723c751e8b465ee728b)  -> (artifact id: '9eb4f799450c8d35308121e9f9a924a6') in 0.014386 seconds 
========================================================================
Received Import Request.
  Time since last request: 0.000125 seconds.
  path: Assets/Character/damage/damage_17.png
  artifactKey: Guid(e829b6ddeb1cc4aac92d0300a3ebe0a5) Importer(815301076,1909f56bfc062723c751e8b465ee728b)
Start importing Assets/Character/damage/damage_17.png using Guid(e829b6ddeb1cc4aac92d0300a3ebe0a5) Importer(815301076,1909f56bfc062723c751e8b465ee728b)  -> (artifact id: 'e7b8ea4f2f19d0b000d3345bf2fbddc7') in 0.011003 seconds 
========================================================================
Received Import Request.
  Time since last request: 2.949467 seconds.
  path: Assets/Character/damage/damage_06.png
  artifactKey: Guid(b06019d9a54ce4b798a14cb2d330944f) Importer(815301076,1909f56bfc062723c751e8b465ee728b)
Start importing Assets/Character/damage/damage_06.png using Guid(b06019d9a54ce4b798a14cb2d330944f) Importer(815301076,1909f56bfc062723c751e8b465ee728b)  -> (artifact id: '90452237bb2cec96c180493b27c64cd3') in 0.007737 seconds 
========================================================================
Received Import Request.
  Time since last request: 0.027573 seconds.
  path: Assets/Character/damage/damage_01.png
  artifactKey: Guid(5aa481a450e3f461ab5993ae5a8e340e) Importer(815301076,1909f56bfc062723c751e8b465ee728b)
Start importing Assets/Character/damage/damage_01.png using Guid(5aa481a450e3f461ab5993ae5a8e340e) Importer(815301076,1909f56bfc062723c751e8b465ee728b)  -> (artifact id: '85be0047d348fda2721faf6fbf55f0b3') in 0.007360 seconds 
========================================================================
Received Import Request.
  Time since last request: 7.660636 seconds.
  path: Assets/Character/damage/damage_02.png
  artifactKey: Guid(fef6c43b944da4eb19a050aef4386983) Importer(815301076,1909f56bfc062723c751e8b465ee728b)
Start importing Assets/Character/damage/damage_02.png using Guid(fef6c43b944da4eb19a050aef4386983) Importer(815301076,1909f56bfc062723c751e8b465ee728b)  -> (artifact id: '483eedfd98f48e1b65a225da930d5d71') in 0.026445 seconds 
========================================================================
Received Import Request.
  Time since last request: 0.000115 seconds.
  path: Assets/Character/damage/damage_06.png
  artifactKey: Guid(b06019d9a54ce4b798a14cb2d330944f) Importer(815301076,1909f56bfc062723c751e8b465ee728b)
Start importing Assets/Character/damage/damage_06.png using Guid(b06019d9a54ce4b798a14cb2d330944f) Importer(815301076,1909f56bfc062723c751e8b465ee728b)  -> (artifact id: '4f65df0a07719507afb2cf4529337360') in 0.025336 seconds 
========================================================================
Received Import Request.
  Time since last request: 0.000130 seconds.
  path: Assets/Character/damage/damage_04.png
  artifactKey: Guid(65f431e611f0e4d4fa847133e293248b) Importer(815301076,1909f56bfc062723c751e8b465ee728b)
Start importing Assets/Character/damage/damage_04.png using Guid(65f431e611f0e4d4fa847133e293248b) Importer(815301076,1909f56bfc062723c751e8b465ee728b)  -> (artifact id: 'cf38f027f5ba338e8f57e1e877c3b8f1') in 0.023695 seconds 
========================================================================
Received Import Request.
  Time since last request: 60.266202 seconds.
  path: Assets/Character/damage/damage_15.png
  artifactKey: Guid(3ea2a08854c67404da35927d987fb7fd) Importer(815301076,1909f56bfc062723c751e8b465ee728b)
Start importing Assets/Character/damage/damage_15.png using Guid(3ea2a08854c67404da35927d987fb7fd) Importer(815301076,1909f56bfc062723c751e8b465ee728b)  -> (artifact id: '354d825b52a79bded26a8139cbfa52ef') in 0.008543 seconds 
Editor requested this worker to shutdown with reason: Scaling down because of idle timeout
AssetImportWorker is now disconnected from the server
Process exiting
