Unity Editor version:    2021.3.8f1 (b30333d56e81)
Branch:                  2021.3/staging
Build type:              Release
Batch mode:              YES
macOS version:           Version 12.3.1 (Build 21E258)
Darwin version:          21.4.0
Architecture:            x86_64
Running under Rosetta:   YES
Available memory:        16384 MB
Using pre-set license
Pro License: YES

COMMAND LINE ARGUMENTS:
/Applications/Unity/Hub/Editor/2021.3.8f1/Unity.app/Contents/MacOS/Unity
-adb2
-batchMode
-noUpm
-name
AssetImportWorker5
-projectPath
/Users/limchuljoon/Desktop/-/unity
-logFile
Logs/AssetImportWorker5.log
-srvPort
55365
Successfully changed project path to: /Users/limchuljoon/Desktop/-/unity
/Users/limchuljoon/Desktop/-/unity
[UnityMemory] Configuration Parameters - Can be set up in boot.config
    "memorysetup-bucket-allocator-granularity=16"
    "memorysetup-bucket-allocator-bucket-count=8"
    "memorysetup-bucket-allocator-block-size=33554432"
    "memorysetup-bucket-allocator-block-count=8"
    "memorysetup-main-allocator-block-size=16777216"
    "memorysetup-thread-allocator-block-size=16777216"
    "memorysetup-gfx-main-allocator-block-size=16777216"
    "memorysetup-gfx-thread-allocator-block-size=16777216"
    "memorysetup-cache-allocator-block-size=4194304"
    "memorysetup-typetree-allocator-block-size=2097152"
    "memorysetup-profiler-bucket-allocator-granularity=16"
    "memorysetup-profiler-bucket-allocator-bucket-count=8"
    "memorysetup-profiler-bucket-allocator-block-size=33554432"
    "memorysetup-profiler-bucket-allocator-block-count=8"
    "memorysetup-profiler-allocator-block-size=16777216"
    "memorysetup-profiler-editor-allocator-block-size=1048576"
    "memorysetup-temp-allocator-size-main=16777216"
    "memorysetup-job-temp-allocator-block-size=2097152"
    "memorysetup-job-temp-allocator-block-size-background=1048576"
    "memorysetup-job-temp-allocator-reduction-small-platforms=262144"
    "memorysetup-temp-allocator-size-background-worker=32768"
    "memorysetup-temp-allocator-size-job-worker=262144"
    "memorysetup-temp-allocator-size-preload-manager=33554432"
    "memorysetup-temp-allocator-size-nav-mesh-worker=65536"
    "memorysetup-temp-allocator-size-audio-worker=65536"
    "memorysetup-temp-allocator-size-cloud-worker=32768"
    "memorysetup-temp-allocator-size-gi-baking-worker=262144"
    "memorysetup-temp-allocator-size-gfx=262144"
Refreshing native plugins compatible for Editor in 63.94 ms, found 3 plugins.
Preloading 0 native plugins for Editor in 0.00 ms.
Initialize engine version: 2021.3.8f1 (b30333d56e81)
[Subsystems] Discovering subsystems at path /Applications/Unity/Hub/Editor/2021.3.8f1/Unity.app/Contents/Resources/UnitySubsystems
[Subsystems] Discovering subsystems at path /Users/limchuljoon/Desktop/-/unity/Assets
GfxDevice: creating device client; threaded=0; jobified=0
 preferred device: Apple M1 (high power)
Metal devices available: 1
0: Apple M1 (high power)
Using device Apple M1 (high power)
Initializing Metal device caps: Apple M1
Initialize mono
Mono path[0] = '/Applications/Unity/Hub/Editor/2021.3.8f1/Unity.app/Contents/Managed'
Mono path[1] = '/Applications/Unity/Hub/Editor/2021.3.8f1/Unity.app/Contents/MonoBleedingEdge/lib/mono/unityjit-macos'
Mono config path = '/Applications/Unity/Hub/Editor/2021.3.8f1/Unity.app/Contents/MonoBleedingEdge/etc'
Using monoOptions --debugger-agent=transport=dt_socket,embedding=1,server=y,suspend=n,address=127.0.0.1:56238
Begin MonoManager ReloadAssembly
Registering precompiled unity dll's ...
Register platform support module: /Applications/Unity/Hub/Editor/2021.3.8f1/Unity.app/Contents/PlaybackEngines/MacStandaloneSupport/UnityEditor.OSXStandalone.Extensions.dll
Register platform support module: /Applications/Unity/Hub/Editor/2021.3.8f1/PlaybackEngines/AndroidPlayer/UnityEditor.Android.Extensions.dll
Register platform support module: /Applications/Unity/Hub/Editor/2021.3.8f1/PlaybackEngines/iOSSupport/UnityEditor.iOS.Extensions.dll
Registered in 0.000972 seconds.
[usbmuxd] Start listen thread
[usbmuxd] Listen thread started
[usbmuxd] Send listen message
Native extension for iOS target not found
2022-09-02 11:14:09.018 Unity[30238:1466569] [XcodeApplications] Failed to read NSDictionary from path /Contents/Info.plist
Native extension for Android target not found
Native extension for OSXStandalone target not found
Refreshing native plugins compatible for Editor in 49.22 ms, found 3 plugins.
Preloading 0 native plugins for Editor in 0.00 ms.
Mono: successfully reloaded assembly
- Completed reload, in  1.928 seconds
Domain Reload Profiling:
	ReloadAssembly (1929ms)
		BeginReloadAssembly (169ms)
			ExecutionOrderSort (0ms)
			DisableScriptedObjects (0ms)
			BackupInstance (0ms)
			ReleaseScriptingObjects (0ms)
			CreateAndSetChildDomain (4ms)
		EndReloadAssembly (1482ms)
			LoadAssemblies (165ms)
			RebuildTransferFunctionScriptingTraits (0ms)
			SetupTypeCache (175ms)
			ReleaseScriptCaches (0ms)
			RebuildScriptCaches (44ms)
			SetupLoadedEditorAssemblies (1032ms)
				LogAssemblyErrors (0ms)
				InitializePlatformSupportModulesInManaged (344ms)
				SetLoadedEditorAssemblies (1ms)
				RefreshPlugins (49ms)
				BeforeProcessingInitializeOnLoad (4ms)
				ProcessInitializeOnLoadAttributes (433ms)
				ProcessInitializeOnLoadMethodAttributes (202ms)
				AfterProcessingInitializeOnLoad (0ms)
				EditorAssembliesLoaded (0ms)
			ExecutionOrderSort2 (0ms)
			AwakeInstancesAfterBackupRestoration (0ms)
Platform modules already initialized, skipping
Registering precompiled user dll's ...
Registered in 0.001529 seconds.
Begin MonoManager ReloadAssembly
Native extension for iOS target not found
2022-09-02 11:14:11.697 Unity[30238:1466569] [XcodeApplications] Failed to read NSDictionary from path /Contents/Info.plist
Native extension for Android target not found
Native extension for OSXStandalone target not found
Refreshing native plugins compatible for Editor in 51.68 ms, found 3 plugins.
Preloading 0 native plugins for Editor in 0.00 ms.
Mono: successfully reloaded assembly
- Completed reload, in  2.626 seconds
Domain Reload Profiling:
	ReloadAssembly (2629ms)
		BeginReloadAssembly (282ms)
			ExecutionOrderSort (0ms)
			DisableScriptedObjects (43ms)
			BackupInstance (0ms)
			ReleaseScriptingObjects (0ms)
			CreateAndSetChildDomain (49ms)
		EndReloadAssembly (2021ms)
			LoadAssemblies (127ms)
			RebuildTransferFunctionScriptingTraits (0ms)
			SetupTypeCache (292ms)
			ReleaseScriptCaches (1ms)
			RebuildScriptCaches (66ms)
			SetupLoadedEditorAssemblies (1301ms)
				LogAssemblyErrors (0ms)
				InitializePlatformSupportModulesInManaged (74ms)
				SetLoadedEditorAssemblies (1ms)
				RefreshPlugins (52ms)
				BeforeProcessingInitializeOnLoad (126ms)
				ProcessInitializeOnLoadAttributes (897ms)
				ProcessInitializeOnLoadMethodAttributes (151ms)
				AfterProcessingInitializeOnLoad (1ms)
				EditorAssembliesLoaded (0ms)
			ExecutionOrderSort2 (0ms)
			AwakeInstancesAfterBackupRestoration (9ms)
Platform modules already initialized, skipping
========================================================================
Worker process is ready to serve import requests
Launching external process: /Applications/Unity/Hub/Editor/2021.3.8f1/Unity.app/Contents/Tools/UnityShaderCompiler
Launched and connected shader compiler UnityShaderCompiler after 0.07 seconds
Refreshing native plugins compatible for Editor in 0.51 ms, found 3 plugins.
Preloading 0 native plugins for Editor in 0.00 ms.
Unloading 2495 Unused Serialized files (Serialized files now loaded: 0)
Unloading 33 unused Assets / (43.6 KB). Loaded Objects now: 2979.
Memory consumption went from 229.3 MB to 229.3 MB.
Total: 2.906209 ms (FindLiveObjects: 0.129333 ms CreateObjectMapping: 0.052958 ms MarkObjects: 2.634792 ms  DeleteObjects: 0.088209 ms)

AssetImportParameters requested are different than current active one (requested -> active):
  custom:video-decoder-ogg-theora: a1e56fd34408186e4bbccfd4996cb3dc -> 
  custom:container-muxer-webm: aa71ff27fc2769a1b78a27578f13a17b -> 
  custom:container-demuxer-webm: 4f35f7cbe854078d1ac9338744f61a02 -> 
  custom:video-encoder-webm-vp8: eb34c28f22e8b96e1ab97ce403110664 -> 
  custom:framework-osx-AVFoundation: e770b220cccbd017edd2c1fefb359320 -> 
  custom:audio-encoder-webm-vorbis: bf7c407c2cedff20999df2af8eb42d56 -> 
  custom:container-demuxer-ogg: 62fdf1f143b41e24485cea50d1cbac27 -> 
  custom:video-decoder-webm-vp8: 9c59270c3fd7afecdb556c50c9e8de78 -> 
  custom:audio-decoder-ogg-vorbis: bf7c407c2cedff20999df2af8eb42d56 -> 
========================================================================
Received Import Request.
  Time since last request: 254719.955886 seconds.
  path: Assets/Character/idle/idle_08.png
  artifactKey: Guid(28fa2506a5ced48f6aa1f281c31596d8) Importer(815301076,1909f56bfc062723c751e8b465ee728b)
Start importing Assets/Character/idle/idle_08.png using Guid(28fa2506a5ced48f6aa1f281c31596d8) Importer(815301076,1909f56bfc062723c751e8b465ee728b)  -> (artifact id: '652c1532872798c6f2cc03147dbdda84') in 0.297794 seconds 
========================================================================
Received Import Request.
  Time since last request: 61.423206 seconds.
  path: Assets/Character/walk/walk_02.png
  artifactKey: Guid(5e08e7261e6754ba3bb7736557f4bff2) Importer(815301076,1909f56bfc062723c751e8b465ee728b)
Start importing Assets/Character/walk/walk_02.png using Guid(5e08e7261e6754ba3bb7736557f4bff2) Importer(815301076,1909f56bfc062723c751e8b465ee728b)  -> (artifact id: '80c87332961a7da22d3fbf2d1acd93c3') in 0.026878 seconds 
========================================================================
Received Import Request.
  Time since last request: 0.000085 seconds.
  path: Assets/Character/walk/walk_15.png
  artifactKey: Guid(ff687199ab9b948388b820c2989c2c0c) Importer(815301076,1909f56bfc062723c751e8b465ee728b)
Start importing Assets/Character/walk/walk_15.png using Guid(ff687199ab9b948388b820c2989c2c0c) Importer(815301076,1909f56bfc062723c751e8b465ee728b)  -> (artifact id: '3107cb904556158faaa8dc34e4bfaa0f') in 0.010360 seconds 
========================================================================
Received Import Request.
  Time since last request: 0.000097 seconds.
  path: Assets/Character/walk/walk_06.png
  artifactKey: Guid(5e7bd53829da3418eb75b77f0c8ea3ab) Importer(815301076,1909f56bfc062723c751e8b465ee728b)
Start importing Assets/Character/walk/walk_06.png using Guid(5e7bd53829da3418eb75b77f0c8ea3ab) Importer(815301076,1909f56bfc062723c751e8b465ee728b)  -> (artifact id: '454ccef4a0239a23af88ebb3431435df') in 0.010179 seconds 
========================================================================
Received Import Request.
  Time since last request: 0.000121 seconds.
  path: Assets/Character/walk/walk_10.png
  artifactKey: Guid(30d346339c05148d0afa35b9c223fe09) Importer(815301076,1909f56bfc062723c751e8b465ee728b)
Start importing Assets/Character/walk/walk_10.png using Guid(30d346339c05148d0afa35b9c223fe09) Importer(815301076,1909f56bfc062723c751e8b465ee728b)  -> (artifact id: 'c2d9f305be33d463d396ca8ea35f993a') in 0.008438 seconds 
========================================================================
Received Import Request.
  Time since last request: 0.000158 seconds.
  path: Assets/Character/walk/walk_14.png
  artifactKey: Guid(ec50f5c13afea482182774e89fa33fe4) Importer(815301076,1909f56bfc062723c751e8b465ee728b)
Start importing Assets/Character/walk/walk_14.png using Guid(ec50f5c13afea482182774e89fa33fe4) Importer(815301076,1909f56bfc062723c751e8b465ee728b)  -> (artifact id: '15cefdd6657f815c307e919d244a689b') in 0.008608 seconds 
========================================================================
Received Import Request.
  Time since last request: 0.000140 seconds.
  path: Assets/Character/walk/walk_13.png
  artifactKey: Guid(22df3eab2510340c6980767d27d378cf) Importer(815301076,1909f56bfc062723c751e8b465ee728b)
Start importing Assets/Character/walk/walk_13.png using Guid(22df3eab2510340c6980767d27d378cf) Importer(815301076,1909f56bfc062723c751e8b465ee728b)  -> (artifact id: 'a6ff6c0611b0c0340a45eb0ccfb77d8e') in 0.008573 seconds 
========================================================================
Received Import Request.
  Time since last request: 0.719040 seconds.
  path: Assets/Character/run/run_02.png
  artifactKey: Guid(931366fae30654c08b47a090981e17e8) Importer(815301076,1909f56bfc062723c751e8b465ee728b)
Start importing Assets/Character/run/run_02.png using Guid(931366fae30654c08b47a090981e17e8) Importer(815301076,1909f56bfc062723c751e8b465ee728b)  -> (artifact id: '7756ab54b10fee5c82581676fc7a32fe') in 0.008889 seconds 
========================================================================
Received Import Request.
  Time since last request: 0.000135 seconds.
  path: Assets/Character/run/run_09.png
  artifactKey: Guid(e18f448d0b89a4a49a7dc6459a781e20) Importer(815301076,1909f56bfc062723c751e8b465ee728b)
Start importing Assets/Character/run/run_09.png using Guid(e18f448d0b89a4a49a7dc6459a781e20) Importer(815301076,1909f56bfc062723c751e8b465ee728b)  -> (artifact id: '2ee66430f6ed86c2ee29e7a1c75977c0') in 0.007863 seconds 
========================================================================
Received Import Request.
  Time since last request: 0.000322 seconds.
  path: Assets/Character/run/run_10.png
  artifactKey: Guid(1ee049f25883a477ab393bd89527213d) Importer(815301076,1909f56bfc062723c751e8b465ee728b)
Start importing Assets/Character/run/run_10.png using Guid(1ee049f25883a477ab393bd89527213d) Importer(815301076,1909f56bfc062723c751e8b465ee728b)  -> (artifact id: '043cafd38535efb6d067af5b67d2c209') in 0.014957 seconds 
========================================================================
Received Import Request.
  Time since last request: 0.000098 seconds.
  path: Assets/Character/run/run_11.png
  artifactKey: Guid(1ee033cc38a314e8781caa2b0c558870) Importer(815301076,1909f56bfc062723c751e8b465ee728b)
Start importing Assets/Character/run/run_11.png using Guid(1ee033cc38a314e8781caa2b0c558870) Importer(815301076,1909f56bfc062723c751e8b465ee728b)  -> (artifact id: 'a512da397e2b9e757fb3ee9e8e86d21e') in 0.009506 seconds 
========================================================================
Received Import Request.
  Time since last request: 0.000113 seconds.
  path: Assets/Character/run/run_05.png
  artifactKey: Guid(8f0471348b35f4a9383ab65e6b0a5d27) Importer(815301076,1909f56bfc062723c751e8b465ee728b)
Start importing Assets/Character/run/run_05.png using Guid(8f0471348b35f4a9383ab65e6b0a5d27) Importer(815301076,1909f56bfc062723c751e8b465ee728b)  -> (artifact id: '01df70cc170e54468f3f2a993b658e34') in 0.008531 seconds 
========================================================================
Received Import Request.
  Time since last request: 0.000074 seconds.
  path: Assets/Character/run/run_13.png
  artifactKey: Guid(c08f072ff158649f8a2ae5bcb1ddac47) Importer(815301076,1909f56bfc062723c751e8b465ee728b)
Start importing Assets/Character/run/run_13.png using Guid(c08f072ff158649f8a2ae5bcb1ddac47) Importer(815301076,1909f56bfc062723c751e8b465ee728b)  -> (artifact id: 'd860376e6a55cafdcbcb4a564567a602') in 0.010997 seconds 
========================================================================
Received Import Request.
  Time since last request: 52.418612 seconds.
  path: Assets/Character/run/run_16.png
  artifactKey: Guid(0100201cec41e4524a3b69a726df1a07) Importer(815301076,1909f56bfc062723c751e8b465ee728b)
Start importing Assets/Character/run/run_16.png using Guid(0100201cec41e4524a3b69a726df1a07) Importer(815301076,1909f56bfc062723c751e8b465ee728b)  -> (artifact id: '7921c1d5b8fb4b85842d643fcf2da7ef') in 0.024479 seconds 
========================================================================
Received Import Request.
  Time since last request: 0.000074 seconds.
  path: Assets/Character/run/run_18.png
  artifactKey: Guid(16443ca0e4b514b18be2448486456c62) Importer(815301076,1909f56bfc062723c751e8b465ee728b)
Start importing Assets/Character/run/run_18.png using Guid(16443ca0e4b514b18be2448486456c62) Importer(815301076,1909f56bfc062723c751e8b465ee728b)  -> (artifact id: '69901b8130fe490c6df4a909f471fa18') in 0.022656 seconds 
========================================================================
Received Import Request.
  Time since last request: 26.115877 seconds.
  path: Assets/Character/dead/dead_03.png
  artifactKey: Guid(28f1f09762ec94212962c6abbc8fd714) Importer(815301076,1909f56bfc062723c751e8b465ee728b)
Start importing Assets/Character/dead/dead_03.png using Guid(28f1f09762ec94212962c6abbc8fd714) Importer(815301076,1909f56bfc062723c751e8b465ee728b)  -> (artifact id: '4340c60af93007977e109fb0f344378c') in 0.015448 seconds 
========================================================================
Received Import Request.
  Time since last request: 0.000122 seconds.
  path: Assets/Character/dead/dead_07.png
  artifactKey: Guid(92dc9aca7b2df4485bf15dc236c973ba) Importer(815301076,1909f56bfc062723c751e8b465ee728b)
Start importing Assets/Character/dead/dead_07.png using Guid(92dc9aca7b2df4485bf15dc236c973ba) Importer(815301076,1909f56bfc062723c751e8b465ee728b)  -> (artifact id: '8fc3d498c74b862c3e91098cbdf7ff5d') in 0.010804 seconds 
========================================================================
Received Import Request.
  Time since last request: 0.000065 seconds.
  path: Assets/Character/dead/dead_08.png
  artifactKey: Guid(5a46e6e25658a403192763d3b54fefbf) Importer(815301076,1909f56bfc062723c751e8b465ee728b)
Start importing Assets/Character/dead/dead_08.png using Guid(5a46e6e25658a403192763d3b54fefbf) Importer(815301076,1909f56bfc062723c751e8b465ee728b)  -> (artifact id: '275ae83c14136390b718076f72278c7b') in 0.009466 seconds 
========================================================================
Received Import Request.
  Time since last request: 23.405034 seconds.
  path: Assets/Character/walk/walk_16.png
  artifactKey: Guid(e82008d6be8a84ccabca37b55fce74ec) Importer(815301076,1909f56bfc062723c751e8b465ee728b)
Start importing Assets/Character/walk/walk_16.png using Guid(e82008d6be8a84ccabca37b55fce74ec) Importer(815301076,1909f56bfc062723c751e8b465ee728b)  -> (artifact id: '5be7d8f213fca607c27c76bc7b887898') in 0.022078 seconds 
========================================================================
Received Import Request.
  Time since last request: 0.000148 seconds.
  path: Assets/Character/walk/walk_18.png
  artifactKey: Guid(3612d3778b258471abf250eea0929b5d) Importer(815301076,1909f56bfc062723c751e8b465ee728b)
Start importing Assets/Character/walk/walk_18.png using Guid(3612d3778b258471abf250eea0929b5d) Importer(815301076,1909f56bfc062723c751e8b465ee728b)  -> (artifact id: '2ced2abbac682551a861127adfc6b789') in 0.023066 seconds 
========================================================================
Received Import Request.
  Time since last request: 43.323199 seconds.
  path: Assets/Character/walk/walk_03.png
  artifactKey: Guid(addc610b0b0c44a8b9beba75f46c9158) Importer(815301076,1909f56bfc062723c751e8b465ee728b)
Start importing Assets/Character/walk/walk_03.png using Guid(addc610b0b0c44a8b9beba75f46c9158) Importer(815301076,1909f56bfc062723c751e8b465ee728b)  -> (artifact id: '73f71eb78dd5b791ac59eb40baf99a70') in 0.038336 seconds 
========================================================================
Received Import Request.
  Time since last request: 0.000071 seconds.
  path: Assets/Character/walk/walk_09.png
  artifactKey: Guid(47e22b39c5dbb43d88c3ca3ca4fb917a) Importer(815301076,1909f56bfc062723c751e8b465ee728b)
Start importing Assets/Character/walk/walk_09.png using Guid(47e22b39c5dbb43d88c3ca3ca4fb917a) Importer(815301076,1909f56bfc062723c751e8b465ee728b)  -> (artifact id: '0945333c61656bb8f34a718c3e23c9c1') in 0.025869 seconds 
========================================================================
Received Import Request.
  Time since last request: 16.777865 seconds.
  path: Assets/Character/dead/dead_16.png
  artifactKey: Guid(f3a61619e0e3541b9ac1f63b41608dbb) Importer(815301076,1909f56bfc062723c751e8b465ee728b)
Start importing Assets/Character/dead/dead_16.png using Guid(f3a61619e0e3541b9ac1f63b41608dbb) Importer(815301076,1909f56bfc062723c751e8b465ee728b)  -> (artifact id: '2f47b1735f8a7acc5213d6e3a3e43520') in 0.015673 seconds 
========================================================================
Received Import Request.
  Time since last request: 0.000097 seconds.
  path: Assets/Character/dead/dead_17.png
  artifactKey: Guid(8d2d76baf418942159c4f282ab0de605) Importer(815301076,1909f56bfc062723c751e8b465ee728b)
Start importing Assets/Character/dead/dead_17.png using Guid(8d2d76baf418942159c4f282ab0de605) Importer(815301076,1909f56bfc062723c751e8b465ee728b)  -> (artifact id: '5f79d1555dbd78ffc22bf40838af5bb2') in 0.010890 seconds 
========================================================================
Received Import Request.
  Time since last request: 24.895706 seconds.
  path: Assets/Character/dead/dead_03.png
  artifactKey: Guid(28f1f09762ec94212962c6abbc8fd714) Importer(815301076,1909f56bfc062723c751e8b465ee728b)
Start importing Assets/Character/dead/dead_03.png using Guid(28f1f09762ec94212962c6abbc8fd714) Importer(815301076,1909f56bfc062723c751e8b465ee728b)  -> (artifact id: '47228a2bf7a4558db0c3581e2958878c') in 0.035749 seconds 
========================================================================
Received Import Request.
  Time since last request: 0.000084 seconds.
  path: Assets/Character/dead/dead_07.png
  artifactKey: Guid(92dc9aca7b2df4485bf15dc236c973ba) Importer(815301076,1909f56bfc062723c751e8b465ee728b)
Start importing Assets/Character/dead/dead_07.png using Guid(92dc9aca7b2df4485bf15dc236c973ba) Importer(815301076,1909f56bfc062723c751e8b465ee728b)  -> (artifact id: '8d63a197b95f653cc02499a004255f72') in 0.030448 seconds 
========================================================================
Received Import Request.
  Time since last request: 19.722589 seconds.
  path: Assets/Character/damage_b/damage_b_14.png
  artifactKey: Guid(dfb6dd2e800b740f7a914edd13e60993) Importer(815301076,1909f56bfc062723c751e8b465ee728b)
Start importing Assets/Character/damage_b/damage_b_14.png using Guid(dfb6dd2e800b740f7a914edd13e60993) Importer(815301076,1909f56bfc062723c751e8b465ee728b)  -> (artifact id: '4d0c02edc93e0344b66a6c505d544c7a') in 0.015834 seconds 
========================================================================
Received Import Request.
  Time since last request: 0.000113 seconds.
  path: Assets/Character/damage_b/damage_b_15.png
  artifactKey: Guid(23c97dcc858e34eb094a920c72c6af17) Importer(815301076,1909f56bfc062723c751e8b465ee728b)
Start importing Assets/Character/damage_b/damage_b_15.png using Guid(23c97dcc858e34eb094a920c72c6af17) Importer(815301076,1909f56bfc062723c751e8b465ee728b)  -> (artifact id: '89fe0160d71265a04068c88e8b15c1d6') in 0.011227 seconds 
========================================================================
Received Import Request.
  Time since last request: 2.949579 seconds.
  path: Assets/Character/damage_b/damage_b_04.png
  artifactKey: Guid(fb81983d861ce463fbefc12b9dce5d7c) Importer(815301076,1909f56bfc062723c751e8b465ee728b)
Start importing Assets/Character/damage_b/damage_b_04.png using Guid(fb81983d861ce463fbefc12b9dce5d7c) Importer(815301076,1909f56bfc062723c751e8b465ee728b)  -> (artifact id: '0306f478d99221a06b4bed4295a581ab') in 0.011146 seconds 
Editor requested this worker to shutdown with reason: Scaling down because of idle timeout
AssetImportWorker is now disconnected from the server
Process exiting
