Unity Editor version:    2021.3.8f1 (b30333d56e81)
Branch:                  2021.3/staging
Build type:              Release
Batch mode:              YES
macOS version:           Version 12.3.1 (Build 21E258)
Darwin version:          21.4.0
Architecture:            x86_64
Running under Rosetta:   YES
Available memory:        16384 MB
Using pre-set license
Pro License: YES

COMMAND LINE ARGUMENTS:
/Applications/Unity/Hub/Editor/2021.3.8f1/Unity.app/Contents/MacOS/Unity
-adb2
-batchMode
-noUpm
-name
AssetImportWorker10
-projectPath
/Users/limchuljoon/Desktop/-/unity
-logFile
Logs/AssetImportWorker10.log
-srvPort
55365
Successfully changed project path to: /Users/limchuljoon/Desktop/-/unity
/Users/limchuljoon/Desktop/-/unity
[UnityMemory] Configuration Parameters - Can be set up in boot.config
    "memorysetup-bucket-allocator-granularity=16"
    "memorysetup-bucket-allocator-bucket-count=8"
    "memorysetup-bucket-allocator-block-size=33554432"
    "memorysetup-bucket-allocator-block-count=8"
    "memorysetup-main-allocator-block-size=16777216"
    "memorysetup-thread-allocator-block-size=16777216"
    "memorysetup-gfx-main-allocator-block-size=16777216"
    "memorysetup-gfx-thread-allocator-block-size=16777216"
    "memorysetup-cache-allocator-block-size=4194304"
    "memorysetup-typetree-allocator-block-size=2097152"
    "memorysetup-profiler-bucket-allocator-granularity=16"
    "memorysetup-profiler-bucket-allocator-bucket-count=8"
    "memorysetup-profiler-bucket-allocator-block-size=33554432"
    "memorysetup-profiler-bucket-allocator-block-count=8"
    "memorysetup-profiler-allocator-block-size=16777216"
    "memorysetup-profiler-editor-allocator-block-size=1048576"
    "memorysetup-temp-allocator-size-main=16777216"
    "memorysetup-job-temp-allocator-block-size=2097152"
    "memorysetup-job-temp-allocator-block-size-background=1048576"
    "memorysetup-job-temp-allocator-reduction-small-platforms=262144"
    "memorysetup-temp-allocator-size-background-worker=32768"
    "memorysetup-temp-allocator-size-job-worker=262144"
    "memorysetup-temp-allocator-size-preload-manager=33554432"
    "memorysetup-temp-allocator-size-nav-mesh-worker=65536"
    "memorysetup-temp-allocator-size-audio-worker=65536"
    "memorysetup-temp-allocator-size-cloud-worker=32768"
    "memorysetup-temp-allocator-size-gi-baking-worker=262144"
    "memorysetup-temp-allocator-size-gfx=262144"
Refreshing native plugins compatible for Editor in 42.48 ms, found 3 plugins.
Preloading 0 native plugins for Editor in 0.00 ms.
Initialize engine version: 2021.3.8f1 (b30333d56e81)
[Subsystems] Discovering subsystems at path /Applications/Unity/Hub/Editor/2021.3.8f1/Unity.app/Contents/Resources/UnitySubsystems
[Subsystems] Discovering subsystems at path /Users/limchuljoon/Desktop/-/unity/Assets
GfxDevice: creating device client; threaded=0; jobified=0
 preferred device: Apple M1 (high power)
Metal devices available: 1
0: Apple M1 (high power)
Using device Apple M1 (high power)
Initializing Metal device caps: Apple M1
Initialize mono
Mono path[0] = '/Applications/Unity/Hub/Editor/2021.3.8f1/Unity.app/Contents/Managed'
Mono path[1] = '/Applications/Unity/Hub/Editor/2021.3.8f1/Unity.app/Contents/MonoBleedingEdge/lib/mono/unityjit-macos'
Mono config path = '/Applications/Unity/Hub/Editor/2021.3.8f1/Unity.app/Contents/MonoBleedingEdge/etc'
Using monoOptions --debugger-agent=transport=dt_socket,embedding=1,server=y,suspend=n,address=127.0.0.1:56315
Begin MonoManager ReloadAssembly
Registering precompiled unity dll's ...
Register platform support module: /Applications/Unity/Hub/Editor/2021.3.8f1/Unity.app/Contents/PlaybackEngines/MacStandaloneSupport/UnityEditor.OSXStandalone.Extensions.dll
Register platform support module: /Applications/Unity/Hub/Editor/2021.3.8f1/PlaybackEngines/AndroidPlayer/UnityEditor.Android.Extensions.dll
Register platform support module: /Applications/Unity/Hub/Editor/2021.3.8f1/PlaybackEngines/iOSSupport/UnityEditor.iOS.Extensions.dll
Registered in 0.000710 seconds.
[usbmuxd] Start listen thread
[usbmuxd] Listen thread started
[usbmuxd] Send listen message
Native extension for iOS target not found
2022-09-02 11:24:49.196 Unity[30315:1472480] [XcodeApplications] Failed to read NSDictionary from path  c/Contents/Info.plist
Native extension for Android target not found
Native extension for OSXStandalone target not found
Refreshing native plugins compatible for Editor in 43.79 ms, found 3 plugins.
Preloading 0 native plugins for Editor in 0.00 ms.
Mono: successfully reloaded assembly
- Completed reload, in  1.365 seconds
Domain Reload Profiling:
	ReloadAssembly (1366ms)
		BeginReloadAssembly (113ms)
			ExecutionOrderSort (0ms)
			DisableScriptedObjects (0ms)
			BackupInstance (0ms)
			ReleaseScriptingObjects (0ms)
			CreateAndSetChildDomain (2ms)
		EndReloadAssembly (1035ms)
			LoadAssemblies (111ms)
			RebuildTransferFunctionScriptingTraits (0ms)
			SetupTypeCache (132ms)
			ReleaseScriptCaches (0ms)
			RebuildScriptCaches (33ms)
			SetupLoadedEditorAssemblies (737ms)
				LogAssemblyErrors (0ms)
				InitializePlatformSupportModulesInManaged (190ms)
				SetLoadedEditorAssemblies (0ms)
				RefreshPlugins (44ms)
				BeforeProcessingInitializeOnLoad (3ms)
				ProcessInitializeOnLoadAttributes (324ms)
				ProcessInitializeOnLoadMethodAttributes (175ms)
				AfterProcessingInitializeOnLoad (0ms)
				EditorAssembliesLoaded (0ms)
			ExecutionOrderSort2 (0ms)
			AwakeInstancesAfterBackupRestoration (0ms)
Platform modules already initialized, skipping
Registering precompiled user dll's ...
Registered in 0.001553 seconds.
Begin MonoManager ReloadAssembly
Native extension for iOS target not found
2022-09-02 11:24:51.381 Unity[30315:1472480] [XcodeApplications] Failed to read NSDictionary from path  c/Contents/Info.plist
Native extension for Android target not found
Native extension for OSXStandalone target not found
Refreshing native plugins compatible for Editor in 44.42 ms, found 3 plugins.
Preloading 0 native plugins for Editor in 0.00 ms.
Mono: successfully reloaded assembly
- Completed reload, in  2.155 seconds
Domain Reload Profiling:
	ReloadAssembly (2157ms)
		BeginReloadAssembly (222ms)
			ExecutionOrderSort (0ms)
			DisableScriptedObjects (35ms)
			BackupInstance (0ms)
			ReleaseScriptingObjects (0ms)
			CreateAndSetChildDomain (29ms)
		EndReloadAssembly (1660ms)
			LoadAssemblies (104ms)
			RebuildTransferFunctionScriptingTraits (0ms)
			SetupTypeCache (244ms)
			ReleaseScriptCaches (1ms)
			RebuildScriptCaches (55ms)
			SetupLoadedEditorAssemblies (1072ms)
				LogAssemblyErrors (0ms)
				InitializePlatformSupportModulesInManaged (61ms)
				SetLoadedEditorAssemblies (1ms)
				RefreshPlugins (44ms)
				BeforeProcessingInitializeOnLoad (106ms)
				ProcessInitializeOnLoadAttributes (729ms)
				ProcessInitializeOnLoadMethodAttributes (131ms)
				AfterProcessingInitializeOnLoad (1ms)
				EditorAssembliesLoaded (0ms)
			ExecutionOrderSort2 (0ms)
			AwakeInstancesAfterBackupRestoration (9ms)
Platform modules already initialized, skipping
========================================================================
Worker process is ready to serve import requests
Launching external process: /Applications/Unity/Hub/Editor/2021.3.8f1/Unity.app/Contents/Tools/UnityShaderCompiler
Launched and connected shader compiler UnityShaderCompiler after 0.06 seconds
Refreshing native plugins compatible for Editor in 0.47 ms, found 3 plugins.
Preloading 0 native plugins for Editor in 0.00 ms.
Unloading 2495 Unused Serialized files (Serialized files now loaded: 0)
Unloading 33 unused Assets / (43.6 KB). Loaded Objects now: 2979.
Memory consumption went from 229.1 MB to 229.0 MB.
Total: 2.835625 ms (FindLiveObjects: 0.130917 ms CreateObjectMapping: 0.050625 ms MarkObjects: 2.563959 ms  DeleteObjects: 0.089000 ms)

AssetImportParameters requested are different than current active one (requested -> active):
  custom:video-decoder-ogg-theora: a1e56fd34408186e4bbccfd4996cb3dc -> 
  custom:container-muxer-webm: aa71ff27fc2769a1b78a27578f13a17b -> 
  custom:container-demuxer-webm: 4f35f7cbe854078d1ac9338744f61a02 -> 
  custom:video-encoder-webm-vp8: eb34c28f22e8b96e1ab97ce403110664 -> 
  custom:framework-osx-AVFoundation: e770b220cccbd017edd2c1fefb359320 -> 
  custom:audio-encoder-webm-vorbis: bf7c407c2cedff20999df2af8eb42d56 -> 
  custom:container-demuxer-ogg: 62fdf1f143b41e24485cea50d1cbac27 -> 
  custom:video-decoder-webm-vp8: 9c59270c3fd7afecdb556c50c9e8de78 -> 
  custom:audio-decoder-ogg-vorbis: bf7c407c2cedff20999df2af8eb42d56 -> 
========================================================================
Received Import Request.
  Time since last request: 255359.039925 seconds.
  path: Assets/Character/attack_b/attack_b_20.png
  artifactKey: Guid(ab4bf5352518e40b2a49f42c79de02a9) Importer(815301076,1909f56bfc062723c751e8b465ee728b)
Start importing Assets/Character/attack_b/attack_b_20.png using Guid(ab4bf5352518e40b2a49f42c79de02a9) Importer(815301076,1909f56bfc062723c751e8b465ee728b)  -> (artifact id: '382b655b734f5e41bee62b072037e4c6') in 0.269660 seconds 
========================================================================
Received Import Request.
  Time since last request: 2.418705 seconds.
  path: Assets/Character/attack_b/attack_b_15.png
  artifactKey: Guid(ae379a25a36c34ab3a9ed9d5788551ef) Importer(815301076,1909f56bfc062723c751e8b465ee728b)
Start importing Assets/Character/attack_b/attack_b_15.png using Guid(ae379a25a36c34ab3a9ed9d5788551ef) Importer(815301076,1909f56bfc062723c751e8b465ee728b)  -> (artifact id: '039594016171c5db1cd499db02b11506') in 0.039601 seconds 
========================================================================
Received Import Request.
  Time since last request: 0.026285 seconds.
  path: Assets/Character/attack_b/attack_b_12.png
  artifactKey: Guid(b3be651910b57429882dc5aa4df40c3c) Importer(815301076,1909f56bfc062723c751e8b465ee728b)
Start importing Assets/Character/attack_b/attack_b_12.png using Guid(b3be651910b57429882dc5aa4df40c3c) Importer(815301076,1909f56bfc062723c751e8b465ee728b)  -> (artifact id: 'a2730d2efa91b670ec95325a51986f9f') in 0.031274 seconds 
========================================================================
Received Import Request.
  Time since last request: 0.045876 seconds.
  path: Assets/Character/attack_b/attack_b_06.png
  artifactKey: Guid(fa05dfb28980f423c980b8918311ccf0) Importer(815301076,1909f56bfc062723c751e8b465ee728b)
Start importing Assets/Character/attack_b/attack_b_06.png using Guid(fa05dfb28980f423c980b8918311ccf0) Importer(815301076,1909f56bfc062723c751e8b465ee728b)  -> (artifact id: '9c594d64ee11d65a1c9feb9fd8fb3f25') in 0.027999 seconds 
========================================================================
Received Import Request.
  Time since last request: 12.826583 seconds.
  path: Assets/Character/attack_a/attack_a_02.png
  artifactKey: Guid(2316c4560a65944f4b0963c6a6eb1a07) Importer(815301076,1909f56bfc062723c751e8b465ee728b)
Start importing Assets/Character/attack_a/attack_a_02.png using Guid(2316c4560a65944f4b0963c6a6eb1a07) Importer(815301076,1909f56bfc062723c751e8b465ee728b)  -> (artifact id: '0a2e4d9c4f8230582e4a473717cbe506') in 0.049637 seconds 
========================================================================
Received Import Request.
  Time since last request: 0.000109 seconds.
  path: Assets/Character/attack_a/attack_a_04.png
  artifactKey: Guid(5bca670c45cb44ea896978fa6d63d2b6) Importer(815301076,1909f56bfc062723c751e8b465ee728b)
Start importing Assets/Character/attack_a/attack_a_04.png using Guid(5bca670c45cb44ea896978fa6d63d2b6) Importer(815301076,1909f56bfc062723c751e8b465ee728b)  -> (artifact id: '8f0186aaa79e4bd65a3a5fd9601e66d8') in 0.031240 seconds 
Editor requested this worker to shutdown with reason: Scaling down because of idle timeout
AssetImportWorker is now disconnected from the server
Process exiting
