Using pre-set license
Built from '2021.3/staging' branch; Version is '2021.3.8f1 (b30333d56e81) revision 11731763'; Using compiler version '192829333'; Build Type 'Release'
OS: 'Windows 10  (10.0.19043) 64bit Professional' Language: 'ko' Physical Memory: 32694 MB
BatchMode: 1, IsHumanControllingUs: 0, StartBugReporterOnCrash: 0, Is64bit: 1, IsPro: 1

COMMAND LINE ARGUMENTS:
E:\tool\unity\version\2021.3.8f1\Editor\Unity.exe
-adb2
-batchMode
-noUpm
-name
AssetImportWorker2
-projectPath
E:/옥탑방/-/unity
-logFile
Logs/AssetImportWorker2.log
-srvPort
53615
Successfully changed project path to: E:/옥탑방/-/unity
E:/옥탑방/-/unity
[UnityMemory] Configuration Parameters - Can be set up in boot.config
    "memorysetup-bucket-allocator-granularity=16"
    "memorysetup-bucket-allocator-bucket-count=8"
    "memorysetup-bucket-allocator-block-size=33554432"
    "memorysetup-bucket-allocator-block-count=8"
    "memorysetup-main-allocator-block-size=16777216"
    "memorysetup-thread-allocator-block-size=16777216"
    "memorysetup-gfx-main-allocator-block-size=16777216"
    "memorysetup-gfx-thread-allocator-block-size=16777216"
    "memorysetup-cache-allocator-block-size=4194304"
    "memorysetup-typetree-allocator-block-size=2097152"
    "memorysetup-profiler-bucket-allocator-granularity=16"
    "memorysetup-profiler-bucket-allocator-bucket-count=8"
    "memorysetup-profiler-bucket-allocator-block-size=33554432"
    "memorysetup-profiler-bucket-allocator-block-count=8"
    "memorysetup-profiler-allocator-block-size=16777216"
    "memorysetup-profiler-editor-allocator-block-size=1048576"
    "memorysetup-temp-allocator-size-main=16777216"
    "memorysetup-job-temp-allocator-block-size=2097152"
    "memorysetup-job-temp-allocator-block-size-background=1048576"
    "memorysetup-job-temp-allocator-reduction-small-platforms=262144"
    "memorysetup-temp-allocator-size-background-worker=32768"
    "memorysetup-temp-allocator-size-job-worker=262144"
    "memorysetup-temp-allocator-size-preload-manager=33554432"
    "memorysetup-temp-allocator-size-nav-mesh-worker=65536"
    "memorysetup-temp-allocator-size-audio-worker=65536"
    "memorysetup-temp-allocator-size-cloud-worker=32768"
    "memorysetup-temp-allocator-size-gi-baking-worker=262144"
    "memorysetup-temp-allocator-size-gfx=262144"
Refreshing native plugins compatible for Editor in 42.85 ms, found 3 plugins.
Preloading 0 native plugins for Editor in 0.00 ms.
Initialize engine version: 2021.3.8f1 (b30333d56e81)
[Subsystems] Discovering subsystems at path E:/tool/unity/version/2021.3.8f1/Editor/Data/Resources/UnitySubsystems
[Subsystems] Discovering subsystems at path E:/옥탑방/-/unity/Assets
GfxDevice: creating device client; threaded=0; jobified=0
Direct3D:
    Version:  Direct3D 11.0 [level 11.1]
    Renderer: NVIDIA GeForce RTX 3070 (ID=0x2488)
    Vendor:   NVIDIA
    VRAM:     8043 MB
    Driver:   31.0.15.1694
Initialize mono
Mono path[0] = 'E:/tool/unity/version/2021.3.8f1/Editor/Data/Managed'
Mono path[1] = 'E:/tool/unity/version/2021.3.8f1/Editor/Data/MonoBleedingEdge/lib/mono/unityjit-win32'
Mono config path = 'E:/tool/unity/version/2021.3.8f1/Editor/Data/MonoBleedingEdge/etc'
Using monoOptions --debugger-agent=transport=dt_socket,embedding=1,server=y,suspend=n,address=127.0.0.1:56080
Begin MonoManager ReloadAssembly
Registering precompiled unity dll's ...
Register platform support module: E:/tool/unity/version/2021.3.8f1/Editor/Data/PlaybackEngines/WindowsStandaloneSupport/UnityEditor.WindowsStandalone.Extensions.dll
Registered in 0.002386 seconds.
Native extension for WindowsStandalone target not found
Refreshing native plugins compatible for Editor in 37.82 ms, found 3 plugins.
Preloading 0 native plugins for Editor in 0.00 ms.
Mono: successfully reloaded assembly
- Completed reload, in  0.442 seconds
Domain Reload Profiling:
	ReloadAssembly (442ms)
		BeginReloadAssembly (76ms)
			ExecutionOrderSort (0ms)
			DisableScriptedObjects (0ms)
			BackupInstance (0ms)
			ReleaseScriptingObjects (0ms)
			CreateAndSetChildDomain (1ms)
		EndReloadAssembly (290ms)
			LoadAssemblies (76ms)
			RebuildTransferFunctionScriptingTraits (0ms)
			SetupTypeCache (69ms)
			ReleaseScriptCaches (0ms)
			RebuildScriptCaches (19ms)
			SetupLoadedEditorAssemblies (168ms)
				LogAssemblyErrors (0ms)
				InitializePlatformSupportModulesInManaged (5ms)
				SetLoadedEditorAssemblies (0ms)
				RefreshPlugins (38ms)
				BeforeProcessingInitializeOnLoad (1ms)
				ProcessInitializeOnLoadAttributes (92ms)
				ProcessInitializeOnLoadMethodAttributes (32ms)
				AfterProcessingInitializeOnLoad (0ms)
				EditorAssembliesLoaded (0ms)
			ExecutionOrderSort2 (0ms)
			AwakeInstancesAfterBackupRestoration (0ms)
Platform modules already initialized, skipping
Registering precompiled user dll's ...
Registered in 0.003954 seconds.
Begin MonoManager ReloadAssembly
Native extension for WindowsStandalone target not found
Refreshing native plugins compatible for Editor in 38.29 ms, found 3 plugins.
Preloading 0 native plugins for Editor in 0.00 ms.
Mono: successfully reloaded assembly
- Completed reload, in  0.732 seconds
Domain Reload Profiling:
	ReloadAssembly (732ms)
		BeginReloadAssembly (93ms)
			ExecutionOrderSort (0ms)
			DisableScriptedObjects (4ms)
			BackupInstance (0ms)
			ReleaseScriptingObjects (0ms)
			CreateAndSetChildDomain (16ms)
		EndReloadAssembly (561ms)
			LoadAssemblies (77ms)
			RebuildTransferFunctionScriptingTraits (0ms)
			SetupTypeCache (144ms)
			ReleaseScriptCaches (0ms)
			RebuildScriptCaches (38ms)
			SetupLoadedEditorAssemblies (287ms)
				LogAssemblyErrors (0ms)
				InitializePlatformSupportModulesInManaged (2ms)
				SetLoadedEditorAssemblies (0ms)
				RefreshPlugins (38ms)
				BeforeProcessingInitializeOnLoad (53ms)
				ProcessInitializeOnLoadAttributes (155ms)
				ProcessInitializeOnLoadMethodAttributes (36ms)
				AfterProcessingInitializeOnLoad (2ms)
				EditorAssembliesLoaded (0ms)
			ExecutionOrderSort2 (0ms)
			AwakeInstancesAfterBackupRestoration (3ms)
Platform modules already initialized, skipping
========================================================================
Worker process is ready to serve import requests
Failed to load shader (instanceID 408, GUID e4e5d566a8aa9914c906555a6857fcb9)
Launched and connected shader compiler UnityShaderCompiler.exe after 0.03 seconds
Refreshing native plugins compatible for Editor in 0.78 ms, found 3 plugins.
Preloading 0 native plugins for Editor in 0.00 ms.
Unloading 2779 Unused Serialized files (Serialized files now loaded: 0)
Unloading 48 unused Assets / (1.4 MB). Loaded Objects now: 3249.
Memory consumption went from 142.2 MB to 140.7 MB.
Total: 3.644400 ms (FindLiveObjects: 0.198300 ms CreateObjectMapping: 0.104500 ms MarkObjects: 2.730800 ms  DeleteObjects: 0.610100 ms)

AssetImportParameters requested are different than current active one (requested -> active):
  custom:video-decoder-ogg-theora: a1e56fd34408186e4bbccfd4996cb3dc -> 
  custom:container-muxer-webm: aa71ff27fc2769a1b78a27578f13a17b -> 
  custom:container-demuxer-webm: 4f35f7cbe854078d1ac9338744f61a02 -> 
  custom:video-encoder-webm-vp8: eb34c28f22e8b96e1ab97ce403110664 -> 
  custom:video-codec-MediaFoundation-h265: e54d7ab0439102e2317fc1e4b246158d -> 
  custom:audio-encoder-webm-vorbis: bf7c407c2cedff20999df2af8eb42d56 -> 
  custom:framework-win-MediaFoundation: 216162199b28c13a410421893ffa2e32 -> 
  custom:container-demuxer-ogg: 62fdf1f143b41e24485cea50d1cbac27 -> 
  custom:video-decoder-webm-vp8: 9c59270c3fd7afecdb556c50c9e8de78 -> 
  custom:audio-decoder-ogg-vorbis: bf7c407c2cedff20999df2af8eb42d56 -> 
========================================================================
Received Import Request.
  Time since last request: 1645989.888797 seconds.
  path: Assets/Materials/stage1-0.mat
  artifactKey: Guid(2a651c05d34faf14b94fa1a66acae807) Importer(815301076,1909f56bfc062723c751e8b465ee728b)
Start importing Assets/Materials/stage1-0.mat using Guid(2a651c05d34faf14b94fa1a66acae807) Importer(815301076,1909f56bfc062723c751e8b465ee728b)  -> (artifact id: '7ec23f4a108ead19ac00c97bb69af262') in 0.153639 seconds 
========================================================================
Received Import Request.
  Time since last request: 13.938383 seconds.
  path: Assets/Prefabs/player.prefab
  artifactKey: Guid(18bba852f5671eb469e225d18def9348) Importer(815301076,1909f56bfc062723c751e8b465ee728b)
Start importing Assets/Prefabs/player.prefab using Guid(18bba852f5671eb469e225d18def9348) Importer(815301076,1909f56bfc062723c751e8b465ee728b)  -> (artifact id: '382588e771f5c81f2e2c9362860a483a') in 0.055117 seconds 
========================================================================
Received Import Request.
  Time since last request: 6.338626 seconds.
  path: Assets/Editor/SpineSettings.asset
  artifactKey: Guid(d1423003b89ef0c40bfe8b3841b1f4ea) Importer(815301076,1909f56bfc062723c751e8b465ee728b)
Start importing Assets/Editor/SpineSettings.asset using Guid(d1423003b89ef0c40bfe8b3841b1f4ea) Importer(815301076,1909f56bfc062723c751e8b465ee728b)  -> (artifact id: 'e594b325044bbb5aee25bd6a9cbc8065') in 0.006524 seconds 
========================================================================
Received Import Request.
  Time since last request: 3.037322 seconds.
  path: Assets/Spine/Editor/spine-unity-editor.asmdef
  artifactKey: Guid(173464ddf4cdb6640a4dfa8a9281ad69) Importer(815301076,1909f56bfc062723c751e8b465ee728b)
Start importing Assets/Spine/Editor/spine-unity-editor.asmdef using Guid(173464ddf4cdb6640a4dfa8a9281ad69) Importer(815301076,1909f56bfc062723c751e8b465ee728b)  -> (artifact id: '6c69662af4c1a6d3781bc47fbe434d8c') in 0.005617 seconds 
========================================================================
Received Import Request.
  Time since last request: 0.438325 seconds.
  path: Assets/Spine/Runtime/spine-unity.asmdef
  artifactKey: Guid(68765d262e2128e4ab49c983f3411946) Importer(815301076,1909f56bfc062723c751e8b465ee728b)
Start importing Assets/Spine/Runtime/spine-unity.asmdef using Guid(68765d262e2128e4ab49c983f3411946) Importer(815301076,1909f56bfc062723c751e8b465ee728b)  -> (artifact id: '7dc5ecf09ab92174d807028f954295a2') in 0.004594 seconds 
========================================================================
Received Import Request.
  Time since last request: 0.276466 seconds.
  path: Assets/Spine Examples/spine-unity-examples.asmdef
  artifactKey: Guid(8f5163e4753269348a069fd2fedcba29) Importer(815301076,1909f56bfc062723c751e8b465ee728b)
Start importing Assets/Spine Examples/spine-unity-examples.asmdef using Guid(8f5163e4753269348a069fd2fedcba29) Importer(815301076,1909f56bfc062723c751e8b465ee728b)  -> (artifact id: 'cded488e37951981f8a2143c5bf5fdda') in 0.004370 seconds 
========================================================================
Received Import Request.
  Time since last request: 0.902985 seconds.
  path: Assets/spine_ani/Hero/char_end1.png
  artifactKey: Guid(4e1519400cf74964fb8f08e194b7d2ef) Importer(815301076,1909f56bfc062723c751e8b465ee728b)
Start importing Assets/spine_ani/Hero/char_end1.png using Guid(4e1519400cf74964fb8f08e194b7d2ef) Importer(815301076,1909f56bfc062723c751e8b465ee728b)  -> (artifact id: 'd095d44fd3193ff6904d3962ce709d0b') in 0.039450 seconds 
========================================================================
Received Import Request.
  Time since last request: 2.659960 seconds.
  path: Assets/Stage1/OBJ/Stage1.obj
  artifactKey: Guid(a02ef8777120ee844a0a9683496c9c0d) Importer(815301076,1909f56bfc062723c751e8b465ee728b)
Start importing Assets/Stage1/OBJ/Stage1.obj using Guid(a02ef8777120ee844a0a9683496c9c0d) Importer(815301076,1909f56bfc062723c751e8b465ee728b)  -> (artifact id: '2b64cde62b81f22e388bdadf9a5baf8d') in 0.089074 seconds 
========================================================================
Received Import Request.
  Time since last request: 10.227253 seconds.
  path: Assets/Stage1/IMG/Materials/Stage1.mat
  artifactKey: Guid(90748bfd78f940143b7ef044506b05a1) Importer(815301076,1909f56bfc062723c751e8b465ee728b)
Start importing Assets/Stage1/IMG/Materials/Stage1.mat using Guid(90748bfd78f940143b7ef044506b05a1) Importer(815301076,1909f56bfc062723c751e8b465ee728b)  -> (artifact id: '32450d035eb8e529a5b4486c7b35bc30') in 0.010692 seconds 
========================================================================
Received Import Request.
  Time since last request: 13.347361 seconds.
  path: Assets/Stage1/IMG/Stage1.png
  artifactKey: Guid(a4629d0bc9cf5cd4dae978c7730934b4) Importer(815301076,1909f56bfc062723c751e8b465ee728b)
Start importing Assets/Stage1/IMG/Stage1.png using Guid(a4629d0bc9cf5cd4dae978c7730934b4) Importer(815301076,1909f56bfc062723c751e8b465ee728b)  -> (artifact id: 'aceac58a47f2a350fb40b5f60d5428ad') in 0.008140 seconds 
========================================================================
Received Import Request.
  Time since last request: 4.808176 seconds.
  path: Assets/Stage1/OBJ/Pillar.fbx
  artifactKey: Guid(379e7d2fb75c08348917aaa3ab37c754) Importer(815301076,1909f56bfc062723c751e8b465ee728b)
Start importing Assets/Stage1/OBJ/Pillar.fbx using Guid(379e7d2fb75c08348917aaa3ab37c754) Importer(815301076,1909f56bfc062723c751e8b465ee728b)  -> (artifact id: '1777cfd54fc153e1f9eb1da73b7b0155') in 0.025604 seconds 
